---------------------------------------------------------------
[ 2019-05-11T10:25:58+08:00 ] 127.0.0.1 GET www.offer.com/
[运行时间：0.068883s] [吞吐率：14.52req/s] [内存消耗：1,734.10kb] [文件加载：72]
[ info ] [ LANG ] G:\PHPTutorial\WWW\fh_offer\thinkphp\lang\zh-cn.php
[ info ] [ ROUTE ] array (
)
[ info ] [ HEADER ] array (
  'cookie' => 'pgv_pvi=941304832',
  'accept-language' => 'zh-CN,zh;q=0.9',
  'accept-encoding' => 'gzip, deflate',
  'accept' => 'text/html,application/xhtml+xml,application/xml;q=0.9,image/webp,image/apng,*/*;q=0.8,application/signed-exchange;v=b3',
  'user-agent' => 'Mozilla/5.0 (Windows NT 10.0; Win64; x64) AppleWebKit/537.36 (KHTML, like Gecko) Chrome/73.0.3683.103 Safari/537.36',
  'upgrade-insecure-requests' => '1',
  'connection' => 'close',
  'host' => 'www.offer.com',
)
[ info ] [ PARAM ] array (
)
---------------------------------------------------------------
[ 2019-05-11T10:25:58+08:00 ] 127.0.0.1 GET www.offer.com/admin/login/index.html
[运行时间：0.096708s] [吞吐率：10.34req/s] [内存消耗：1,729.98kb] [文件加载：68]
[ info ] [ LANG ] G:\PHPTutorial\WWW\fh_offer\thinkphp\lang\zh-cn.php
[ info ] [ ROUTE ] array (
)
[ info ] [ HEADER ] array (
  'cookie' => 'pgv_pvi=941304832; PHPSESSID=nq1dbhdu652oo97mn227q4dlg0',
  'accept-language' => 'zh-CN,zh;q=0.9',
  'accept-encoding' => 'gzip, deflate',
  'accept' => 'text/html,application/xhtml+xml,application/xml;q=0.9,image/webp,image/apng,*/*;q=0.8,application/signed-exchange;v=b3',
  'user-agent' => 'Mozilla/5.0 (Windows NT 10.0; Win64; x64) AppleWebKit/537.36 (KHTML, like Gecko) Chrome/73.0.3683.103 Safari/537.36',
  'upgrade-insecure-requests' => '1',
  'connection' => 'close',
  'host' => 'www.offer.com',
)
[ info ] [ PARAM ] array (
)
[ info ] [ VIEW ] G:\PHPTutorial\WWW\fh_offer\application\admin\view\login\index.html [ array (
) ]
---------------------------------------------------------------
[ 2019-05-11T10:25:58+08:00 ] 127.0.0.1 GET www.offer.com/static/admin/images/logo.ico
[运行时间：0.052001s] [吞吐率：19.23req/s] [内存消耗：992.95kb] [文件加载：47]
[ info ] [ LANG ] G:\PHPTutorial\WWW\fh_offer\thinkphp\lang\zh-cn.php
---------------------------------------------------------------
[ 2019-05-11T10:26:00+08:00 ] 127.0.0.1 POST www.offer.com/admin/login/index.html
[运行时间：1.308394s] [吞吐率：0.76req/s] [内存消耗：2,480.04kb] [文件加载：74]
[ info ] [ LANG ] G:\PHPTutorial\WWW\fh_offer\thinkphp\lang\zh-cn.php
[ info ] [ ROUTE ] array (
)
[ info ] [ HEADER ] array (
  'cookie' => 'pgv_pvi=941304832; PHPSESSID=nq1dbhdu652oo97mn227q4dlg0',
  'accept-language' => 'zh-CN,zh;q=0.9',
  'accept-encoding' => 'gzip, deflate',
  'referer' => 'http://www.offer.com/admin/login/index.html',
  'accept' => 'text/html,application/xhtml+xml,application/xml;q=0.9,image/webp,image/apng,*/*;q=0.8,application/signed-exchange;v=b3',
  'user-agent' => 'Mozilla/5.0 (Windows NT 10.0; Win64; x64) AppleWebKit/537.36 (KHTML, like Gecko) Chrome/73.0.3683.103 Safari/537.36',
  'content-type' => 'application/x-www-form-urlencoded',
  'upgrade-insecure-requests' => '1',
  'origin' => 'http://www.offer.com',
  'cache-control' => 'max-age=0',
  'content-length' => '31',
  'connection' => 'close',
  'host' => 'www.offer.com',
)
[ info ] [ PARAM ] array (
  'username' => 'fkd',
  'password' => '123456789',
)
[ info ] [ DB ] INIT mysql
[ sql ] [ DB ] CONNECT:[ UseTime:1.026528s ] mysql:host=localhost;dbname=dboffer;charset=utf8
[ sql ] [ SQL ] SHOW COLUMNS FROM `fdz_admin` [ RunTime:0.037646s ]
[ sql ] [ SQL ] SELECT * FROM `fdz_admin` WHERE  `username` = 'fkd' LIMIT 1 [ RunTime:0.000520s ]
[ sql ] [ SQL ] SHOW COLUMNS FROM `fdz_admin_operation` [ RunTime:0.042925s ]
[ sql ] [ SQL ] INSERT INTO `fdz_admin_operation` (`aid` , `sid` , `rid` , `operation_type` , `operation_time` , `operation`) VALUES (1 , 0 , 1 , 1 , '1557541560' , '登录操作') [ RunTime:0.005319s ]
[ sql ] [ SQL ] UPDATE `fdz_admin`  SET `last_login_time` = 1557541560 , `last_login_address` = '广东省广州市' , `login_ip` = '127.0.0.1'  WHERE  `userid` = 1 [ RunTime:0.001973s ]
---------------------------------------------------------------
[ 2019-05-11T10:26:01+08:00 ] 127.0.0.1 GET www.offer.com/admin/index/index.html
[运行时间：1.130574s] [吞吐率：0.88req/s] [内存消耗：2,654.82kb] [文件加载：80]
[ info ] [ LANG ] G:\PHPTutorial\WWW\fh_offer\thinkphp\lang\zh-cn.php
[ info ] [ ROUTE ] array (
)
[ info ] [ HEADER ] array (
  'cookie' => 'pgv_pvi=941304832; PHPSESSID=nq1dbhdu652oo97mn227q4dlg0',
  'accept-language' => 'zh-CN,zh;q=0.9',
  'accept-encoding' => 'gzip, deflate',
  'referer' => 'http://www.offer.com/admin/login/index.html',
  'accept' => 'text/html,application/xhtml+xml,application/xml;q=0.9,image/webp,image/apng,*/*;q=0.8,application/signed-exchange;v=b3',
  'user-agent' => 'Mozilla/5.0 (Windows NT 10.0; Win64; x64) AppleWebKit/537.36 (KHTML, like Gecko) Chrome/73.0.3683.103 Safari/537.36',
  'upgrade-insecure-requests' => '1',
  'cache-control' => 'max-age=0',
  'connection' => 'close',
  'host' => 'www.offer.com',
)
[ info ] [ PARAM ] array (
)
[ info ] [ DB ] INIT mysql
[ info ] [ VIEW ] G:\PHPTutorial\WWW\fh_offer\application\admin\view\index\index.html [ array (
  0 => 'Config',
  1 => 'userInfo',
  2 => 'SUBMENU_CONFIG',
) ]
[ sql ] [ DB ] CONNECT:[ UseTime:1.024262s ] mysql:host=localhost;dbname=dboffer;charset=utf8
[ sql ] [ SQL ] SHOW COLUMNS FROM `fdz_admin` [ RunTime:0.006454s ]
[ sql ] [ SQL ] SELECT * FROM `fdz_admin` WHERE  `userid` = 1 LIMIT 1 [ RunTime:0.000449s ]
[ sql ] [ SQL ] SELECT * FROM `fdz_admin` WHERE  `userid` = 1 LIMIT 1 [ RunTime:0.000418s ]
[ sql ] [ SQL ] SHOW COLUMNS FROM `fdz_menu` [ RunTime:0.038233s ]
[ sql ] [ SQL ] SELECT * FROM `fdz_menu` WHERE  `parentid` = 0  AND `status` = 1 ORDER BY `listorder` ASC,`id` ASC [ RunTime:0.002338s ]
[ sql ] [ SQL ] SELECT * FROM `fdz_menu` WHERE  `parentid` = 3  AND `status` = 1 ORDER BY `listorder` ASC,`id` ASC [ RunTime:0.000599s ]
[ sql ] [ SQL ] SELECT * FROM `fdz_menu` WHERE  `parentid` = 10  AND `status` = 1 ORDER BY `listorder` ASC,`id` ASC [ RunTime:0.000423s ]
[ sql ] [ SQL ] SELECT * FROM `fdz_menu` WHERE  `parentid` = 14  AND `status` = 1 ORDER BY `listorder` ASC,`id` ASC [ RunTime:0.000392s ]
[ sql ] [ SQL ] SELECT * FROM `fdz_menu` WHERE  `parentid` = 15  AND `status` = 1 ORDER BY `listorder` ASC,`id` ASC [ RunTime:0.000426s ]
[ sql ] [ SQL ] SELECT * FROM `fdz_menu` WHERE  `parentid` = 16  AND `status` = 1 ORDER BY `listorder` ASC,`id` ASC [ RunTime:0.000413s ]
[ sql ] [ SQL ] SELECT * FROM `fdz_menu` WHERE  `parentid` = 17  AND `status` = 1 ORDER BY `listorder` ASC,`id` ASC [ RunTime:0.000422s ]
[ sql ] [ SQL ] SELECT * FROM `fdz_menu` WHERE  `parentid` = 228  AND `status` = 1 ORDER BY `listorder` ASC,`id` ASC [ RunTime:0.000422s ]
[ sql ] [ SQL ] SELECT * FROM `fdz_menu` WHERE  `parentid` = 229  AND `status` = 1 ORDER BY `listorder` ASC,`id` ASC [ RunTime:0.000467s ]
[ sql ] [ SQL ] SELECT * FROM `fdz_menu` WHERE  `parentid` = 249  AND `status` = 1 ORDER BY `listorder` ASC,`id` ASC [ RunTime:0.000407s ]
[ sql ] [ SQL ] SELECT * FROM `fdz_menu` WHERE  `parentid` = 231  AND `status` = 1 ORDER BY `listorder` ASC,`id` ASC [ RunTime:0.000434s ]
[ sql ] [ SQL ] SELECT * FROM `fdz_menu` WHERE  `parentid` = 235  AND `status` = 1 ORDER BY `listorder` ASC,`id` ASC [ RunTime:0.000351s ]
[ sql ] [ SQL ] SELECT * FROM `fdz_menu` WHERE  `parentid` = 256  AND `status` = 1 ORDER BY `listorder` ASC,`id` ASC [ RunTime:0.000386s ]
[ sql ] [ SQL ] SELECT * FROM `fdz_menu` WHERE  `parentid` = 262  AND `status` = 1 ORDER BY `listorder` ASC,`id` ASC [ RunTime:0.000365s ]
[ sql ] [ SQL ] SELECT * FROM `fdz_menu` WHERE  `parentid` = 263  AND `status` = 1 ORDER BY `listorder` ASC,`id` ASC [ RunTime:0.000317s ]
[ sql ] [ SQL ] SELECT * FROM `fdz_menu` WHERE  `parentid` = 264  AND `status` = 1 ORDER BY `listorder` ASC,`id` ASC [ RunTime:0.000312s ]
[ sql ] [ SQL ] SELECT * FROM `fdz_menu` WHERE  `parentid` = 269  AND `status` = 1 ORDER BY `listorder` ASC,`id` ASC [ RunTime:0.000398s ]
[ sql ] [ SQL ] SELECT * FROM `fdz_menu` WHERE  `parentid` = 267  AND `status` = 1 ORDER BY `listorder` ASC,`id` ASC [ RunTime:0.000366s ]
[ sql ] [ SQL ] SELECT * FROM `fdz_menu` WHERE  `parentid` = 268  AND `status` = 1 ORDER BY `listorder` ASC,`id` ASC [ RunTime:0.000454s ]
[ sql ] [ SQL ] SELECT * FROM `fdz_menu` WHERE  `parentid` = 270  AND `status` = 1 ORDER BY `listorder` ASC,`id` ASC [ RunTime:0.000318s ]
[ sql ] [ SQL ] SELECT * FROM `fdz_menu` WHERE  `parentid` = 271  AND `status` = 1 ORDER BY `listorder` ASC,`id` ASC [ RunTime:0.000346s ]
[ sql ] [ SQL ] SELECT * FROM `fdz_menu` WHERE  `parentid` = 272  AND `status` = 1 ORDER BY `listorder` ASC,`id` ASC [ RunTime:0.000313s ]
---------------------------------------------------------------
[ 2019-05-11T10:26:03+08:00 ] 127.0.0.1 GET www.offer.com/admin/main/index.html
[运行时间：1.257841s] [吞吐率：0.80req/s] [内存消耗：2,604.45kb] [文件加载：78]
[ info ] [ LANG ] G:\PHPTutorial\WWW\fh_offer\thinkphp\lang\zh-cn.php
[ info ] [ ROUTE ] array (
)
[ info ] [ HEADER ] array (
  'cookie' => 'pgv_pvi=941304832; PHPSESSID=nq1dbhdu652oo97mn227q4dlg0',
  'accept-language' => 'zh-CN,zh;q=0.9',
  'accept-encoding' => 'gzip, deflate',
  'referer' => 'http://www.offer.com/admin/index/index.html',
  'accept' => 'text/html,application/xhtml+xml,application/xml;q=0.9,image/webp,image/apng,*/*;q=0.8,application/signed-exchange;v=b3',
  'user-agent' => 'Mozilla/5.0 (Windows NT 10.0; Win64; x64) AppleWebKit/537.36 (KHTML, like Gecko) Chrome/73.0.3683.103 Safari/537.36',
  'upgrade-insecure-requests' => '1',
  'connection' => 'close',
  'host' => 'www.offer.com',
)
[ info ] [ PARAM ] array (
)
[ info ] [ DB ] INIT mysql
[ info ] [ VIEW ] G:\PHPTutorial\WWW\fh_offer\application\admin\view\main\index.html [ array (
  0 => 'Config',
  1 => 'countuser',
  2 => 'countdrive',
  3 => 'py',
  4 => 're',
  5 => 'rerole',
  6 => 'gonggao',
  7 => 'userInfo',
  8 => 'sys_info',
  9 => 'countall',
  10 => 'session_info',
) ]
[ sql ] [ DB ] CONNECT:[ UseTime:1.012856s ] mysql:host=localhost;dbname=dboffer;charset=utf8
[ sql ] [ SQL ] SHOW COLUMNS FROM `fdz_admin` [ RunTime:0.007171s ]
[ sql ] [ SQL ] SELECT * FROM `fdz_admin` WHERE  `userid` = 1 LIMIT 1 [ RunTime:0.000444s ]
[ sql ] [ SQL ] SELECT * FROM `fdz_admin` WHERE  `userid` = 1 LIMIT 1 [ RunTime:0.000420s ]
[ sql ] [ SQL ] SELECT * FROM `fdz_admin` WHERE  `userid` = 1 LIMIT 1 [ RunTime:0.000404s ]
[ sql ] [ SQL ] SHOW COLUMNS FROM `fdz_frame` [ RunTime:0.032362s ]
[ sql ] [ SQL ] SELECT * FROM `fdz_frame` WHERE  `id` = 1 LIMIT 1 [ RunTime:0.000429s ]
[ sql ] [ SQL ] SHOW COLUMNS FROM `fdz_auth_group` [ RunTime:0.007329s ]
[ sql ] [ SQL ] SELECT `title`,`description` FROM `fdz_auth_group` WHERE  `id` = 1 LIMIT 1 [ RunTime:0.000493s ]
[ sql ] [ SQL ] SHOW COLUMNS FROM `fdz_shop` [ RunTime:0.045425s ]
[ sql ] [ SQL ] SELECT `name`,`money`,`phone` FROM `fdz_shop` LIMIT 1 [ RunTime:0.000404s ]
[ sql ] [ SQL ] SHOW COLUMNS FROM `fdz_notice_list` [ RunTime:0.016440s ]
[ sql ] [ SQL ] SELECT * FROM `fdz_notice_list` ORDER BY `time` DESC LIMIT 1 [ RunTime:0.000440s ]
[ sql ] [ SQL ] SHOW COLUMNS FROM `fdz_userinfo` [ RunTime:0.008274s ]
[ sql ] [ SQL ] SELECT * FROM `fdz_userinfo` [ RunTime:0.000434s ]
[ sql ] [ SQL ] SHOW COLUMNS FROM `fdz_driver` [ RunTime:0.060326s ]
[ sql ] [ SQL ] SELECT * FROM `fdz_driver` [ RunTime:0.002003s ]
[ sql ] [ SQL ] SELECT VERSION() as version [ RunTime:0.000906s ]
[ sql ] [ SQL ] SELECT * FROM `fdz_driver` [ RunTime:0.000930s ]
---------------------------------------------------------------
[ 2019-05-11T10:26:06+08:00 ] 127.0.0.1 GET www.offer.com/admin/offerquota/index/menuid/268.html
[运行时间：1.263455s] [吞吐率：0.79req/s] [内存消耗：2,655.17kb] [文件加载：80]
[ info ] [ LANG ] G:\PHPTutorial\WWW\fh_offer\thinkphp\lang\zh-cn.php
[ info ] [ ROUTE ] array (
)
[ info ] [ HEADER ] array (
  'cookie' => 'pgv_pvi=941304832; PHPSESSID=nq1dbhdu652oo97mn227q4dlg0',
  'accept-language' => 'zh-CN,zh;q=0.9',
  'accept-encoding' => 'gzip, deflate',
  'referer' => 'http://www.offer.com/admin/index/index.html',
  'accept' => 'text/html,application/xhtml+xml,application/xml;q=0.9,image/webp,image/apng,*/*;q=0.8,application/signed-exchange;v=b3',
  'user-agent' => 'Mozilla/5.0 (Windows NT 10.0; Win64; x64) AppleWebKit/537.36 (KHTML, like Gecko) Chrome/73.0.3683.103 Safari/537.36',
  'upgrade-insecure-requests' => '1',
  'connection' => 'close',
  'host' => 'www.offer.com',
)
[ info ] [ PARAM ] array (
  'menuid' => '268',
)
[ info ] [ DB ] INIT mysql
[ info ] [ VIEW ] G:\PHPTutorial\WWW\fh_offer\application\admin\view\offerquota\index.html [ array (
  0 => 'Config',
  1 => 'data',
) ]
[ sql ] [ DB ] CONNECT:[ UseTime:1.021571s ] mysql:host=localhost;dbname=dboffer;charset=utf8
[ sql ] [ SQL ] SHOW COLUMNS FROM `fdz_admin` [ RunTime:0.006268s ]
[ sql ] [ SQL ] SELECT * FROM `fdz_admin` WHERE  `userid` = 1 LIMIT 1 [ RunTime:0.000414s ]
[ sql ] [ SQL ] SELECT * FROM `fdz_admin` WHERE  `userid` = 1 LIMIT 1 [ RunTime:0.000353s ]
[ sql ] [ SQL ] SHOW COLUMNS FROM `fdz_offerquota` [ RunTime:0.048583s ]
[ sql ] [ SQL ] SELECT COUNT(*) AS tp_count FROM `fdz_offerquota` WHERE  `userid` = 1 LIMIT 1 [ RunTime:0.006802s ]
[ sql ] [ SQL ] SELECT * FROM `fdz_offerquota` WHERE  `userid` = 1 LIMIT 0,20 [ RunTime:0.001702s ]
[ sql ] [ SQL ] SHOW COLUMNS FROM `fdz_offer_type` [ RunTime:0.076712s ]
[ sql ] [ SQL ] SELECT * FROM `fdz_offer_type` WHERE  `id` = 2 LIMIT 1 [ RunTime:0.001660s ]
[ sql ] [ SQL ] SELECT * FROM `fdz_offer_type` WHERE  `id` = 5 LIMIT 1 [ RunTime:0.001530s ]
[ sql ] [ SQL ] SELECT * FROM `fdz_offer_type` WHERE  `id` = 3 LIMIT 1 [ RunTime:0.001460s ]
[ sql ] [ SQL ] SELECT * FROM `fdz_offer_type` WHERE  `id` = 4 LIMIT 1 [ RunTime:0.001545s ]
[ sql ] [ SQL ] SELECT * FROM `fdz_offer_type` WHERE  `id` = 1 LIMIT 1 [ RunTime:0.001500s ]
---------------------------------------------------------------
[ 2019-05-11T10:26:12+08:00 ] 127.0.0.1 POST www.offer.com/admin/offerquota/singlefield_edit.html
[运行时间：1.091699s] [吞吐率：0.92req/s] [内存消耗：2,427.23kb] [文件加载：73]
[ info ] [ LANG ] G:\PHPTutorial\WWW\fh_offer\thinkphp\lang\zh-cn.php
[ info ] [ ROUTE ] array (
)
[ info ] [ HEADER ] array (
  'cookie' => 'pgv_pvi=941304832; PHPSESSID=nq1dbhdu652oo97mn227q4dlg0',
  'accept-language' => 'zh-CN,zh;q=0.9',
  'accept-encoding' => 'gzip, deflate',
  'referer' => 'http://www.offer.com/admin/offerquota/index/menuid/268.html',
  'content-type' => 'application/x-www-form-urlencoded; charset=UTF-8',
  'user-agent' => 'Mozilla/5.0 (Windows NT 10.0; Win64; x64) AppleWebKit/537.36 (KHTML, like Gecko) Chrome/73.0.3683.103 Safari/537.36',
  'x-requested-with' => 'XMLHttpRequest',
  'origin' => 'http://www.offer.com',
  'accept' => 'application/json, text/javascript, */*; q=0.01',
  'content-length' => '35',
  'connection' => 'close',
  'host' => 'www.offer.com',
)
[ info ] [ PARAM ] array (
  'id' => '1',
  'field' => 'craft_show',
  'value' => '6668+',
)
[ info ] [ DB ] INIT mysql
[ sql ] [ DB ] CONNECT:[ UseTime:1.037442s ] mysql:host=localhost;dbname=dboffer;charset=utf8
[ sql ] [ SQL ] SHOW COLUMNS FROM `fdz_admin` [ RunTime:0.010322s ]
[ sql ] [ SQL ] SELECT * FROM `fdz_admin` WHERE  `userid` = 1 LIMIT 1 [ RunTime:0.000436s ]
[ sql ] [ SQL ] SELECT * FROM `fdz_admin` WHERE  `userid` = 1 LIMIT 1 [ RunTime:0.000411s ]
[ sql ] [ SQL ] SHOW COLUMNS FROM `fdz_offerquota` [ RunTime:0.006273s ]
[ sql ] [ SQL ] UPDATE `fdz_offerquota`  SET `craft_show` = '6668+'  WHERE  `id` = 1 [ RunTime:0.000433s ]
---------------------------------------------------------------
[ 2019-05-11T10:33:39+08:00 ] 127.0.0.1 GET www.offer.com/admin/artificial/index/menuid/270.html
[运行时间：1.147850s] [吞吐率：0.87req/s] [内存消耗：2,629.76kb] [文件加载：80]
[ info ] [ LANG ] G:\PHPTutorial\WWW\fh_offer\thinkphp\lang\zh-cn.php
[ info ] [ ROUTE ] array (
)
[ info ] [ HEADER ] array (
  'cookie' => 'pgv_pvi=941304832; PHPSESSID=nq1dbhdu652oo97mn227q4dlg0',
  'accept-language' => 'zh-CN,zh;q=0.9',
  'accept-encoding' => 'gzip, deflate',
  'referer' => 'http://www.offer.com/admin/index/index.html',
  'accept' => 'text/html,application/xhtml+xml,application/xml;q=0.9,image/webp,image/apng,*/*;q=0.8,application/signed-exchange;v=b3',
  'user-agent' => 'Mozilla/5.0 (Windows NT 10.0; Win64; x64) AppleWebKit/537.36 (KHTML, like Gecko) Chrome/73.0.3683.103 Safari/537.36',
  'upgrade-insecure-requests' => '1',
  'connection' => 'close',
  'host' => 'www.offer.com',
)
[ info ] [ PARAM ] array (
  'menuid' => '270',
)
[ info ] [ DB ] INIT mysql
[ info ] [ VIEW ] G:\PHPTutorial\WWW\fh_offer\application\admin\view\artificial\index.html [ array (
  0 => 'Config',
  1 => 'data',
) ]
[ sql ] [ DB ] CONNECT:[ UseTime:1.026026s ] mysql:host=localhost;dbname=dboffer;charset=utf8
[ sql ] [ SQL ] SHOW COLUMNS FROM `fdz_admin` [ RunTime:0.006856s ]
[ sql ] [ SQL ] SELECT * FROM `fdz_admin` WHERE  `userid` = 1 LIMIT 1 [ RunTime:0.000458s ]
[ sql ] [ SQL ] SELECT * FROM `fdz_admin` WHERE  `userid` = 1 LIMIT 1 [ RunTime:0.000399s ]
[ sql ] [ SQL ] SHOW COLUMNS FROM `fdz_artificial` [ RunTime:0.038170s ]
[ sql ] [ SQL ] SELECT COUNT(*) AS tp_count FROM `fdz_artificial` LIMIT 1 [ RunTime:0.000382s ]
[ sql ] [ SQL ] SELECT * FROM `fdz_artificial` LIMIT 0,20 [ RunTime:0.000486s ]
---------------------------------------------------------------
[ 2019-05-11T10:33:40+08:00 ] 127.0.0.1 GET www.offer.com/admin/sadasdasd/index/menuid/272.html
[运行时间：0.046790s] [吞吐率：21.37req/s] [内存消耗：1,370.32kb] [文件加载：59]
[ info ] [ LANG ] G:\PHPTutorial\WWW\fh_offer\thinkphp\lang\zh-cn.php
[ info ] [ ROUTE ] array (
)
[ info ] [ HEADER ] array (
  'cookie' => 'pgv_pvi=941304832; PHPSESSID=nq1dbhdu652oo97mn227q4dlg0',
  'accept-language' => 'zh-CN,zh;q=0.9',
  'accept-encoding' => 'gzip, deflate',
  'referer' => 'http://www.offer.com/admin/index/index.html',
  'accept' => 'text/html,application/xhtml+xml,application/xml;q=0.9,image/webp,image/apng,*/*;q=0.8,application/signed-exchange;v=b3',
  'user-agent' => 'Mozilla/5.0 (Windows NT 10.0; Win64; x64) AppleWebKit/537.36 (KHTML, like Gecko) Chrome/73.0.3683.103 Safari/537.36',
  'upgrade-insecure-requests' => '1',
  'connection' => 'close',
  'host' => 'www.offer.com',
)
[ info ] [ PARAM ] array (
  'menuid' => '272',
)
---------------------------------------------------------------
[ 2019-05-11T10:33:41+08:00 ] 127.0.0.1 GET www.offer.com/admin/anbank/index/menuid/271.html
[运行时间：1.123667s] [吞吐率：0.89req/s] [内存消耗：2,648.52kb] [文件加载：80]
[ info ] [ LANG ] G:\PHPTutorial\WWW\fh_offer\thinkphp\lang\zh-cn.php
[ info ] [ ROUTE ] array (
)
[ info ] [ HEADER ] array (
  'cookie' => 'pgv_pvi=941304832; PHPSESSID=nq1dbhdu652oo97mn227q4dlg0',
  'accept-language' => 'zh-CN,zh;q=0.9',
  'accept-encoding' => 'gzip, deflate',
  'referer' => 'http://www.offer.com/admin/index/index.html',
  'accept' => 'text/html,application/xhtml+xml,application/xml;q=0.9,image/webp,image/apng,*/*;q=0.8,application/signed-exchange;v=b3',
  'user-agent' => 'Mozilla/5.0 (Windows NT 10.0; Win64; x64) AppleWebKit/537.36 (KHTML, like Gecko) Chrome/73.0.3683.103 Safari/537.36',
  'upgrade-insecure-requests' => '1',
  'connection' => 'close',
  'host' => 'www.offer.com',
)
[ info ] [ PARAM ] array (
  'menuid' => '271',
)
[ info ] [ DB ] INIT mysql
[ info ] [ VIEW ] G:\PHPTutorial\WWW\fh_offer\application\admin\view\anbank\index.html [ array (
  0 => 'Config',
  1 => 'data',
) ]
[ sql ] [ DB ] CONNECT:[ UseTime:1.003069s ] mysql:host=localhost;dbname=dboffer;charset=utf8
[ sql ] [ SQL ] SHOW COLUMNS FROM `fdz_admin` [ RunTime:0.036737s ]
[ sql ] [ SQL ] SELECT * FROM `fdz_admin` WHERE  `userid` = 1 LIMIT 1 [ RunTime:0.000464s ]
[ sql ] [ SQL ] SELECT * FROM `fdz_admin` WHERE  `userid` = 1 LIMIT 1 [ RunTime:0.000389s ]
[ sql ] [ SQL ] SHOW COLUMNS FROM `fdz_materials` [ RunTime:0.028807s ]
[ sql ] [ SQL ] SELECT COUNT(*) AS tp_count FROM `fdz_materials` WHERE  `userid` = 1 LIMIT 1 [ RunTime:0.009925s ]
[ sql ] [ SQL ] SELECT * FROM `fdz_materials` WHERE  `userid` = 1 LIMIT 0,20 [ RunTime:0.000504s ]
---------------------------------------------------------------
[ 2019-05-11T10:33:45+08:00 ] 127.0.0.1 GET www.offer.com/admin/projectpoint/index/menuid/269.html
[运行时间：1.161905s] [吞吐率：0.86req/s] [内存消耗：2,543.50kb] [文件加载：77]
[ info ] [ LANG ] G:\PHPTutorial\WWW\fh_offer\thinkphp\lang\zh-cn.php
[ info ] [ ROUTE ] array (
)
[ info ] [ HEADER ] array (
  'cookie' => 'pgv_pvi=941304832; PHPSESSID=nq1dbhdu652oo97mn227q4dlg0',
  'accept-language' => 'zh-CN,zh;q=0.9',
  'accept-encoding' => 'gzip, deflate',
  'referer' => 'http://www.offer.com/admin/index/index.html',
  'accept' => 'text/html,application/xhtml+xml,application/xml;q=0.9,image/webp,image/apng,*/*;q=0.8,application/signed-exchange;v=b3',
  'user-agent' => 'Mozilla/5.0 (Windows NT 10.0; Win64; x64) AppleWebKit/537.36 (KHTML, like Gecko) Chrome/73.0.3683.103 Safari/537.36',
  'upgrade-insecure-requests' => '1',
  'connection' => 'close',
  'host' => 'www.offer.com',
)
[ info ] [ PARAM ] array (
  'menuid' => '269',
)
[ info ] [ DB ] INIT mysql
[ info ] [ VIEW ] G:\PHPTutorial\WWW\fh_offer\application\admin\view\projectpoint\index.html [ array (
  0 => 'Config',
  1 => 'str',
) ]
[ sql ] [ DB ] CONNECT:[ UseTime:1.024676s ] mysql:host=localhost;dbname=dboffer;charset=utf8
[ sql ] [ SQL ] SHOW COLUMNS FROM `fdz_admin` [ RunTime:0.025090s ]
[ sql ] [ SQL ] SELECT * FROM `fdz_admin` WHERE  `userid` = 1 LIMIT 1 [ RunTime:0.000987s ]
[ sql ] [ SQL ] SELECT * FROM `fdz_admin` WHERE  `userid` = 1 LIMIT 1 [ RunTime:0.000805s ]
[ sql ] [ SQL ] SHOW COLUMNS FROM `fdz_class` [ RunTime:0.036325s ]
[ sql ] [ SQL ] SELECT * FROM `fdz_class` WHERE  `frameid` = 152 LIMIT 1 [ RunTime:0.000448s ]
[ sql ] [ SQL ] SHOW COLUMNS FROM `fdz_frame` [ RunTime:0.006377s ]
[ sql ] [ SQL ] SELECT * FROM `fdz_frame` WHERE  `id` = 152 LIMIT 1 [ RunTime:0.000359s ]
---------------------------------------------------------------
[ 2019-05-11T10:33:58+08:00 ] 127.0.0.1 GET www.offer.com/admin/personinfo/edit/menuid/256.html
[运行时间：1.158180s] [吞吐率：0.86req/s] [内存消耗：2,512.92kb] [文件加载：78]
[ info ] [ LANG ] G:\PHPTutorial\WWW\fh_offer\thinkphp\lang\zh-cn.php
[ info ] [ ROUTE ] array (
)
[ info ] [ HEADER ] array (
  'cookie' => 'pgv_pvi=941304832; PHPSESSID=nq1dbhdu652oo97mn227q4dlg0',
  'accept-language' => 'zh-CN,zh;q=0.9',
  'accept-encoding' => 'gzip, deflate',
  'referer' => 'http://www.offer.com/admin/index/index.html',
  'accept' => 'text/html,application/xhtml+xml,application/xml;q=0.9,image/webp,image/apng,*/*;q=0.8,application/signed-exchange;v=b3',
  'user-agent' => 'Mozilla/5.0 (Windows NT 10.0; Win64; x64) AppleWebKit/537.36 (KHTML, like Gecko) Chrome/73.0.3683.103 Safari/537.36',
  'upgrade-insecure-requests' => '1',
  'connection' => 'close',
  'host' => 'www.offer.com',
)
[ info ] [ PARAM ] array (
  'menuid' => '256',
)
[ info ] [ DB ] INIT mysql
[ info ] [ VIEW ] G:\PHPTutorial\WWW\fh_offer\application\admin\view\personinfo\edit.html [ array (
  0 => 'Config',
  1 => 'userInfo',
) ]
[ sql ] [ DB ] CONNECT:[ UseTime:1.023646s ] mysql:host=localhost;dbname=dboffer;charset=utf8
[ sql ] [ SQL ] SHOW COLUMNS FROM `fdz_admin` [ RunTime:0.006819s ]
[ sql ] [ SQL ] SELECT * FROM `fdz_admin` WHERE  `userid` = 1 LIMIT 1 [ RunTime:0.000498s ]
[ sql ] [ SQL ] SELECT * FROM `fdz_admin` WHERE  `userid` = 1 LIMIT 1 [ RunTime:0.000470s ]
[ sql ] [ SQL ] SHOW COLUMNS FROM `fdz_auth_group` [ RunTime:0.010025s ]
[ sql ] [ SQL ] SELECT `title` FROM `fdz_auth_group` WHERE  `id` = 1 LIMIT 1 [ RunTime:0.000366s ]
---------------------------------------------------------------
[ 2019-05-11T10:33:59+08:00 ] 127.0.0.1 GET www.offer.com/admin/indent/index/menuid/235.html
[运行时间：1.126752s] [吞吐率：0.89req/s] [内存消耗：2,545.55kb] [文件加载：78]
[ info ] [ LANG ] G:\PHPTutorial\WWW\fh_offer\thinkphp\lang\zh-cn.php
[ info ] [ ROUTE ] array (
)
[ info ] [ HEADER ] array (
  'cookie' => 'pgv_pvi=941304832; PHPSESSID=nq1dbhdu652oo97mn227q4dlg0',
  'accept-language' => 'zh-CN,zh;q=0.9',
  'accept-encoding' => 'gzip, deflate',
  'referer' => 'http://www.offer.com/admin/index/index.html',
  'accept' => 'text/html,application/xhtml+xml,application/xml;q=0.9,image/webp,image/apng,*/*;q=0.8,application/signed-exchange;v=b3',
  'user-agent' => 'Mozilla/5.0 (Windows NT 10.0; Win64; x64) AppleWebKit/537.36 (KHTML, like Gecko) Chrome/73.0.3683.103 Safari/537.36',
  'upgrade-insecure-requests' => '1',
  'connection' => 'close',
  'host' => 'www.offer.com',
)
[ info ] [ PARAM ] array (
  'menuid' => '235',
)
[ info ] [ DB ] INIT mysql
[ info ] [ VIEW ] G:\PHPTutorial\WWW\fh_offer\application\admin\view\indent\index.html [ array (
  0 => 'Config',
  1 => 'data',
) ]
[ sql ] [ DB ] CONNECT:[ UseTime:1.021874s ] mysql:host=localhost;dbname=dboffer;charset=utf8
[ sql ] [ SQL ] SHOW COLUMNS FROM `fdz_admin` [ RunTime:0.007129s ]
[ sql ] [ SQL ] SELECT * FROM `fdz_admin` WHERE  `userid` = 1 LIMIT 1 [ RunTime:0.000503s ]
[ sql ] [ SQL ] SELECT * FROM `fdz_admin` WHERE  `userid` = 1 LIMIT 1 [ RunTime:0.000450s ]
[ sql ] [ SQL ] SHOW COLUMNS FROM `fdz_frame` [ RunTime:0.007274s ]
[ sql ] [ SQL ] SELECT `id`,`name` FROM `fdz_frame` WHERE  `levelid` = 2  AND `status` = 0 [ RunTime:0.000448s ]
---------------------------------------------------------------
[ 2019-05-11T10:34:00+08:00 ] 127.0.0.1 GET www.offer.com/admin/indent/treetype.html
[运行时间：1.062770s] [吞吐率：0.94req/s] [内存消耗：2,586.75kb] [文件加载：73]
[ info ] [ LANG ] G:\PHPTutorial\WWW\fh_offer\thinkphp\lang\zh-cn.php
[ info ] [ ROUTE ] array (
)
[ info ] [ HEADER ] array (
  'cookie' => 'pgv_pvi=941304832; PHPSESSID=nq1dbhdu652oo97mn227q4dlg0',
  'accept-language' => 'zh-CN,zh;q=0.9',
  'accept-encoding' => 'gzip, deflate',
  'referer' => 'http://www.offer.com/admin/indent/index/menuid/235.html',
  'user-agent' => 'Mozilla/5.0 (Windows NT 10.0; Win64; x64) AppleWebKit/537.36 (KHTML, like Gecko) Chrome/73.0.3683.103 Safari/537.36',
  'x-requested-with' => 'XMLHttpRequest',
  'accept' => 'application/json, text/javascript, */*; q=0.01',
  'connection' => 'close',
  'host' => 'www.offer.com',
)
[ info ] [ PARAM ] array (
)
[ info ] [ DB ] INIT mysql
[ sql ] [ DB ] CONNECT:[ UseTime:1.011489s ] mysql:host=localhost;dbname=dboffer;charset=utf8
[ sql ] [ SQL ] SHOW COLUMNS FROM `fdz_admin` [ RunTime:0.006719s ]
[ sql ] [ SQL ] SELECT * FROM `fdz_admin` WHERE  `userid` = 1 LIMIT 1 [ RunTime:0.000467s ]
[ sql ] [ SQL ] SELECT * FROM `fdz_admin` WHERE  `userid` = 1 LIMIT 1 [ RunTime:0.000415s ]
[ sql ] [ SQL ] SHOW COLUMNS FROM `fdz_frame` [ RunTime:0.006219s ]
[ sql ] [ SQL ] SELECT * FROM `fdz_frame` [ RunTime:0.000589s ]
---------------------------------------------------------------
[ 2019-05-11T10:34:04+08:00 ] 127.0.0.1 GET www.offer.com/admin/offertype/index/menuid/229.html
[运行时间：1.108314s] [吞吐率：0.90req/s] [内存消耗：2,506.36kb] [文件加载：78]
[ info ] [ LANG ] G:\PHPTutorial\WWW\fh_offer\thinkphp\lang\zh-cn.php
[ info ] [ ROUTE ] array (
)
[ info ] [ HEADER ] array (
  'cookie' => 'pgv_pvi=941304832; PHPSESSID=nq1dbhdu652oo97mn227q4dlg0',
  'accept-language' => 'zh-CN,zh;q=0.9',
  'accept-encoding' => 'gzip, deflate',
  'referer' => 'http://www.offer.com/admin/index/index.html',
  'accept' => 'text/html,application/xhtml+xml,application/xml;q=0.9,image/webp,image/apng,*/*;q=0.8,application/signed-exchange;v=b3',
  'user-agent' => 'Mozilla/5.0 (Windows NT 10.0; Win64; x64) AppleWebKit/537.36 (KHTML, like Gecko) Chrome/73.0.3683.103 Safari/537.36',
  'upgrade-insecure-requests' => '1',
  'connection' => 'close',
  'host' => 'www.offer.com',
)
[ info ] [ PARAM ] array (
  'menuid' => '229',
)
[ info ] [ DB ] INIT mysql
[ info ] [ VIEW ] G:\PHPTutorial\WWW\fh_offer\application\admin\view\offertype\index.html [ array (
  0 => 'Config',
  1 => 'data',
) ]
[ sql ] [ DB ] CONNECT:[ UseTime:1.023198s ] mysql:host=localhost;dbname=dboffer;charset=utf8
[ sql ] [ SQL ] SHOW COLUMNS FROM `fdz_admin` [ RunTime:0.007106s ]
[ sql ] [ SQL ] SELECT * FROM `fdz_admin` WHERE  `userid` = 1 LIMIT 1 [ RunTime:0.000478s ]
[ sql ] [ SQL ] SELECT * FROM `fdz_admin` WHERE  `userid` = 1 LIMIT 1 [ RunTime:0.000412s ]
[ sql ] [ SQL ] SHOW COLUMNS FROM `fdz_offer_type` [ RunTime:0.006107s ]
[ sql ] [ SQL ] SELECT * FROM `fdz_offer_type` [ RunTime:0.000377s ]
---------------------------------------------------------------
[ 2019-05-11T10:34:05+08:00 ] 127.0.0.1 GET www.offer.com/admin/offerlist/index/menuid/249.html
[运行时间：1.179463s] [吞吐率：0.85req/s] [内存消耗：2,627.87kb] [文件加载：80]
[ info ] [ LANG ] G:\PHPTutorial\WWW\fh_offer\thinkphp\lang\zh-cn.php
[ info ] [ ROUTE ] array (
)
[ info ] [ HEADER ] array (
  'cookie' => 'pgv_pvi=941304832; PHPSESSID=nq1dbhdu652oo97mn227q4dlg0',
  'accept-language' => 'zh-CN,zh;q=0.9',
  'accept-encoding' => 'gzip, deflate',
  'referer' => 'http://www.offer.com/admin/index/index.html',
  'accept' => 'text/html,application/xhtml+xml,application/xml;q=0.9,image/webp,image/apng,*/*;q=0.8,application/signed-exchange;v=b3',
  'user-agent' => 'Mozilla/5.0 (Windows NT 10.0; Win64; x64) AppleWebKit/537.36 (KHTML, like Gecko) Chrome/73.0.3683.103 Safari/537.36',
  'upgrade-insecure-requests' => '1',
  'connection' => 'close',
  'host' => 'www.offer.com',
)
[ info ] [ PARAM ] array (
  'menuid' => '249',
)
[ info ] [ DB ] INIT mysql
[ info ] [ VIEW ] G:\PHPTutorial\WWW\fh_offer\application\admin\view\offerlist\index.html [ array (
  0 => 'Config',
  1 => 'data',
) ]
[ sql ] [ DB ] CONNECT:[ UseTime:1.023013s ] mysql:host=localhost;dbname=dboffer;charset=utf8
[ sql ] [ SQL ] SHOW COLUMNS FROM `fdz_admin` [ RunTime:0.007343s ]
[ sql ] [ SQL ] SELECT * FROM `fdz_admin` WHERE  `userid` = 1 LIMIT 1 [ RunTime:0.000439s ]
[ sql ] [ SQL ] SELECT * FROM `fdz_admin` WHERE  `userid` = 1 LIMIT 1 [ RunTime:0.000385s ]
[ sql ] [ SQL ] SHOW COLUMNS FROM `fdz_offerlist` [ RunTime:0.052605s ]
[ sql ] [ SQL ] SELECT COUNT(*) AS tp_count FROM `fdz_offerlist` WHERE  `userid` = 1 LIMIT 1 [ RunTime:0.000449s ]
[ sql ] [ SQL ] SELECT * FROM `fdz_offerlist` WHERE  `userid` = 1 LIMIT 0,20 [ RunTime:0.000407s ]
[ sql ] [ SQL ] SHOW COLUMNS FROM `fdz_userlist` [ RunTime:0.011282s ]
[ sql ] [ SQL ] SELECT * FROM `fdz_userlist` WHERE  `id` = 1 LIMIT 1 [ RunTime:0.000486s ]
[ sql ] [ SQL ] SHOW COLUMNS FROM `fdz_space_type` [ RunTime:0.021456s ]
[ sql ] [ SQL ] SELECT * FROM `fdz_space_type` WHERE  `id` = 3 LIMIT 1 [ RunTime:0.000381s ]
[ sql ] [ SQL ] SELECT * FROM `fdz_userlist` WHERE  `id` = 2 LIMIT 1 [ RunTime:0.000305s ]
[ sql ] [ SQL ] SELECT * FROM `fdz_space_type` WHERE  `id` = 7 LIMIT 1 [ RunTime:0.000290s ]
---------------------------------------------------------------
[ 2019-05-11T10:34:08+08:00 ] 127.0.0.1 GET www.offer.com/admin/index/index.html
[运行时间：1.089378s] [吞吐率：0.92req/s] [内存消耗：2,654.88kb] [文件加载：80]
[ info ] [ LANG ] G:\PHPTutorial\WWW\fh_offer\thinkphp\lang\zh-cn.php
[ info ] [ ROUTE ] array (
)
[ info ] [ HEADER ] array (
  'cookie' => 'pgv_pvi=941304832; PHPSESSID=nq1dbhdu652oo97mn227q4dlg0',
  'accept-language' => 'zh-CN,zh;q=0.9',
  'accept-encoding' => 'gzip, deflate',
  'referer' => 'http://www.offer.com/admin/login/index.html',
  'accept' => 'text/html,application/xhtml+xml,application/xml;q=0.9,image/webp,image/apng,*/*;q=0.8,application/signed-exchange;v=b3',
  'user-agent' => 'Mozilla/5.0 (Windows NT 10.0; Win64; x64) AppleWebKit/537.36 (KHTML, like Gecko) Chrome/73.0.3683.103 Safari/537.36',
  'upgrade-insecure-requests' => '1',
  'cache-control' => 'max-age=0',
  'connection' => 'close',
  'host' => 'www.offer.com',
)
[ info ] [ PARAM ] array (
)
[ info ] [ DB ] INIT mysql
[ info ] [ VIEW ] G:\PHPTutorial\WWW\fh_offer\application\admin\view\index\index.html [ array (
  0 => 'Config',
  1 => 'userInfo',
  2 => 'SUBMENU_CONFIG',
) ]
[ sql ] [ DB ] CONNECT:[ UseTime:1.022669s ] mysql:host=localhost;dbname=dboffer;charset=utf8
[ sql ] [ SQL ] SHOW COLUMNS FROM `fdz_admin` [ RunTime:0.007156s ]
[ sql ] [ SQL ] SELECT * FROM `fdz_admin` WHERE  `userid` = 1 LIMIT 1 [ RunTime:0.000433s ]
[ sql ] [ SQL ] SELECT * FROM `fdz_admin` WHERE  `userid` = 1 LIMIT 1 [ RunTime:0.000379s ]
[ sql ] [ SQL ] SHOW COLUMNS FROM `fdz_menu` [ RunTime:0.006188s ]
[ sql ] [ SQL ] SELECT * FROM `fdz_menu` WHERE  `parentid` = 0  AND `status` = 1 ORDER BY `listorder` ASC,`id` ASC [ RunTime:0.000554s ]
[ sql ] [ SQL ] SELECT * FROM `fdz_menu` WHERE  `parentid` = 3  AND `status` = 1 ORDER BY `listorder` ASC,`id` ASC [ RunTime:0.000482s ]
[ sql ] [ SQL ] SELECT * FROM `fdz_menu` WHERE  `parentid` = 10  AND `status` = 1 ORDER BY `listorder` ASC,`id` ASC [ RunTime:0.000424s ]
[ sql ] [ SQL ] SELECT * FROM `fdz_menu` WHERE  `parentid` = 14  AND `status` = 1 ORDER BY `listorder` ASC,`id` ASC [ RunTime:0.000419s ]
[ sql ] [ SQL ] SELECT * FROM `fdz_menu` WHERE  `parentid` = 15  AND `status` = 1 ORDER BY `listorder` ASC,`id` ASC [ RunTime:0.000423s ]
[ sql ] [ SQL ] SELECT * FROM `fdz_menu` WHERE  `parentid` = 16  AND `status` = 1 ORDER BY `listorder` ASC,`id` ASC [ RunTime:0.000420s ]
[ sql ] [ SQL ] SELECT * FROM `fdz_menu` WHERE  `parentid` = 17  AND `status` = 1 ORDER BY `listorder` ASC,`id` ASC [ RunTime:0.000394s ]
[ sql ] [ SQL ] SELECT * FROM `fdz_menu` WHERE  `parentid` = 228  AND `status` = 1 ORDER BY `listorder` ASC,`id` ASC [ RunTime:0.000391s ]
[ sql ] [ SQL ] SELECT * FROM `fdz_menu` WHERE  `parentid` = 229  AND `status` = 1 ORDER BY `listorder` ASC,`id` ASC [ RunTime:0.000330s ]
[ sql ] [ SQL ] SELECT * FROM `fdz_menu` WHERE  `parentid` = 249  AND `status` = 1 ORDER BY `listorder` ASC,`id` ASC [ RunTime:0.000345s ]
[ sql ] [ SQL ] SELECT * FROM `fdz_menu` WHERE  `parentid` = 231  AND `status` = 1 ORDER BY `listorder` ASC,`id` ASC [ RunTime:0.000345s ]
[ sql ] [ SQL ] SELECT * FROM `fdz_menu` WHERE  `parentid` = 235  AND `status` = 1 ORDER BY `listorder` ASC,`id` ASC [ RunTime:0.000321s ]
[ sql ] [ SQL ] SELECT * FROM `fdz_menu` WHERE  `parentid` = 256  AND `status` = 1 ORDER BY `listorder` ASC,`id` ASC [ RunTime:0.000314s ]
[ sql ] [ SQL ] SELECT * FROM `fdz_menu` WHERE  `parentid` = 262  AND `status` = 1 ORDER BY `listorder` ASC,`id` ASC [ RunTime:0.000359s ]
[ sql ] [ SQL ] SELECT * FROM `fdz_menu` WHERE  `parentid` = 263  AND `status` = 1 ORDER BY `listorder` ASC,`id` ASC [ RunTime:0.000351s ]
[ sql ] [ SQL ] SELECT * FROM `fdz_menu` WHERE  `parentid` = 264  AND `status` = 1 ORDER BY `listorder` ASC,`id` ASC [ RunTime:0.000318s ]
[ sql ] [ SQL ] SELECT * FROM `fdz_menu` WHERE  `parentid` = 269  AND `status` = 1 ORDER BY `listorder` ASC,`id` ASC [ RunTime:0.000379s ]
[ sql ] [ SQL ] SELECT * FROM `fdz_menu` WHERE  `parentid` = 267  AND `status` = 1 ORDER BY `listorder` ASC,`id` ASC [ RunTime:0.000353s ]
[ sql ] [ SQL ] SELECT * FROM `fdz_menu` WHERE  `parentid` = 268  AND `status` = 1 ORDER BY `listorder` ASC,`id` ASC [ RunTime:0.000318s ]
[ sql ] [ SQL ] SELECT * FROM `fdz_menu` WHERE  `parentid` = 270  AND `status` = 1 ORDER BY `listorder` ASC,`id` ASC [ RunTime:0.000309s ]
[ sql ] [ SQL ] SELECT * FROM `fdz_menu` WHERE  `parentid` = 271  AND `status` = 1 ORDER BY `listorder` ASC,`id` ASC [ RunTime:0.000319s ]
[ sql ] [ SQL ] SELECT * FROM `fdz_menu` WHERE  `parentid` = 272  AND `status` = 1 ORDER BY `listorder` ASC,`id` ASC [ RunTime:0.000307s ]
---------------------------------------------------------------
[ 2019-05-11T10:34:09+08:00 ] 127.0.0.1 GET www.offer.com/admin/main/index.html
[运行时间：1.123827s] [吞吐率：0.89req/s] [内存消耗：2,604.45kb] [文件加载：78]
[ info ] [ LANG ] G:\PHPTutorial\WWW\fh_offer\thinkphp\lang\zh-cn.php
[ info ] [ ROUTE ] array (
)
[ info ] [ HEADER ] array (
  'cookie' => 'pgv_pvi=941304832; PHPSESSID=nq1dbhdu652oo97mn227q4dlg0',
  'accept-language' => 'zh-CN,zh;q=0.9',
  'accept-encoding' => 'gzip, deflate',
  'referer' => 'http://www.offer.com/admin/index/index.html',
  'accept' => 'text/html,application/xhtml+xml,application/xml;q=0.9,image/webp,image/apng,*/*;q=0.8,application/signed-exchange;v=b3',
  'user-agent' => 'Mozilla/5.0 (Windows NT 10.0; Win64; x64) AppleWebKit/537.36 (KHTML, like Gecko) Chrome/73.0.3683.103 Safari/537.36',
  'upgrade-insecure-requests' => '1',
  'connection' => 'close',
  'host' => 'www.offer.com',
)
[ info ] [ PARAM ] array (
)
[ info ] [ DB ] INIT mysql
[ info ] [ VIEW ] G:\PHPTutorial\WWW\fh_offer\application\admin\view\main\index.html [ array (
  0 => 'Config',
  1 => 'countuser',
  2 => 'countdrive',
  3 => 'py',
  4 => 're',
  5 => 'rerole',
  6 => 'gonggao',
  7 => 'userInfo',
  8 => 'sys_info',
  9 => 'countall',
  10 => 'session_info',
) ]
[ sql ] [ DB ] CONNECT:[ UseTime:1.022442s ] mysql:host=localhost;dbname=dboffer;charset=utf8
[ sql ] [ SQL ] SHOW COLUMNS FROM `fdz_admin` [ RunTime:0.006598s ]
[ sql ] [ SQL ] SELECT * FROM `fdz_admin` WHERE  `userid` = 1 LIMIT 1 [ RunTime:0.000446s ]
[ sql ] [ SQL ] SELECT * FROM `fdz_admin` WHERE  `userid` = 1 LIMIT 1 [ RunTime:0.000405s ]
[ sql ] [ SQL ] SELECT * FROM `fdz_admin` WHERE  `userid` = 1 LIMIT 1 [ RunTime:0.000435s ]
[ sql ] [ SQL ] SHOW COLUMNS FROM `fdz_frame` [ RunTime:0.006203s ]
[ sql ] [ SQL ] SELECT * FROM `fdz_frame` WHERE  `id` = 1 LIMIT 1 [ RunTime:0.000399s ]
[ sql ] [ SQL ] SHOW COLUMNS FROM `fdz_auth_group` [ RunTime:0.006587s ]
[ sql ] [ SQL ] SELECT `title`,`description` FROM `fdz_auth_group` WHERE  `id` = 1 LIMIT 1 [ RunTime:0.000399s ]
[ sql ] [ SQL ] SHOW COLUMNS FROM `fdz_shop` [ RunTime:0.006063s ]
[ sql ] [ SQL ] SELECT `name`,`money`,`phone` FROM `fdz_shop` LIMIT 1 [ RunTime:0.000378s ]
[ sql ] [ SQL ] SHOW COLUMNS FROM `fdz_notice_list` [ RunTime:0.006751s ]
[ sql ] [ SQL ] SELECT * FROM `fdz_notice_list` ORDER BY `time` DESC LIMIT 1 [ RunTime:0.000444s ]
[ sql ] [ SQL ] SHOW COLUMNS FROM `fdz_userinfo` [ RunTime:0.006528s ]
[ sql ] [ SQL ] SELECT * FROM `fdz_userinfo` [ RunTime:0.000439s ]
[ sql ] [ SQL ] SHOW COLUMNS FROM `fdz_driver` [ RunTime:0.006526s ]
[ sql ] [ SQL ] SELECT * FROM `fdz_driver` [ RunTime:0.000520s ]
[ sql ] [ SQL ] SELECT VERSION() as version [ RunTime:0.000381s ]
[ sql ] [ SQL ] SELECT * FROM `fdz_driver` [ RunTime:0.000424s ]
---------------------------------------------------------------
[ 2019-05-11T10:53:43+08:00 ] 127.0.0.1 GET www.offer.com/
[运行时间：1.092901s] [吞吐率：0.91req/s] [内存消耗：2,654.58kb] [文件加载：80]
[ info ] [ LANG ] G:\PHPTutorial\WWW\fh_offer\thinkphp\lang\zh-cn.php
[ info ] [ ROUTE ] array (
)
[ info ] [ HEADER ] array (
  'cookie' => 'pgv_pvi=941304832; PHPSESSID=nq1dbhdu652oo97mn227q4dlg0',
  'accept-language' => 'zh-CN,zh;q=0.9',
  'accept-encoding' => 'gzip, deflate',
  'accept' => 'text/html,application/xhtml+xml,application/xml;q=0.9,image/webp,image/apng,*/*;q=0.8,application/signed-exchange;v=b3',
  'user-agent' => 'Mozilla/5.0 (Windows NT 10.0; Win64; x64) AppleWebKit/537.36 (KHTML, like Gecko) Chrome/73.0.3683.103 Safari/537.36',
  'upgrade-insecure-requests' => '1',
  'connection' => 'close',
  'host' => 'www.offer.com',
)
[ info ] [ PARAM ] array (
)
[ info ] [ DB ] INIT mysql
[ info ] [ VIEW ] G:\PHPTutorial\WWW\fh_offer\application\admin\view\index\index.html [ array (
  0 => 'Config',
  1 => 'userInfo',
  2 => 'SUBMENU_CONFIG',
) ]
[ sql ] [ DB ] CONNECT:[ UseTime:1.016954s ] mysql:host=localhost;dbname=dboffer;charset=utf8
[ sql ] [ SQL ] SHOW COLUMNS FROM `fdz_admin` [ RunTime:0.008448s ]
[ sql ] [ SQL ] SELECT * FROM `fdz_admin` WHERE  `userid` = 1 LIMIT 1 [ RunTime:0.000611s ]
[ sql ] [ SQL ] SELECT * FROM `fdz_admin` WHERE  `userid` = 1 LIMIT 1 [ RunTime:0.000438s ]
[ sql ] [ SQL ] SHOW COLUMNS FROM `fdz_menu` [ RunTime:0.008040s ]
[ sql ] [ SQL ] SELECT * FROM `fdz_menu` WHERE  `parentid` = 0  AND `status` = 1 ORDER BY `listorder` ASC,`id` ASC [ RunTime:0.000535s ]
[ sql ] [ SQL ] SELECT * FROM `fdz_menu` WHERE  `parentid` = 3  AND `status` = 1 ORDER BY `listorder` ASC,`id` ASC [ RunTime:0.000475s ]
[ sql ] [ SQL ] SELECT * FROM `fdz_menu` WHERE  `parentid` = 10  AND `status` = 1 ORDER BY `listorder` ASC,`id` ASC [ RunTime:0.000429s ]
[ sql ] [ SQL ] SELECT * FROM `fdz_menu` WHERE  `parentid` = 14  AND `status` = 1 ORDER BY `listorder` ASC,`id` ASC [ RunTime:0.000425s ]
[ sql ] [ SQL ] SELECT * FROM `fdz_menu` WHERE  `parentid` = 15  AND `status` = 1 ORDER BY `listorder` ASC,`id` ASC [ RunTime:0.000449s ]
[ sql ] [ SQL ] SELECT * FROM `fdz_menu` WHERE  `parentid` = 16  AND `status` = 1 ORDER BY `listorder` ASC,`id` ASC [ RunTime:0.000421s ]
[ sql ] [ SQL ] SELECT * FROM `fdz_menu` WHERE  `parentid` = 17  AND `status` = 1 ORDER BY `listorder` ASC,`id` ASC [ RunTime:0.000425s ]
[ sql ] [ SQL ] SELECT * FROM `fdz_menu` WHERE  `parentid` = 228  AND `status` = 1 ORDER BY `listorder` ASC,`id` ASC [ RunTime:0.000488s ]
[ sql ] [ SQL ] SELECT * FROM `fdz_menu` WHERE  `parentid` = 229  AND `status` = 1 ORDER BY `listorder` ASC,`id` ASC [ RunTime:0.000404s ]
[ sql ] [ SQL ] SELECT * FROM `fdz_menu` WHERE  `parentid` = 249  AND `status` = 1 ORDER BY `listorder` ASC,`id` ASC [ RunTime:0.000464s ]
[ sql ] [ SQL ] SELECT * FROM `fdz_menu` WHERE  `parentid` = 231  AND `status` = 1 ORDER BY `listorder` ASC,`id` ASC [ RunTime:0.000311s ]
[ sql ] [ SQL ] SELECT * FROM `fdz_menu` WHERE  `parentid` = 235  AND `status` = 1 ORDER BY `listorder` ASC,`id` ASC [ RunTime:0.000314s ]
[ sql ] [ SQL ] SELECT * FROM `fdz_menu` WHERE  `parentid` = 256  AND `status` = 1 ORDER BY `listorder` ASC,`id` ASC [ RunTime:0.000250s ]
[ sql ] [ SQL ] SELECT * FROM `fdz_menu` WHERE  `parentid` = 262  AND `status` = 1 ORDER BY `listorder` ASC,`id` ASC [ RunTime:0.000305s ]
[ sql ] [ SQL ] SELECT * FROM `fdz_menu` WHERE  `parentid` = 263  AND `status` = 1 ORDER BY `listorder` ASC,`id` ASC [ RunTime:0.000264s ]
[ sql ] [ SQL ] SELECT * FROM `fdz_menu` WHERE  `parentid` = 264  AND `status` = 1 ORDER BY `listorder` ASC,`id` ASC [ RunTime:0.000240s ]
[ sql ] [ SQL ] SELECT * FROM `fdz_menu` WHERE  `parentid` = 269  AND `status` = 1 ORDER BY `listorder` ASC,`id` ASC [ RunTime:0.000241s ]
[ sql ] [ SQL ] SELECT * FROM `fdz_menu` WHERE  `parentid` = 267  AND `status` = 1 ORDER BY `listorder` ASC,`id` ASC [ RunTime:0.000285s ]
[ sql ] [ SQL ] SELECT * FROM `fdz_menu` WHERE  `parentid` = 268  AND `status` = 1 ORDER BY `listorder` ASC,`id` ASC [ RunTime:0.000248s ]
[ sql ] [ SQL ] SELECT * FROM `fdz_menu` WHERE  `parentid` = 270  AND `status` = 1 ORDER BY `listorder` ASC,`id` ASC [ RunTime:0.000240s ]
[ sql ] [ SQL ] SELECT * FROM `fdz_menu` WHERE  `parentid` = 271  AND `status` = 1 ORDER BY `listorder` ASC,`id` ASC [ RunTime:0.000238s ]
[ sql ] [ SQL ] SELECT * FROM `fdz_menu` WHERE  `parentid` = 272  AND `status` = 1 ORDER BY `listorder` ASC,`id` ASC [ RunTime:0.000238s ]
---------------------------------------------------------------
[ 2019-05-11T10:53:44+08:00 ] 127.0.0.1 GET www.offer.com/admin/main/index.html
[运行时间：1.115681s] [吞吐率：0.90req/s] [内存消耗：2,604.43kb] [文件加载：78]
[ info ] [ LANG ] G:\PHPTutorial\WWW\fh_offer\thinkphp\lang\zh-cn.php
[ info ] [ ROUTE ] array (
)
[ info ] [ HEADER ] array (
  'cookie' => 'pgv_pvi=941304832; PHPSESSID=nq1dbhdu652oo97mn227q4dlg0',
  'accept-language' => 'zh-CN,zh;q=0.9',
  'accept-encoding' => 'gzip, deflate',
  'referer' => 'http://www.offer.com/',
  'accept' => 'text/html,application/xhtml+xml,application/xml;q=0.9,image/webp,image/apng,*/*;q=0.8,application/signed-exchange;v=b3',
  'user-agent' => 'Mozilla/5.0 (Windows NT 10.0; Win64; x64) AppleWebKit/537.36 (KHTML, like Gecko) Chrome/73.0.3683.103 Safari/537.36',
  'upgrade-insecure-requests' => '1',
  'connection' => 'close',
  'host' => 'www.offer.com',
)
[ info ] [ PARAM ] array (
)
[ info ] [ DB ] INIT mysql
[ info ] [ VIEW ] G:\PHPTutorial\WWW\fh_offer\application\admin\view\main\index.html [ array (
  0 => 'Config',
  1 => 'countuser',
  2 => 'countdrive',
  3 => 'py',
  4 => 're',
  5 => 'rerole',
  6 => 'gonggao',
  7 => 'userInfo',
  8 => 'sys_info',
  9 => 'countall',
  10 => 'session_info',
) ]
[ sql ] [ DB ] CONNECT:[ UseTime:1.012634s ] mysql:host=localhost;dbname=dboffer;charset=utf8
[ sql ] [ SQL ] SHOW COLUMNS FROM `fdz_admin` [ RunTime:0.007290s ]
[ sql ] [ SQL ] SELECT * FROM `fdz_admin` WHERE  `userid` = 1 LIMIT 1 [ RunTime:0.000487s ]
[ sql ] [ SQL ] SELECT * FROM `fdz_admin` WHERE  `userid` = 1 LIMIT 1 [ RunTime:0.000430s ]
[ sql ] [ SQL ] SELECT * FROM `fdz_admin` WHERE  `userid` = 1 LIMIT 1 [ RunTime:0.000389s ]
[ sql ] [ SQL ] SHOW COLUMNS FROM `fdz_frame` [ RunTime:0.007903s ]
[ sql ] [ SQL ] SELECT * FROM `fdz_frame` WHERE  `id` = 1 LIMIT 1 [ RunTime:0.000450s ]
[ sql ] [ SQL ] SHOW COLUMNS FROM `fdz_auth_group` [ RunTime:0.007748s ]
[ sql ] [ SQL ] SELECT `title`,`description` FROM `fdz_auth_group` WHERE  `id` = 1 LIMIT 1 [ RunTime:0.000401s ]
[ sql ] [ SQL ] SHOW COLUMNS FROM `fdz_shop` [ RunTime:0.007925s ]
[ sql ] [ SQL ] SELECT `name`,`money`,`phone` FROM `fdz_shop` LIMIT 1 [ RunTime:0.000399s ]
[ sql ] [ SQL ] SHOW COLUMNS FROM `fdz_notice_list` [ RunTime:0.007261s ]
[ sql ] [ SQL ] SELECT * FROM `fdz_notice_list` ORDER BY `time` DESC LIMIT 1 [ RunTime:0.000397s ]
[ sql ] [ SQL ] SHOW COLUMNS FROM `fdz_userinfo` [ RunTime:0.008328s ]
[ sql ] [ SQL ] SELECT * FROM `fdz_userinfo` [ RunTime:0.000450s ]
[ sql ] [ SQL ] SHOW COLUMNS FROM `fdz_driver` [ RunTime:0.009148s ]
[ sql ] [ SQL ] SELECT * FROM `fdz_driver` [ RunTime:0.000555s ]
[ sql ] [ SQL ] SELECT VERSION() as version [ RunTime:0.000383s ]
[ sql ] [ SQL ] SELECT * FROM `fdz_driver` [ RunTime:0.000433s ]
---------------------------------------------------------------
[ 2019-05-11T10:53:47+08:00 ] 127.0.0.1 GET www.offer.com/admin/artificial/index/menuid/270.html
[运行时间：1.083362s] [吞吐率：0.92req/s] [内存消耗：2,629.16kb] [文件加载：80]
[ info ] [ LANG ] G:\PHPTutorial\WWW\fh_offer\thinkphp\lang\zh-cn.php
[ info ] [ ROUTE ] array (
)
[ info ] [ HEADER ] array (
  'cookie' => 'pgv_pvi=941304832; PHPSESSID=nq1dbhdu652oo97mn227q4dlg0',
  'accept-language' => 'zh-CN,zh;q=0.9',
  'accept-encoding' => 'gzip, deflate',
  'referer' => 'http://www.offer.com/',
  'accept' => 'text/html,application/xhtml+xml,application/xml;q=0.9,image/webp,image/apng,*/*;q=0.8,application/signed-exchange;v=b3',
  'user-agent' => 'Mozilla/5.0 (Windows NT 10.0; Win64; x64) AppleWebKit/537.36 (KHTML, like Gecko) Chrome/73.0.3683.103 Safari/537.36',
  'upgrade-insecure-requests' => '1',
  'connection' => 'close',
  'host' => 'www.offer.com',
)
[ info ] [ PARAM ] array (
  'menuid' => '270',
)
[ info ] [ DB ] INIT mysql
[ info ] [ VIEW ] G:\PHPTutorial\WWW\fh_offer\application\admin\view\artificial\index.html [ array (
  0 => 'Config',
  1 => 'data',
) ]
[ sql ] [ DB ] CONNECT:[ UseTime:1.023387s ] mysql:host=localhost;dbname=dboffer;charset=utf8
[ sql ] [ SQL ] SHOW COLUMNS FROM `fdz_admin` [ RunTime:0.007920s ]
[ sql ] [ SQL ] SELECT * FROM `fdz_admin` WHERE  `userid` = 1 LIMIT 1 [ RunTime:0.000456s ]
[ sql ] [ SQL ] SELECT * FROM `fdz_admin` WHERE  `userid` = 1 LIMIT 1 [ RunTime:0.000426s ]
[ sql ] [ SQL ] SHOW COLUMNS FROM `fdz_artificial` [ RunTime:0.007779s ]
[ sql ] [ SQL ] SELECT COUNT(*) AS tp_count FROM `fdz_artificial` LIMIT 1 [ RunTime:0.000349s ]
[ sql ] [ SQL ] SELECT * FROM `fdz_artificial` LIMIT 0,20 [ RunTime:0.000394s ]
---------------------------------------------------------------
[ 2019-05-11T10:53:49+08:00 ] 127.0.0.1 GET www.offer.com/admin/anbank/index/menuid/271.html
[运行时间：1.084202s] [吞吐率：0.92req/s] [内存消耗：2,648.49kb] [文件加载：80]
[ info ] [ LANG ] G:\PHPTutorial\WWW\fh_offer\thinkphp\lang\zh-cn.php
[ info ] [ ROUTE ] array (
)
[ info ] [ HEADER ] array (
  'cookie' => 'pgv_pvi=941304832; PHPSESSID=nq1dbhdu652oo97mn227q4dlg0',
  'accept-language' => 'zh-CN,zh;q=0.9',
  'accept-encoding' => 'gzip, deflate',
  'referer' => 'http://www.offer.com/',
  'accept' => 'text/html,application/xhtml+xml,application/xml;q=0.9,image/webp,image/apng,*/*;q=0.8,application/signed-exchange;v=b3',
  'user-agent' => 'Mozilla/5.0 (Windows NT 10.0; Win64; x64) AppleWebKit/537.36 (KHTML, like Gecko) Chrome/73.0.3683.103 Safari/537.36',
  'upgrade-insecure-requests' => '1',
  'connection' => 'close',
  'host' => 'www.offer.com',
)
[ info ] [ PARAM ] array (
  'menuid' => '271',
)
[ info ] [ DB ] INIT mysql
[ info ] [ VIEW ] G:\PHPTutorial\WWW\fh_offer\application\admin\view\anbank\index.html [ array (
  0 => 'Config',
  1 => 'data',
) ]
[ sql ] [ DB ] CONNECT:[ UseTime:1.023237s ] mysql:host=localhost;dbname=dboffer;charset=utf8
[ sql ] [ SQL ] SHOW COLUMNS FROM `fdz_admin` [ RunTime:0.010648s ]
[ sql ] [ SQL ] SELECT * FROM `fdz_admin` WHERE  `userid` = 1 LIMIT 1 [ RunTime:0.000386s ]
[ sql ] [ SQL ] SELECT * FROM `fdz_admin` WHERE  `userid` = 1 LIMIT 1 [ RunTime:0.000339s ]
[ sql ] [ SQL ] SHOW COLUMNS FROM `fdz_materials` [ RunTime:0.008453s ]
[ sql ] [ SQL ] SELECT COUNT(*) AS tp_count FROM `fdz_materials` WHERE  `userid` = 1 LIMIT 1 [ RunTime:0.000418s ]
[ sql ] [ SQL ] SELECT * FROM `fdz_materials` WHERE  `userid` = 1 LIMIT 0,20 [ RunTime:0.000437s ]
---------------------------------------------------------------
[ 2019-05-11T10:53:52+08:00 ] 127.0.0.1 GET www.offer.com/admin/offerquota/index/menuid/268.html
[运行时间：1.130957s] [吞吐率：0.88req/s] [内存消耗：2,829.20kb] [文件加载：82]
[ info ] [ LANG ] G:\PHPTutorial\WWW\fh_offer\thinkphp\lang\zh-cn.php
[ info ] [ ROUTE ] array (
)
[ info ] [ HEADER ] array (
  'cookie' => 'pgv_pvi=941304832; PHPSESSID=nq1dbhdu652oo97mn227q4dlg0',
  'accept-language' => 'zh-CN,zh;q=0.9',
  'accept-encoding' => 'gzip, deflate',
  'referer' => 'http://www.offer.com/',
  'accept' => 'text/html,application/xhtml+xml,application/xml;q=0.9,image/webp,image/apng,*/*;q=0.8,application/signed-exchange;v=b3',
  'user-agent' => 'Mozilla/5.0 (Windows NT 10.0; Win64; x64) AppleWebKit/537.36 (KHTML, like Gecko) Chrome/73.0.3683.103 Safari/537.36',
  'upgrade-insecure-requests' => '1',
  'connection' => 'close',
  'host' => 'www.offer.com',
)
[ info ] [ PARAM ] array (
  'menuid' => '268',
)
[ info ] [ DB ] INIT mysql
[ info ] [ VIEW ] G:\PHPTutorial\WWW\fh_offer\application\admin\view\offerquota\index.html [ array (
  0 => 'Config',
  1 => 'data',
) ]
[ sql ] [ DB ] CONNECT:[ UseTime:1.023513s ] mysql:host=localhost;dbname=dboffer;charset=utf8
[ sql ] [ SQL ] SHOW COLUMNS FROM `fdz_admin` [ RunTime:0.007878s ]
[ sql ] [ SQL ] SELECT * FROM `fdz_admin` WHERE  `userid` = 1 LIMIT 1 [ RunTime:0.000433s ]
[ sql ] [ SQL ] SELECT * FROM `fdz_admin` WHERE  `userid` = 1 LIMIT 1 [ RunTime:0.000403s ]
[ sql ] [ SQL ] SHOW COLUMNS FROM `fdz_offerquota` [ RunTime:0.007447s ]
[ sql ] [ SQL ] SELECT COUNT(*) AS tp_count FROM `fdz_offerquota` WHERE  `userid` = 1 LIMIT 1 [ RunTime:0.000378s ]
[ sql ] [ SQL ] SELECT * FROM `fdz_offerquota` WHERE  `userid` = 1 LIMIT 0,20 [ RunTime:0.000444s ]
[ sql ] [ SQL ] SHOW COLUMNS FROM `fdz_offer_type` [ RunTime:0.008278s ]
[ sql ] [ SQL ] SELECT * FROM `fdz_offer_type` WHERE  `id` = 2 LIMIT 1 [ RunTime:0.000422s ]
[ sql ] [ SQL ] SELECT * FROM `fdz_offer_type` WHERE  `id` = 5 LIMIT 1 [ RunTime:0.000396s ]
[ sql ] [ SQL ] SELECT * FROM `fdz_offer_type` WHERE  `id` = 3 LIMIT 1 [ RunTime:0.000395s ]
[ sql ] [ SQL ] SELECT * FROM `fdz_offer_type` WHERE  `id` = 4 LIMIT 1 [ RunTime:0.000383s ]
[ sql ] [ SQL ] SELECT * FROM `fdz_offer_type` WHERE  `id` = 1 LIMIT 1 [ RunTime:0.000399s ]
---------------------------------------------------------------
[ 2019-05-11T10:53:58+08:00 ] 127.0.0.1 GET www.offer.com/admin/offertype/index/menuid/229.html
[运行时间：1.077665s] [吞吐率：0.93req/s] [内存消耗：2,506.34kb] [文件加载：78]
[ info ] [ LANG ] G:\PHPTutorial\WWW\fh_offer\thinkphp\lang\zh-cn.php
[ info ] [ ROUTE ] array (
)
[ info ] [ HEADER ] array (
  'cookie' => 'pgv_pvi=941304832; PHPSESSID=nq1dbhdu652oo97mn227q4dlg0',
  'accept-language' => 'zh-CN,zh;q=0.9',
  'accept-encoding' => 'gzip, deflate',
  'referer' => 'http://www.offer.com/',
  'accept' => 'text/html,application/xhtml+xml,application/xml;q=0.9,image/webp,image/apng,*/*;q=0.8,application/signed-exchange;v=b3',
  'user-agent' => 'Mozilla/5.0 (Windows NT 10.0; Win64; x64) AppleWebKit/537.36 (KHTML, like Gecko) Chrome/73.0.3683.103 Safari/537.36',
  'upgrade-insecure-requests' => '1',
  'connection' => 'close',
  'host' => 'www.offer.com',
)
[ info ] [ PARAM ] array (
  'menuid' => '229',
)
[ info ] [ DB ] INIT mysql
[ info ] [ VIEW ] G:\PHPTutorial\WWW\fh_offer\application\admin\view\offertype\index.html [ array (
  0 => 'Config',
  1 => 'data',
) ]
[ sql ] [ DB ] CONNECT:[ UseTime:1.023576s ] mysql:host=localhost;dbname=dboffer;charset=utf8
[ sql ] [ SQL ] SHOW COLUMNS FROM `fdz_admin` [ RunTime:0.007445s ]
[ sql ] [ SQL ] SELECT * FROM `fdz_admin` WHERE  `userid` = 1 LIMIT 1 [ RunTime:0.000588s ]
[ sql ] [ SQL ] SELECT * FROM `fdz_admin` WHERE  `userid` = 1 LIMIT 1 [ RunTime:0.000518s ]
[ sql ] [ SQL ] SHOW COLUMNS FROM `fdz_offer_type` [ RunTime:0.006831s ]
[ sql ] [ SQL ] SELECT * FROM `fdz_offer_type` [ RunTime:0.000356s ]
---------------------------------------------------------------
[ 2019-05-11T11:02:03+08:00 ] 127.0.0.1 GET www.offer.com/admin/menu/index/menuid/14.html
[运行时间：1.138763s] [吞吐率：0.88req/s] [内存消耗：2,617.24kb] [文件加载：79]
[ info ] [ LANG ] G:\PHPTutorial\WWW\fh_offer\thinkphp\lang\zh-cn.php
[ info ] [ ROUTE ] array (
)
[ info ] [ HEADER ] array (
  'cookie' => 'pgv_pvi=941304832; PHPSESSID=nq1dbhdu652oo97mn227q4dlg0',
  'accept-language' => 'zh-CN,zh;q=0.9',
  'accept-encoding' => 'gzip, deflate',
  'referer' => 'http://www.offer.com/',
  'accept' => 'text/html,application/xhtml+xml,application/xml;q=0.9,image/webp,image/apng,*/*;q=0.8,application/signed-exchange;v=b3',
  'user-agent' => 'Mozilla/5.0 (Windows NT 10.0; Win64; x64) AppleWebKit/537.36 (KHTML, like Gecko) Chrome/73.0.3683.103 Safari/537.36',
  'upgrade-insecure-requests' => '1',
  'connection' => 'close',
  'host' => 'www.offer.com',
)
[ info ] [ PARAM ] array (
  'menuid' => '14',
)
[ info ] [ DB ] INIT mysql
[ info ] [ VIEW ] G:\PHPTutorial\WWW\fh_offer\application\admin\view\menu\index.html [ array (
  0 => 'Config',
  1 => 'categorys',
) ]
[ sql ] [ DB ] CONNECT:[ UseTime:1.023906s ] mysql:host=localhost;dbname=dboffer;charset=utf8
[ sql ] [ SQL ] SHOW COLUMNS FROM `fdz_admin` [ RunTime:0.007233s ]
[ sql ] [ SQL ] SELECT * FROM `fdz_admin` WHERE  `userid` = 1 LIMIT 1 [ RunTime:0.000495s ]
[ sql ] [ SQL ] SELECT * FROM `fdz_admin` WHERE  `userid` = 1 LIMIT 1 [ RunTime:0.000391s ]
[ sql ] [ SQL ] SHOW COLUMNS FROM `fdz_menu` [ RunTime:0.007157s ]
[ sql ] [ SQL ] SELECT * FROM `fdz_menu` ORDER BY `listorder`,`id` DESC [ RunTime:0.000666s ]
---------------------------------------------------------------
[ 2019-05-11T11:02:07+08:00 ] 127.0.0.1 GET www.offer.com/admin/menu/edit/id/272.html
[运行时间：1.113248s] [吞吐率：0.90req/s] [内存消耗：2,579.98kb] [文件加载：79]
[ info ] [ LANG ] G:\PHPTutorial\WWW\fh_offer\thinkphp\lang\zh-cn.php
[ info ] [ ROUTE ] array (
)
[ info ] [ HEADER ] array (
  'cookie' => 'pgv_pvi=941304832; PHPSESSID=nq1dbhdu652oo97mn227q4dlg0',
  'accept-language' => 'zh-CN,zh;q=0.9',
  'accept-encoding' => 'gzip, deflate',
  'referer' => 'http://www.offer.com/admin/menu/index/menuid/14.html',
  'accept' => 'text/html,application/xhtml+xml,application/xml;q=0.9,image/webp,image/apng,*/*;q=0.8,application/signed-exchange;v=b3',
  'user-agent' => 'Mozilla/5.0 (Windows NT 10.0; Win64; x64) AppleWebKit/537.36 (KHTML, like Gecko) Chrome/73.0.3683.103 Safari/537.36',
  'upgrade-insecure-requests' => '1',
  'connection' => 'close',
  'host' => 'www.offer.com',
)
[ info ] [ PARAM ] array (
  'id' => '272',
)
[ info ] [ DB ] INIT mysql
[ info ] [ VIEW ] G:\PHPTutorial\WWW\fh_offer\application\admin\view\menu\edit.html [ array (
  0 => 'Config',
  1 => 'data',
  2 => 'select_categorys',
) ]
[ sql ] [ DB ] CONNECT:[ UseTime:1.022453s ] mysql:host=localhost;dbname=dboffer;charset=utf8
[ sql ] [ SQL ] SHOW COLUMNS FROM `fdz_admin` [ RunTime:0.007137s ]
[ sql ] [ SQL ] SELECT * FROM `fdz_admin` WHERE  `userid` = 1 LIMIT 1 [ RunTime:0.000464s ]
[ sql ] [ SQL ] SELECT * FROM `fdz_admin` WHERE  `userid` = 1 LIMIT 1 [ RunTime:0.000434s ]
[ sql ] [ SQL ] SHOW COLUMNS FROM `fdz_menu` [ RunTime:0.007305s ]
[ sql ] [ SQL ] SELECT * FROM `fdz_menu` WHERE  `id` = 272 LIMIT 1 [ RunTime:0.000418s ]
[ sql ] [ SQL ] SELECT * FROM `fdz_menu` ORDER BY `listorder`,`id` DESC [ RunTime:0.000651s ]
---------------------------------------------------------------
[ 2019-05-11T11:02:11+08:00 ] 127.0.0.1 GET www.offer.com/admin/menu/index.html
[运行时间：1.087437s] [吞吐率：0.92req/s] [内存消耗：2,616.51kb] [文件加载：79]
[ info ] [ LANG ] G:\PHPTutorial\WWW\fh_offer\thinkphp\lang\zh-cn.php
[ info ] [ ROUTE ] array (
)
[ info ] [ HEADER ] array (
  'cookie' => 'pgv_pvi=941304832; PHPSESSID=nq1dbhdu652oo97mn227q4dlg0',
  'accept-language' => 'zh-CN,zh;q=0.9',
  'accept-encoding' => 'gzip, deflate',
  'referer' => 'http://www.offer.com/admin/menu/edit/id/272.html',
  'accept' => 'text/html,application/xhtml+xml,application/xml;q=0.9,image/webp,image/apng,*/*;q=0.8,application/signed-exchange;v=b3',
  'user-agent' => 'Mozilla/5.0 (Windows NT 10.0; Win64; x64) AppleWebKit/537.36 (KHTML, like Gecko) Chrome/73.0.3683.103 Safari/537.36',
  'upgrade-insecure-requests' => '1',
  'connection' => 'close',
  'host' => 'www.offer.com',
)
[ info ] [ PARAM ] array (
)
[ info ] [ DB ] INIT mysql
[ info ] [ VIEW ] G:\PHPTutorial\WWW\fh_offer\application\admin\view\menu\index.html [ array (
  0 => 'Config',
  1 => 'categorys',
) ]
[ sql ] [ DB ] CONNECT:[ UseTime:1.022702s ] mysql:host=localhost;dbname=dboffer;charset=utf8
[ sql ] [ SQL ] SHOW COLUMNS FROM `fdz_admin` [ RunTime:0.007632s ]
[ sql ] [ SQL ] SELECT * FROM `fdz_admin` WHERE  `userid` = 1 LIMIT 1 [ RunTime:0.000461s ]
[ sql ] [ SQL ] SELECT * FROM `fdz_admin` WHERE  `userid` = 1 LIMIT 1 [ RunTime:0.000449s ]
[ sql ] [ SQL ] SHOW COLUMNS FROM `fdz_menu` [ RunTime:0.007107s ]
[ sql ] [ SQL ] SELECT * FROM `fdz_menu` ORDER BY `listorder`,`id` DESC [ RunTime:0.000648s ]
---------------------------------------------------------------
[ 2019-05-11T11:02:14+08:00 ] 127.0.0.1 GET www.offer.com/admin/menu/edit/id/270.html
[运行时间：1.073206s] [吞吐率：0.93req/s] [内存消耗：2,579.97kb] [文件加载：79]
[ info ] [ LANG ] G:\PHPTutorial\WWW\fh_offer\thinkphp\lang\zh-cn.php
[ info ] [ ROUTE ] array (
)
[ info ] [ HEADER ] array (
  'cookie' => 'pgv_pvi=941304832; PHPSESSID=nq1dbhdu652oo97mn227q4dlg0',
  'accept-language' => 'zh-CN,zh;q=0.9',
  'accept-encoding' => 'gzip, deflate',
  'referer' => 'http://www.offer.com/admin/menu/index.html',
  'accept' => 'text/html,application/xhtml+xml,application/xml;q=0.9,image/webp,image/apng,*/*;q=0.8,application/signed-exchange;v=b3',
  'user-agent' => 'Mozilla/5.0 (Windows NT 10.0; Win64; x64) AppleWebKit/537.36 (KHTML, like Gecko) Chrome/73.0.3683.103 Safari/537.36',
  'upgrade-insecure-requests' => '1',
  'connection' => 'close',
  'host' => 'www.offer.com',
)
[ info ] [ PARAM ] array (
  'id' => '270',
)
[ info ] [ DB ] INIT mysql
[ info ] [ VIEW ] G:\PHPTutorial\WWW\fh_offer\application\admin\view\menu\edit.html [ array (
  0 => 'Config',
  1 => 'data',
  2 => 'select_categorys',
) ]
[ sql ] [ DB ] CONNECT:[ UseTime:1.012952s ] mysql:host=localhost;dbname=dboffer;charset=utf8
[ sql ] [ SQL ] SHOW COLUMNS FROM `fdz_admin` [ RunTime:0.007051s ]
[ sql ] [ SQL ] SELECT * FROM `fdz_admin` WHERE  `userid` = 1 LIMIT 1 [ RunTime:0.000460s ]
[ sql ] [ SQL ] SELECT * FROM `fdz_admin` WHERE  `userid` = 1 LIMIT 1 [ RunTime:0.000428s ]
[ sql ] [ SQL ] SHOW COLUMNS FROM `fdz_menu` [ RunTime:0.007173s ]
[ sql ] [ SQL ] SELECT * FROM `fdz_menu` WHERE  `id` = 270 LIMIT 1 [ RunTime:0.000342s ]
[ sql ] [ SQL ] SELECT * FROM `fdz_menu` ORDER BY `listorder`,`id` DESC [ RunTime:0.000566s ]
---------------------------------------------------------------
[ 2019-05-11T15:17:14+08:00 ] 127.0.0.1 GET www.offer.com/admin/menu/index.html
[运行时间：0.067535s] [吞吐率：14.81req/s] [内存消耗：1,732.23kb] [文件加载：72]
[ info ] [ LANG ] G:\PHPTutorial\WWW\fh_offer\thinkphp\lang\zh-cn.php
[ info ] [ ROUTE ] array (
)
[ info ] [ HEADER ] array (
  'cookie' => 'pgv_pvi=941304832; PHPSESSID=nq1dbhdu652oo97mn227q4dlg0',
  'accept-language' => 'zh-CN,zh;q=0.9',
  'accept-encoding' => 'gzip, deflate',
  'referer' => 'http://www.offer.com/admin/menu/edit/id/270.html',
  'accept' => 'text/html,application/xhtml+xml,application/xml;q=0.9,image/webp,image/apng,*/*;q=0.8,application/signed-exchange;v=b3',
  'user-agent' => 'Mozilla/5.0 (Windows NT 10.0; Win64; x64) AppleWebKit/537.36 (KHTML, like Gecko) Chrome/73.0.3683.103 Safari/537.36',
  'upgrade-insecure-requests' => '1',
  'connection' => 'close',
  'host' => 'www.offer.com',
)
[ info ] [ PARAM ] array (
)
---------------------------------------------------------------
[ 2019-05-11T15:17:14+08:00 ] 127.0.0.1 GET www.offer.com/admin/login/index.html
[运行时间：0.052710s] [吞吐率：18.97req/s] [内存消耗：1,730.30kb] [文件加载：68]
[ info ] [ LANG ] G:\PHPTutorial\WWW\fh_offer\thinkphp\lang\zh-cn.php
[ info ] [ ROUTE ] array (
)
[ info ] [ HEADER ] array (
  'cookie' => 'pgv_pvi=941304832; PHPSESSID=nq1dbhdu652oo97mn227q4dlg0',
  'accept-language' => 'zh-CN,zh;q=0.9',
  'accept-encoding' => 'gzip, deflate',
  'referer' => 'http://www.offer.com/admin/menu/edit/id/270.html',
  'accept' => 'text/html,application/xhtml+xml,application/xml;q=0.9,image/webp,image/apng,*/*;q=0.8,application/signed-exchange;v=b3',
  'user-agent' => 'Mozilla/5.0 (Windows NT 10.0; Win64; x64) AppleWebKit/537.36 (KHTML, like Gecko) Chrome/73.0.3683.103 Safari/537.36',
  'upgrade-insecure-requests' => '1',
  'connection' => 'close',
  'host' => 'www.offer.com',
)
[ info ] [ PARAM ] array (
)
[ info ] [ VIEW ] G:\PHPTutorial\WWW\fh_offer\application\admin\view\login\index.html [ array (
) ]
---------------------------------------------------------------
[ 2019-05-11T15:17:17+08:00 ] 127.0.0.1 GET www.offer.com/
[运行时间：0.034605s] [吞吐率：28.90req/s] [内存消耗：1,733.75kb] [文件加载：72]
[ info ] [ LANG ] G:\PHPTutorial\WWW\fh_offer\thinkphp\lang\zh-cn.php
[ info ] [ ROUTE ] array (
)
[ info ] [ HEADER ] array (
  'cookie' => 'pgv_pvi=941304832; PHPSESSID=nq1dbhdu652oo97mn227q4dlg0',
  'accept-language' => 'zh-CN,zh;q=0.9',
  'accept-encoding' => 'gzip, deflate',
  'accept' => 'text/html,application/xhtml+xml,application/xml;q=0.9,image/webp,image/apng,*/*;q=0.8,application/signed-exchange;v=b3',
  'user-agent' => 'Mozilla/5.0 (Windows NT 10.0; Win64; x64) AppleWebKit/537.36 (KHTML, like Gecko) Chrome/73.0.3683.103 Safari/537.36',
  'upgrade-insecure-requests' => '1',
  'cache-control' => 'max-age=0',
  'connection' => 'close',
  'host' => 'www.offer.com',
)
[ info ] [ PARAM ] array (
)
---------------------------------------------------------------
[ 2019-05-11T15:17:17+08:00 ] 127.0.0.1 GET www.offer.com/admin/login/index.html
[运行时间：0.029481s] [吞吐率：33.92req/s] [内存消耗：1,730.26kb] [文件加载：68]
[ info ] [ LANG ] G:\PHPTutorial\WWW\fh_offer\thinkphp\lang\zh-cn.php
[ info ] [ ROUTE ] array (
)
[ info ] [ HEADER ] array (
  'cookie' => 'pgv_pvi=941304832; PHPSESSID=nq1dbhdu652oo97mn227q4dlg0',
  'accept-language' => 'zh-CN,zh;q=0.9',
  'accept-encoding' => 'gzip, deflate',
  'accept' => 'text/html,application/xhtml+xml,application/xml;q=0.9,image/webp,image/apng,*/*;q=0.8,application/signed-exchange;v=b3',
  'user-agent' => 'Mozilla/5.0 (Windows NT 10.0; Win64; x64) AppleWebKit/537.36 (KHTML, like Gecko) Chrome/73.0.3683.103 Safari/537.36',
  'upgrade-insecure-requests' => '1',
  'cache-control' => 'max-age=0',
  'connection' => 'close',
  'host' => 'www.offer.com',
)
[ info ] [ PARAM ] array (
)
[ info ] [ VIEW ] G:\PHPTutorial\WWW\fh_offer\application\admin\view\login\index.html [ array (
) ]
---------------------------------------------------------------
[ 2019-05-11T15:17:19+08:00 ] 127.0.0.1 POST www.offer.com/admin/login/index.html
[运行时间：1.291001s] [吞吐率：0.77req/s] [内存消耗：2,480.04kb] [文件加载：74]
[ info ] [ LANG ] G:\PHPTutorial\WWW\fh_offer\thinkphp\lang\zh-cn.php
[ info ] [ ROUTE ] array (
)
[ info ] [ HEADER ] array (
  'cookie' => 'pgv_pvi=941304832; PHPSESSID=nq1dbhdu652oo97mn227q4dlg0',
  'accept-language' => 'zh-CN,zh;q=0.9',
  'accept-encoding' => 'gzip, deflate',
  'referer' => 'http://www.offer.com/admin/login/index.html',
  'accept' => 'text/html,application/xhtml+xml,application/xml;q=0.9,image/webp,image/apng,*/*;q=0.8,application/signed-exchange;v=b3',
  'user-agent' => 'Mozilla/5.0 (Windows NT 10.0; Win64; x64) AppleWebKit/537.36 (KHTML, like Gecko) Chrome/73.0.3683.103 Safari/537.36',
  'content-type' => 'application/x-www-form-urlencoded',
  'upgrade-insecure-requests' => '1',
  'origin' => 'http://www.offer.com',
  'cache-control' => 'max-age=0',
  'content-length' => '31',
  'connection' => 'close',
  'host' => 'www.offer.com',
)
[ info ] [ PARAM ] array (
  'username' => 'fkd',
  'password' => '123456789',
)
[ info ] [ DB ] INIT mysql
[ sql ] [ DB ] CONNECT:[ UseTime:1.027049s ] mysql:host=localhost;dbname=dboffer;charset=utf8
[ sql ] [ SQL ] SHOW COLUMNS FROM `fdz_admin` [ RunTime:0.032821s ]
[ sql ] [ SQL ] SELECT * FROM `fdz_admin` WHERE  `username` = 'fkd' LIMIT 1 [ RunTime:0.000583s ]
[ sql ] [ SQL ] SHOW COLUMNS FROM `fdz_admin_operation` [ RunTime:0.030918s ]
[ sql ] [ SQL ] INSERT INTO `fdz_admin_operation` (`aid` , `sid` , `rid` , `operation_type` , `operation_time` , `operation`) VALUES (1 , 0 , 1 , 1 , '1557559039' , '登录操作') [ RunTime:0.004272s ]
[ sql ] [ SQL ] UPDATE `fdz_admin`  SET `last_login_time` = 1557559039 , `last_login_address` = '广东省广州市' , `login_ip` = '127.0.0.1'  WHERE  `userid` = 1 [ RunTime:0.000419s ]
---------------------------------------------------------------
[ 2019-05-11T15:17:21+08:00 ] 127.0.0.1 GET www.offer.com/admin/index/index.html
[运行时间：1.137291s] [吞吐率：0.88req/s] [内存消耗：2,654.82kb] [文件加载：80]
[ info ] [ LANG ] G:\PHPTutorial\WWW\fh_offer\thinkphp\lang\zh-cn.php
[ info ] [ ROUTE ] array (
)
[ info ] [ HEADER ] array (
  'cookie' => 'pgv_pvi=941304832; PHPSESSID=nq1dbhdu652oo97mn227q4dlg0',
  'accept-language' => 'zh-CN,zh;q=0.9',
  'accept-encoding' => 'gzip, deflate',
  'referer' => 'http://www.offer.com/admin/login/index.html',
  'accept' => 'text/html,application/xhtml+xml,application/xml;q=0.9,image/webp,image/apng,*/*;q=0.8,application/signed-exchange;v=b3',
  'user-agent' => 'Mozilla/5.0 (Windows NT 10.0; Win64; x64) AppleWebKit/537.36 (KHTML, like Gecko) Chrome/73.0.3683.103 Safari/537.36',
  'upgrade-insecure-requests' => '1',
  'cache-control' => 'max-age=0',
  'connection' => 'close',
  'host' => 'www.offer.com',
)
[ info ] [ PARAM ] array (
)
[ info ] [ DB ] INIT mysql
[ info ] [ VIEW ] G:\PHPTutorial\WWW\fh_offer\application\admin\view\index\index.html [ array (
  0 => 'Config',
  1 => 'userInfo',
  2 => 'SUBMENU_CONFIG',
) ]
[ sql ] [ DB ] CONNECT:[ UseTime:1.001387s ] mysql:host=localhost;dbname=dboffer;charset=utf8
[ sql ] [ SQL ] SHOW COLUMNS FROM `fdz_admin` [ RunTime:0.007183s ]
[ sql ] [ SQL ] SELECT * FROM `fdz_admin` WHERE  `userid` = 1 LIMIT 1 [ RunTime:0.000471s ]
[ sql ] [ SQL ] SELECT * FROM `fdz_admin` WHERE  `userid` = 1 LIMIT 1 [ RunTime:0.000423s ]
[ sql ] [ SQL ] SHOW COLUMNS FROM `fdz_menu` [ RunTime:0.032031s ]
[ sql ] [ SQL ] SELECT * FROM `fdz_menu` WHERE  `parentid` = 0  AND `status` = 1 ORDER BY `listorder` ASC,`id` ASC [ RunTime:0.000549s ]
[ sql ] [ SQL ] SELECT * FROM `fdz_menu` WHERE  `parentid` = 3  AND `status` = 1 ORDER BY `listorder` ASC,`id` ASC [ RunTime:0.000477s ]
[ sql ] [ SQL ] SELECT * FROM `fdz_menu` WHERE  `parentid` = 10  AND `status` = 1 ORDER BY `listorder` ASC,`id` ASC [ RunTime:0.000435s ]
[ sql ] [ SQL ] SELECT * FROM `fdz_menu` WHERE  `parentid` = 14  AND `status` = 1 ORDER BY `listorder` ASC,`id` ASC [ RunTime:0.000427s ]
[ sql ] [ SQL ] SELECT * FROM `fdz_menu` WHERE  `parentid` = 15  AND `status` = 1 ORDER BY `listorder` ASC,`id` ASC [ RunTime:0.000490s ]
[ sql ] [ SQL ] SELECT * FROM `fdz_menu` WHERE  `parentid` = 16  AND `status` = 1 ORDER BY `listorder` ASC,`id` ASC [ RunTime:0.000438s ]
[ sql ] [ SQL ] SELECT * FROM `fdz_menu` WHERE  `parentid` = 17  AND `status` = 1 ORDER BY `listorder` ASC,`id` ASC [ RunTime:0.000425s ]
[ sql ] [ SQL ] SELECT * FROM `fdz_menu` WHERE  `parentid` = 228  AND `status` = 1 ORDER BY `listorder` ASC,`id` ASC [ RunTime:0.000387s ]
[ sql ] [ SQL ] SELECT * FROM `fdz_menu` WHERE  `parentid` = 229  AND `status` = 1 ORDER BY `listorder` ASC,`id` ASC [ RunTime:0.000361s ]
[ sql ] [ SQL ] SELECT * FROM `fdz_menu` WHERE  `parentid` = 249  AND `status` = 1 ORDER BY `listorder` ASC,`id` ASC [ RunTime:0.000392s ]
[ sql ] [ SQL ] SELECT * FROM `fdz_menu` WHERE  `parentid` = 231  AND `status` = 1 ORDER BY `listorder` ASC,`id` ASC [ RunTime:0.000372s ]
[ sql ] [ SQL ] SELECT * FROM `fdz_menu` WHERE  `parentid` = 235  AND `status` = 1 ORDER BY `listorder` ASC,`id` ASC [ RunTime:0.000320s ]
[ sql ] [ SQL ] SELECT * FROM `fdz_menu` WHERE  `parentid` = 256  AND `status` = 1 ORDER BY `listorder` ASC,`id` ASC [ RunTime:0.000321s ]
[ sql ] [ SQL ] SELECT * FROM `fdz_menu` WHERE  `parentid` = 262  AND `status` = 1 ORDER BY `listorder` ASC,`id` ASC [ RunTime:0.000384s ]
[ sql ] [ SQL ] SELECT * FROM `fdz_menu` WHERE  `parentid` = 263  AND `status` = 1 ORDER BY `listorder` ASC,`id` ASC [ RunTime:0.000326s ]
[ sql ] [ SQL ] SELECT * FROM `fdz_menu` WHERE  `parentid` = 264  AND `status` = 1 ORDER BY `listorder` ASC,`id` ASC [ RunTime:0.000317s ]
[ sql ] [ SQL ] SELECT * FROM `fdz_menu` WHERE  `parentid` = 269  AND `status` = 1 ORDER BY `listorder` ASC,`id` ASC [ RunTime:0.000323s ]
[ sql ] [ SQL ] SELECT * FROM `fdz_menu` WHERE  `parentid` = 267  AND `status` = 1 ORDER BY `listorder` ASC,`id` ASC [ RunTime:0.000354s ]
[ sql ] [ SQL ] SELECT * FROM `fdz_menu` WHERE  `parentid` = 268  AND `status` = 1 ORDER BY `listorder` ASC,`id` ASC [ RunTime:0.000332s ]
[ sql ] [ SQL ] SELECT * FROM `fdz_menu` WHERE  `parentid` = 270  AND `status` = 1 ORDER BY `listorder` ASC,`id` ASC [ RunTime:0.000320s ]
[ sql ] [ SQL ] SELECT * FROM `fdz_menu` WHERE  `parentid` = 271  AND `status` = 1 ORDER BY `listorder` ASC,`id` ASC [ RunTime:0.000319s ]
[ sql ] [ SQL ] SELECT * FROM `fdz_menu` WHERE  `parentid` = 272  AND `status` = 1 ORDER BY `listorder` ASC,`id` ASC [ RunTime:0.000315s ]
---------------------------------------------------------------
[ 2019-05-11T15:17:22+08:00 ] 127.0.0.1 GET www.offer.com/admin/main/index.html
[运行时间：1.257385s] [吞吐率：0.80req/s] [内存消耗：2,604.45kb] [文件加载：78]
[ info ] [ LANG ] G:\PHPTutorial\WWW\fh_offer\thinkphp\lang\zh-cn.php
[ info ] [ ROUTE ] array (
)
[ info ] [ HEADER ] array (
  'cookie' => 'pgv_pvi=941304832; PHPSESSID=nq1dbhdu652oo97mn227q4dlg0',
  'accept-language' => 'zh-CN,zh;q=0.9',
  'accept-encoding' => 'gzip, deflate',
  'referer' => 'http://www.offer.com/admin/index/index.html',
  'accept' => 'text/html,application/xhtml+xml,application/xml;q=0.9,image/webp,image/apng,*/*;q=0.8,application/signed-exchange;v=b3',
  'user-agent' => 'Mozilla/5.0 (Windows NT 10.0; Win64; x64) AppleWebKit/537.36 (KHTML, like Gecko) Chrome/73.0.3683.103 Safari/537.36',
  'upgrade-insecure-requests' => '1',
  'connection' => 'close',
  'host' => 'www.offer.com',
)
[ info ] [ PARAM ] array (
)
[ info ] [ DB ] INIT mysql
[ info ] [ VIEW ] G:\PHPTutorial\WWW\fh_offer\application\admin\view\main\index.html [ array (
  0 => 'Config',
  1 => 'countuser',
  2 => 'countdrive',
  3 => 'py',
  4 => 're',
  5 => 'rerole',
  6 => 'gonggao',
  7 => 'userInfo',
  8 => 'sys_info',
  9 => 'countall',
  10 => 'session_info',
) ]
[ sql ] [ DB ] CONNECT:[ UseTime:1.011787s ] mysql:host=localhost;dbname=dboffer;charset=utf8
[ sql ] [ SQL ] SHOW COLUMNS FROM `fdz_admin` [ RunTime:0.007137s ]
[ sql ] [ SQL ] SELECT * FROM `fdz_admin` WHERE  `userid` = 1 LIMIT 1 [ RunTime:0.000429s ]
[ sql ] [ SQL ] SELECT * FROM `fdz_admin` WHERE  `userid` = 1 LIMIT 1 [ RunTime:0.000411s ]
[ sql ] [ SQL ] SELECT * FROM `fdz_admin` WHERE  `userid` = 1 LIMIT 1 [ RunTime:0.000413s ]
[ sql ] [ SQL ] SHOW COLUMNS FROM `fdz_frame` [ RunTime:0.036738s ]
[ sql ] [ SQL ] SELECT * FROM `fdz_frame` WHERE  `id` = 1 LIMIT 1 [ RunTime:0.000347s ]
[ sql ] [ SQL ] SHOW COLUMNS FROM `fdz_auth_group` [ RunTime:0.019051s ]
[ sql ] [ SQL ] SELECT `title`,`description` FROM `fdz_auth_group` WHERE  `id` = 1 LIMIT 1 [ RunTime:0.000366s ]
[ sql ] [ SQL ] SHOW COLUMNS FROM `fdz_shop` [ RunTime:0.007573s ]
[ sql ] [ SQL ] SELECT `name`,`money`,`phone` FROM `fdz_shop` LIMIT 1 [ RunTime:0.000458s ]
[ sql ] [ SQL ] SHOW COLUMNS FROM `fdz_notice_list` [ RunTime:0.007559s ]
[ sql ] [ SQL ] SELECT * FROM `fdz_notice_list` ORDER BY `time` DESC LIMIT 1 [ RunTime:0.000382s ]
[ sql ] [ SQL ] SHOW COLUMNS FROM `fdz_userinfo` [ RunTime:0.007996s ]
[ sql ] [ SQL ] SELECT * FROM `fdz_userinfo` [ RunTime:0.000390s ]
[ sql ] [ SQL ] SHOW COLUMNS FROM `fdz_driver` [ RunTime:0.008222s ]
[ sql ] [ SQL ] SELECT * FROM `fdz_driver` [ RunTime:0.000495s ]
[ sql ] [ SQL ] SELECT VERSION() as version [ RunTime:0.000346s ]
[ sql ] [ SQL ] SELECT * FROM `fdz_driver` [ RunTime:0.000429s ]
---------------------------------------------------------------
[ 2019-05-11T15:17:25+08:00 ] 127.0.0.1 GET www.offer.com/admin/offerlist/index/menuid/249.html
[运行时间：1.208160s] [吞吐率：0.83req/s] [内存消耗：2,627.87kb] [文件加载：80]
[ info ] [ LANG ] G:\PHPTutorial\WWW\fh_offer\thinkphp\lang\zh-cn.php
[ info ] [ ROUTE ] array (
)
[ info ] [ HEADER ] array (
  'cookie' => 'pgv_pvi=941304832; PHPSESSID=nq1dbhdu652oo97mn227q4dlg0',
  'accept-language' => 'zh-CN,zh;q=0.9',
  'accept-encoding' => 'gzip, deflate',
  'referer' => 'http://www.offer.com/admin/index/index.html',
  'accept' => 'text/html,application/xhtml+xml,application/xml;q=0.9,image/webp,image/apng,*/*;q=0.8,application/signed-exchange;v=b3',
  'user-agent' => 'Mozilla/5.0 (Windows NT 10.0; Win64; x64) AppleWebKit/537.36 (KHTML, like Gecko) Chrome/73.0.3683.103 Safari/537.36',
  'upgrade-insecure-requests' => '1',
  'connection' => 'close',
  'host' => 'www.offer.com',
)
[ info ] [ PARAM ] array (
  'menuid' => '249',
)
[ info ] [ DB ] INIT mysql
[ info ] [ VIEW ] G:\PHPTutorial\WWW\fh_offer\application\admin\view\offerlist\index.html [ array (
  0 => 'Config',
  1 => 'data',
) ]
[ sql ] [ DB ] CONNECT:[ UseTime:1.022416s ] mysql:host=localhost;dbname=dboffer;charset=utf8
[ sql ] [ SQL ] SHOW COLUMNS FROM `fdz_admin` [ RunTime:0.007325s ]
[ sql ] [ SQL ] SELECT * FROM `fdz_admin` WHERE  `userid` = 1 LIMIT 1 [ RunTime:0.000473s ]
[ sql ] [ SQL ] SELECT * FROM `fdz_admin` WHERE  `userid` = 1 LIMIT 1 [ RunTime:0.000403s ]
[ sql ] [ SQL ] SHOW COLUMNS FROM `fdz_offerlist` [ RunTime:0.064124s ]
[ sql ] [ SQL ] SELECT COUNT(*) AS tp_count FROM `fdz_offerlist` WHERE  `userid` = 1 LIMIT 1 [ RunTime:0.000416s ]
[ sql ] [ SQL ] SELECT * FROM `fdz_offerlist` WHERE  `userid` = 1 LIMIT 0,20 [ RunTime:0.000371s ]
[ sql ] [ SQL ] SHOW COLUMNS FROM `fdz_userlist` [ RunTime:0.016618s ]
[ sql ] [ SQL ] SELECT * FROM `fdz_userlist` WHERE  `id` = 1 LIMIT 1 [ RunTime:0.000466s ]
[ sql ] [ SQL ] SHOW COLUMNS FROM `fdz_space_type` [ RunTime:0.013882s ]
[ sql ] [ SQL ] SELECT * FROM `fdz_space_type` WHERE  `id` = 3 LIMIT 1 [ RunTime:0.000404s ]
[ sql ] [ SQL ] SELECT * FROM `fdz_userlist` WHERE  `id` = 2 LIMIT 1 [ RunTime:0.000381s ]
[ sql ] [ SQL ] SELECT * FROM `fdz_space_type` WHERE  `id` = 7 LIMIT 1 [ RunTime:0.000344s ]
---------------------------------------------------------------
[ 2019-05-11T15:17:28+08:00 ] 127.0.0.1 GET www.offer.com/admin/indent/index/menuid/235.html
[运行时间：1.169511s] [吞吐率：0.86req/s] [内存消耗：2,545.55kb] [文件加载：78]
[ info ] [ LANG ] G:\PHPTutorial\WWW\fh_offer\thinkphp\lang\zh-cn.php
[ info ] [ ROUTE ] array (
)
[ info ] [ HEADER ] array (
  'cookie' => 'pgv_pvi=941304832; PHPSESSID=nq1dbhdu652oo97mn227q4dlg0',
  'accept-language' => 'zh-CN,zh;q=0.9',
  'accept-encoding' => 'gzip, deflate',
  'referer' => 'http://www.offer.com/admin/index/index.html',
  'accept' => 'text/html,application/xhtml+xml,application/xml;q=0.9,image/webp,image/apng,*/*;q=0.8,application/signed-exchange;v=b3',
  'user-agent' => 'Mozilla/5.0 (Windows NT 10.0; Win64; x64) AppleWebKit/537.36 (KHTML, like Gecko) Chrome/73.0.3683.103 Safari/537.36',
  'upgrade-insecure-requests' => '1',
  'connection' => 'close',
  'host' => 'www.offer.com',
)
[ info ] [ PARAM ] array (
  'menuid' => '235',
)
[ info ] [ DB ] INIT mysql
[ info ] [ VIEW ] G:\PHPTutorial\WWW\fh_offer\application\admin\view\indent\index.html [ array (
  0 => 'Config',
  1 => 'data',
) ]
[ sql ] [ DB ] CONNECT:[ UseTime:1.024302s ] mysql:host=localhost;dbname=dboffer;charset=utf8
[ sql ] [ SQL ] SHOW COLUMNS FROM `fdz_admin` [ RunTime:0.011221s ]
[ sql ] [ SQL ] SELECT * FROM `fdz_admin` WHERE  `userid` = 1 LIMIT 1 [ RunTime:0.000590s ]
[ sql ] [ SQL ] SELECT * FROM `fdz_admin` WHERE  `userid` = 1 LIMIT 1 [ RunTime:0.000490s ]
[ sql ] [ SQL ] SHOW COLUMNS FROM `fdz_frame` [ RunTime:0.007065s ]
[ sql ] [ SQL ] SELECT `id`,`name` FROM `fdz_frame` WHERE  `levelid` = 2  AND `status` = 0 [ RunTime:0.000425s ]
---------------------------------------------------------------
[ 2019-05-11T15:17:29+08:00 ] 127.0.0.1 GET www.offer.com/admin/indent/treetype.html
[运行时间：1.078036s] [吞吐率：0.93req/s] [内存消耗：2,586.75kb] [文件加载：73]
[ info ] [ LANG ] G:\PHPTutorial\WWW\fh_offer\thinkphp\lang\zh-cn.php
[ info ] [ ROUTE ] array (
)
[ info ] [ HEADER ] array (
  'cookie' => 'pgv_pvi=941304832; PHPSESSID=nq1dbhdu652oo97mn227q4dlg0',
  'accept-language' => 'zh-CN,zh;q=0.9',
  'accept-encoding' => 'gzip, deflate',
  'referer' => 'http://www.offer.com/admin/indent/index/menuid/235.html',
  'user-agent' => 'Mozilla/5.0 (Windows NT 10.0; Win64; x64) AppleWebKit/537.36 (KHTML, like Gecko) Chrome/73.0.3683.103 Safari/537.36',
  'x-requested-with' => 'XMLHttpRequest',
  'accept' => 'application/json, text/javascript, */*; q=0.01',
  'connection' => 'close',
  'host' => 'www.offer.com',
)
[ info ] [ PARAM ] array (
)
[ info ] [ DB ] INIT mysql
[ sql ] [ DB ] CONNECT:[ UseTime:1.022672s ] mysql:host=localhost;dbname=dboffer;charset=utf8
[ sql ] [ SQL ] SHOW COLUMNS FROM `fdz_admin` [ RunTime:0.007228s ]
[ sql ] [ SQL ] SELECT * FROM `fdz_admin` WHERE  `userid` = 1 LIMIT 1 [ RunTime:0.000403s ]
[ sql ] [ SQL ] SELECT * FROM `fdz_admin` WHERE  `userid` = 1 LIMIT 1 [ RunTime:0.000347s ]
[ sql ] [ SQL ] SHOW COLUMNS FROM `fdz_frame` [ RunTime:0.007507s ]
[ sql ] [ SQL ] SELECT * FROM `fdz_frame` [ RunTime:0.000622s ]
---------------------------------------------------------------
[ 2019-05-11T18:19:31+08:00 ] 127.0.0.1 GET www.offer.com/admin/index/index.html
[运行时间：1.103943s] [吞吐率：0.91req/s] [内存消耗：2,654.88kb] [文件加载：80]
[ info ] [ LANG ] G:\PHPTutorial\WWW\fh_offer\thinkphp\lang\zh-cn.php
[ info ] [ ROUTE ] array (
)
[ info ] [ HEADER ] array (
  'cookie' => 'pgv_pvi=941304832; PHPSESSID=nq1dbhdu652oo97mn227q4dlg0',
  'accept-language' => 'zh-CN,zh;q=0.9',
  'accept-encoding' => 'gzip, deflate',
  'referer' => 'http://www.offer.com/admin/login/index.html',
  'accept' => 'text/html,application/xhtml+xml,application/xml;q=0.9,image/webp,image/apng,*/*;q=0.8,application/signed-exchange;v=b3',
  'user-agent' => 'Mozilla/5.0 (Windows NT 10.0; Win64; x64) AppleWebKit/537.36 (KHTML, like Gecko) Chrome/73.0.3683.103 Safari/537.36',
  'upgrade-insecure-requests' => '1',
  'cache-control' => 'max-age=0',
  'connection' => 'close',
  'host' => 'www.offer.com',
)
[ info ] [ PARAM ] array (
)
[ info ] [ DB ] INIT mysql
[ info ] [ VIEW ] G:\PHPTutorial\WWW\fh_offer\application\admin\view\index\index.html [ array (
  0 => 'Config',
  1 => 'userInfo',
  2 => 'SUBMENU_CONFIG',
) ]
[ sql ] [ DB ] CONNECT:[ UseTime:1.023525s ] mysql:host=localhost;dbname=dboffer;charset=utf8
[ sql ] [ SQL ] SHOW COLUMNS FROM `fdz_admin` [ RunTime:0.009035s ]
[ sql ] [ SQL ] SELECT * FROM `fdz_admin` WHERE  `userid` = 1 LIMIT 1 [ RunTime:0.000564s ]
[ sql ] [ SQL ] SELECT * FROM `fdz_admin` WHERE  `userid` = 1 LIMIT 1 [ RunTime:0.000422s ]
[ sql ] [ SQL ] SHOW COLUMNS FROM `fdz_menu` [ RunTime:0.007991s ]
[ sql ] [ SQL ] SELECT * FROM `fdz_menu` WHERE  `parentid` = 0  AND `status` = 1 ORDER BY `listorder` ASC,`id` ASC [ RunTime:0.000572s ]
[ sql ] [ SQL ] SELECT * FROM `fdz_menu` WHERE  `parentid` = 3  AND `status` = 1 ORDER BY `listorder` ASC,`id` ASC [ RunTime:0.000457s ]
[ sql ] [ SQL ] SELECT * FROM `fdz_menu` WHERE  `parentid` = 10  AND `status` = 1 ORDER BY `listorder` ASC,`id` ASC [ RunTime:0.000489s ]
[ sql ] [ SQL ] SELECT * FROM `fdz_menu` WHERE  `parentid` = 14  AND `status` = 1 ORDER BY `listorder` ASC,`id` ASC [ RunTime:0.000431s ]
[ sql ] [ SQL ] SELECT * FROM `fdz_menu` WHERE  `parentid` = 15  AND `status` = 1 ORDER BY `listorder` ASC,`id` ASC [ RunTime:0.000445s ]
[ sql ] [ SQL ] SELECT * FROM `fdz_menu` WHERE  `parentid` = 16  AND `status` = 1 ORDER BY `listorder` ASC,`id` ASC [ RunTime:0.000426s ]
[ sql ] [ SQL ] SELECT * FROM `fdz_menu` WHERE  `parentid` = 17  AND `status` = 1 ORDER BY `listorder` ASC,`id` ASC [ RunTime:0.000420s ]
[ sql ] [ SQL ] SELECT * FROM `fdz_menu` WHERE  `parentid` = 228  AND `status` = 1 ORDER BY `listorder` ASC,`id` ASC [ RunTime:0.000442s ]
[ sql ] [ SQL ] SELECT * FROM `fdz_menu` WHERE  `parentid` = 229  AND `status` = 1 ORDER BY `listorder` ASC,`id` ASC [ RunTime:0.000393s ]
[ sql ] [ SQL ] SELECT * FROM `fdz_menu` WHERE  `parentid` = 249  AND `status` = 1 ORDER BY `listorder` ASC,`id` ASC [ RunTime:0.000406s ]
[ sql ] [ SQL ] SELECT * FROM `fdz_menu` WHERE  `parentid` = 231  AND `status` = 1 ORDER BY `listorder` ASC,`id` ASC [ RunTime:0.000414s ]
[ sql ] [ SQL ] SELECT * FROM `fdz_menu` WHERE  `parentid` = 235  AND `status` = 1 ORDER BY `listorder` ASC,`id` ASC [ RunTime:0.000337s ]
[ sql ] [ SQL ] SELECT * FROM `fdz_menu` WHERE  `parentid` = 256  AND `status` = 1 ORDER BY `listorder` ASC,`id` ASC [ RunTime:0.000300s ]
[ sql ] [ SQL ] SELECT * FROM `fdz_menu` WHERE  `parentid` = 262  AND `status` = 1 ORDER BY `listorder` ASC,`id` ASC [ RunTime:0.000344s ]
[ sql ] [ SQL ] SELECT * FROM `fdz_menu` WHERE  `parentid` = 263  AND `status` = 1 ORDER BY `listorder` ASC,`id` ASC [ RunTime:0.000303s ]
[ sql ] [ SQL ] SELECT * FROM `fdz_menu` WHERE  `parentid` = 264  AND `status` = 1 ORDER BY `listorder` ASC,`id` ASC [ RunTime:0.000298s ]
[ sql ] [ SQL ] SELECT * FROM `fdz_menu` WHERE  `parentid` = 269  AND `status` = 1 ORDER BY `listorder` ASC,`id` ASC [ RunTime:0.000292s ]
[ sql ] [ SQL ] SELECT * FROM `fdz_menu` WHERE  `parentid` = 267  AND `status` = 1 ORDER BY `listorder` ASC,`id` ASC [ RunTime:0.000290s ]
[ sql ] [ SQL ] SELECT * FROM `fdz_menu` WHERE  `parentid` = 268  AND `status` = 1 ORDER BY `listorder` ASC,`id` ASC [ RunTime:0.000276s ]
[ sql ] [ SQL ] SELECT * FROM `fdz_menu` WHERE  `parentid` = 270  AND `status` = 1 ORDER BY `listorder` ASC,`id` ASC [ RunTime:0.000244s ]
[ sql ] [ SQL ] SELECT * FROM `fdz_menu` WHERE  `parentid` = 271  AND `status` = 1 ORDER BY `listorder` ASC,`id` ASC [ RunTime:0.000253s ]
[ sql ] [ SQL ] SELECT * FROM `fdz_menu` WHERE  `parentid` = 272  AND `status` = 1 ORDER BY `listorder` ASC,`id` ASC [ RunTime:0.000244s ]
---------------------------------------------------------------
[ 2019-05-11T18:19:32+08:00 ] 127.0.0.1 GET www.offer.com/admin/main/index.html
[运行时间：1.131061s] [吞吐率：0.88req/s] [内存消耗：2,604.45kb] [文件加载：78]
[ info ] [ LANG ] G:\PHPTutorial\WWW\fh_offer\thinkphp\lang\zh-cn.php
[ info ] [ ROUTE ] array (
)
[ info ] [ HEADER ] array (
  'cookie' => 'pgv_pvi=941304832; PHPSESSID=nq1dbhdu652oo97mn227q4dlg0',
  'accept-language' => 'zh-CN,zh;q=0.9',
  'accept-encoding' => 'gzip, deflate',
  'referer' => 'http://www.offer.com/admin/index/index.html',
  'accept' => 'text/html,application/xhtml+xml,application/xml;q=0.9,image/webp,image/apng,*/*;q=0.8,application/signed-exchange;v=b3',
  'user-agent' => 'Mozilla/5.0 (Windows NT 10.0; Win64; x64) AppleWebKit/537.36 (KHTML, like Gecko) Chrome/73.0.3683.103 Safari/537.36',
  'upgrade-insecure-requests' => '1',
  'connection' => 'close',
  'host' => 'www.offer.com',
)
[ info ] [ PARAM ] array (
)
[ info ] [ DB ] INIT mysql
[ info ] [ VIEW ] G:\PHPTutorial\WWW\fh_offer\application\admin\view\main\index.html [ array (
  0 => 'Config',
  1 => 'countuser',
  2 => 'countdrive',
  3 => 'py',
  4 => 're',
  5 => 'rerole',
  6 => 'gonggao',
  7 => 'userInfo',
  8 => 'sys_info',
  9 => 'countall',
  10 => 'session_info',
) ]
[ sql ] [ DB ] CONNECT:[ UseTime:1.012081s ] mysql:host=localhost;dbname=dboffer;charset=utf8
[ sql ] [ SQL ] SHOW COLUMNS FROM `fdz_admin` [ RunTime:0.007625s ]
[ sql ] [ SQL ] SELECT * FROM `fdz_admin` WHERE  `userid` = 1 LIMIT 1 [ RunTime:0.000463s ]
[ sql ] [ SQL ] SELECT * FROM `fdz_admin` WHERE  `userid` = 1 LIMIT 1 [ RunTime:0.000423s ]
[ sql ] [ SQL ] SELECT * FROM `fdz_admin` WHERE  `userid` = 1 LIMIT 1 [ RunTime:0.000432s ]
[ sql ] [ SQL ] SHOW COLUMNS FROM `fdz_frame` [ RunTime:0.008579s ]
[ sql ] [ SQL ] SELECT * FROM `fdz_frame` WHERE  `id` = 1 LIMIT 1 [ RunTime:0.000450s ]
[ sql ] [ SQL ] SHOW COLUMNS FROM `fdz_auth_group` [ RunTime:0.008031s ]
[ sql ] [ SQL ] SELECT `title`,`description` FROM `fdz_auth_group` WHERE  `id` = 1 LIMIT 1 [ RunTime:0.000416s ]
[ sql ] [ SQL ] SHOW COLUMNS FROM `fdz_shop` [ RunTime:0.007627s ]
[ sql ] [ SQL ] SELECT `name`,`money`,`phone` FROM `fdz_shop` LIMIT 1 [ RunTime:0.000508s ]
[ sql ] [ SQL ] SHOW COLUMNS FROM `fdz_notice_list` [ RunTime:0.007276s ]
[ sql ] [ SQL ] SELECT * FROM `fdz_notice_list` ORDER BY `time` DESC LIMIT 1 [ RunTime:0.000491s ]
[ sql ] [ SQL ] SHOW COLUMNS FROM `fdz_userinfo` [ RunTime:0.008695s ]
[ sql ] [ SQL ] SELECT * FROM `fdz_userinfo` [ RunTime:0.000470s ]
[ sql ] [ SQL ] SHOW COLUMNS FROM `fdz_driver` [ RunTime:0.008653s ]
[ sql ] [ SQL ] SELECT * FROM `fdz_driver` [ RunTime:0.000596s ]
[ sql ] [ SQL ] SELECT VERSION() as version [ RunTime:0.000398s ]
[ sql ] [ SQL ] SELECT * FROM `fdz_driver` [ RunTime:0.000429s ]
---------------------------------------------------------------
[ 2019-05-11T18:59:51+08:00 ] 127.0.0.1 GET www.offer.com/admin/indent/index/menuid/235.html
[运行时间：1.076273s] [吞吐率：0.93req/s] [内存消耗：2,545.55kb] [文件加载：78]
[ info ] [ LANG ] G:\PHPTutorial\WWW\fh_offer\thinkphp\lang\zh-cn.php
[ info ] [ ROUTE ] array (
)
[ info ] [ HEADER ] array (
  'cookie' => 'pgv_pvi=941304832; PHPSESSID=nq1dbhdu652oo97mn227q4dlg0',
  'accept-language' => 'zh-CN,zh;q=0.9',
  'accept-encoding' => 'gzip, deflate',
  'referer' => 'http://www.offer.com/admin/index/index.html',
  'accept' => 'text/html,application/xhtml+xml,application/xml;q=0.9,image/webp,image/apng,*/*;q=0.8,application/signed-exchange;v=b3',
  'user-agent' => 'Mozilla/5.0 (Windows NT 10.0; Win64; x64) AppleWebKit/537.36 (KHTML, like Gecko) Chrome/73.0.3683.103 Safari/537.36',
  'upgrade-insecure-requests' => '1',
  'connection' => 'close',
  'host' => 'www.offer.com',
)
[ info ] [ PARAM ] array (
  'menuid' => '235',
)
[ info ] [ DB ] INIT mysql
[ info ] [ VIEW ] G:\PHPTutorial\WWW\fh_offer\application\admin\view\indent\index.html [ array (
  0 => 'Config',
  1 => 'data',
) ]
[ sql ] [ DB ] CONNECT:[ UseTime:1.011485s ] mysql:host=localhost;dbname=dboffer;charset=utf8
[ sql ] [ SQL ] SHOW COLUMNS FROM `fdz_admin` [ RunTime:0.007936s ]
[ sql ] [ SQL ] SELECT * FROM `fdz_admin` WHERE  `userid` = 1 LIMIT 1 [ RunTime:0.000509s ]
[ sql ] [ SQL ] SELECT * FROM `fdz_admin` WHERE  `userid` = 1 LIMIT 1 [ RunTime:0.000416s ]
[ sql ] [ SQL ] SHOW COLUMNS FROM `fdz_frame` [ RunTime:0.007894s ]
[ sql ] [ SQL ] SELECT `id`,`name` FROM `fdz_frame` WHERE  `levelid` = 2  AND `status` = 0 [ RunTime:0.000437s ]
---------------------------------------------------------------
[ 2019-05-11T18:59:52+08:00 ] 127.0.0.1 GET www.offer.com/admin/indent/treetype.html
[运行时间：1.081323s] [吞吐率：0.92req/s] [内存消耗：2,586.75kb] [文件加载：73]
[ info ] [ LANG ] G:\PHPTutorial\WWW\fh_offer\thinkphp\lang\zh-cn.php
[ info ] [ ROUTE ] array (
)
[ info ] [ HEADER ] array (
  'cookie' => 'pgv_pvi=941304832; PHPSESSID=nq1dbhdu652oo97mn227q4dlg0',
  'accept-language' => 'zh-CN,zh;q=0.9',
  'accept-encoding' => 'gzip, deflate',
  'referer' => 'http://www.offer.com/admin/indent/index/menuid/235.html',
  'user-agent' => 'Mozilla/5.0 (Windows NT 10.0; Win64; x64) AppleWebKit/537.36 (KHTML, like Gecko) Chrome/73.0.3683.103 Safari/537.36',
  'x-requested-with' => 'XMLHttpRequest',
  'accept' => 'application/json, text/javascript, */*; q=0.01',
  'connection' => 'close',
  'host' => 'www.offer.com',
)
[ info ] [ PARAM ] array (
)
[ info ] [ DB ] INIT mysql
[ sql ] [ DB ] CONNECT:[ UseTime:1.021679s ] mysql:host=localhost;dbname=dboffer;charset=utf8
[ sql ] [ SQL ] SHOW COLUMNS FROM `fdz_admin` [ RunTime:0.007417s ]
[ sql ] [ SQL ] SELECT * FROM `fdz_admin` WHERE  `userid` = 1 LIMIT 1 [ RunTime:0.000403s ]
[ sql ] [ SQL ] SELECT * FROM `fdz_admin` WHERE  `userid` = 1 LIMIT 1 [ RunTime:0.000271s ]
[ sql ] [ SQL ] SHOW COLUMNS FROM `fdz_frame` [ RunTime:0.008038s ]
[ sql ] [ SQL ] SELECT * FROM `fdz_frame` [ RunTime:0.000660s ]
