---------------------------------------------------------------
[ 2019-05-13T10:37:54+08:00 ] 127.0.0.1 GET www.offer.com/
[运行时间：0.333404s] [吞吐率：3.00req/s] [内存消耗：1,733.53kb] [文件加载：72]
[ info ] [ LANG ] G:\PHPTutorial\WWW\fh_offer\thinkphp\lang\zh-cn.php
[ info ] [ ROUTE ] array (
)
[ info ] [ HEADER ] array (
  'cookie' => 'pgv_pvi=941304832',
  'accept-language' => 'zh-CN,zh;q=0.9',
  'accept-encoding' => 'gzip, deflate',
  'accept' => 'text/html,application/xhtml+xml,application/xml;q=0.9,image/webp,image/apng,*/*;q=0.8,application/signed-exchange;v=b3',
  'user-agent' => 'Mozilla/5.0 (Windows NT 10.0; Win64; x64) AppleWebKit/537.36 (KHTML, like Gecko) Chrome/73.0.3683.103 Safari/537.36',
  'upgrade-insecure-requests' => '1',
  'connection' => 'close',
  'host' => 'www.offer.com',
)
[ info ] [ PARAM ] array (
)
---------------------------------------------------------------
[ 2019-05-13T10:37:54+08:00 ] 127.0.0.1 GET www.offer.com/admin/login/index.html
[运行时间：0.090465s] [吞吐率：11.05req/s] [内存消耗：1,729.98kb] [文件加载：68]
[ info ] [ LANG ] G:\PHPTutorial\WWW\fh_offer\thinkphp\lang\zh-cn.php
[ info ] [ ROUTE ] array (
)
[ info ] [ HEADER ] array (
  'cookie' => 'pgv_pvi=941304832; PHPSESSID=gqqmvc3ikuqqihr1prgvc98or3',
  'accept-language' => 'zh-CN,zh;q=0.9',
  'accept-encoding' => 'gzip, deflate',
  'accept' => 'text/html,application/xhtml+xml,application/xml;q=0.9,image/webp,image/apng,*/*;q=0.8,application/signed-exchange;v=b3',
  'user-agent' => 'Mozilla/5.0 (Windows NT 10.0; Win64; x64) AppleWebKit/537.36 (KHTML, like Gecko) Chrome/73.0.3683.103 Safari/537.36',
  'upgrade-insecure-requests' => '1',
  'connection' => 'close',
  'host' => 'www.offer.com',
)
[ info ] [ PARAM ] array (
)
[ info ] [ VIEW ] G:\PHPTutorial\WWW\fh_offer\application\admin\view\login\index.html [ array (
) ]
---------------------------------------------------------------
[ 2019-05-13T10:37:54+08:00 ] 127.0.0.1 GET www.offer.com/static/admin/images/logo.ico
[运行时间：0.047314s] [吞吐率：21.14req/s] [内存消耗：992.95kb] [文件加载：47]
[ info ] [ LANG ] G:\PHPTutorial\WWW\fh_offer\thinkphp\lang\zh-cn.php
---------------------------------------------------------------
[ 2019-05-13T10:37:57+08:00 ] 127.0.0.1 POST www.offer.com/admin/login/index.html
[运行时间：1.324422s] [吞吐率：0.76req/s] [内存消耗：2,480.04kb] [文件加载：74]
[ info ] [ LANG ] G:\PHPTutorial\WWW\fh_offer\thinkphp\lang\zh-cn.php
[ info ] [ ROUTE ] array (
)
[ info ] [ HEADER ] array (
  'cookie' => 'pgv_pvi=941304832; PHPSESSID=gqqmvc3ikuqqihr1prgvc98or3',
  'accept-language' => 'zh-CN,zh;q=0.9',
  'accept-encoding' => 'gzip, deflate',
  'referer' => 'http://www.offer.com/admin/login/index.html',
  'accept' => 'text/html,application/xhtml+xml,application/xml;q=0.9,image/webp,image/apng,*/*;q=0.8,application/signed-exchange;v=b3',
  'user-agent' => 'Mozilla/5.0 (Windows NT 10.0; Win64; x64) AppleWebKit/537.36 (KHTML, like Gecko) Chrome/73.0.3683.103 Safari/537.36',
  'content-type' => 'application/x-www-form-urlencoded',
  'upgrade-insecure-requests' => '1',
  'origin' => 'http://www.offer.com',
  'cache-control' => 'max-age=0',
  'content-length' => '31',
  'connection' => 'close',
  'host' => 'www.offer.com',
)
[ info ] [ PARAM ] array (
  'username' => 'fkd',
  'password' => '123456789',
)
[ info ] [ DB ] INIT mysql
[ sql ] [ DB ] CONNECT:[ UseTime:1.012394s ] mysql:host=localhost;dbname=dboffer;charset=utf8
[ sql ] [ SQL ] SHOW COLUMNS FROM `fdz_admin` [ RunTime:0.053013s ]
[ sql ] [ SQL ] SELECT * FROM `fdz_admin` WHERE  `username` = 'fkd' LIMIT 1 [ RunTime:0.000558s ]
[ sql ] [ SQL ] SHOW COLUMNS FROM `fdz_admin_operation` [ RunTime:0.009102s ]
[ sql ] [ SQL ] INSERT INTO `fdz_admin_operation` (`aid` , `sid` , `rid` , `operation_type` , `operation_time` , `operation`) VALUES (1 , 0 , 1 , 1 , '1557715077' , '登录操作') [ RunTime:0.014916s ]
[ sql ] [ SQL ] UPDATE `fdz_admin`  SET `last_login_time` = 1557715077 , `last_login_address` = '广东省广州市' , `login_ip` = '127.0.0.1'  WHERE  `userid` = 1 [ RunTime:0.000458s ]
---------------------------------------------------------------
[ 2019-05-13T10:37:58+08:00 ] 127.0.0.1 GET www.offer.com/admin/index/index.html
[运行时间：1.178205s] [吞吐率：0.85req/s] [内存消耗：2,654.82kb] [文件加载：80]
[ info ] [ LANG ] G:\PHPTutorial\WWW\fh_offer\thinkphp\lang\zh-cn.php
[ info ] [ ROUTE ] array (
)
[ info ] [ HEADER ] array (
  'cookie' => 'pgv_pvi=941304832; PHPSESSID=gqqmvc3ikuqqihr1prgvc98or3',
  'accept-language' => 'zh-CN,zh;q=0.9',
  'accept-encoding' => 'gzip, deflate',
  'referer' => 'http://www.offer.com/admin/login/index.html',
  'accept' => 'text/html,application/xhtml+xml,application/xml;q=0.9,image/webp,image/apng,*/*;q=0.8,application/signed-exchange;v=b3',
  'user-agent' => 'Mozilla/5.0 (Windows NT 10.0; Win64; x64) AppleWebKit/537.36 (KHTML, like Gecko) Chrome/73.0.3683.103 Safari/537.36',
  'upgrade-insecure-requests' => '1',
  'cache-control' => 'max-age=0',
  'connection' => 'close',
  'host' => 'www.offer.com',
)
[ info ] [ PARAM ] array (
)
[ info ] [ DB ] INIT mysql
[ info ] [ VIEW ] G:\PHPTutorial\WWW\fh_offer\application\admin\view\index\index.html [ array (
  0 => 'Config',
  1 => 'userInfo',
  2 => 'SUBMENU_CONFIG',
) ]
[ sql ] [ DB ] CONNECT:[ UseTime:1.022873s ] mysql:host=localhost;dbname=dboffer;charset=utf8
[ sql ] [ SQL ] SHOW COLUMNS FROM `fdz_admin` [ RunTime:0.007391s ]
[ sql ] [ SQL ] SELECT * FROM `fdz_admin` WHERE  `userid` = 1 LIMIT 1 [ RunTime:0.000398s ]
[ sql ] [ SQL ] SELECT * FROM `fdz_admin` WHERE  `userid` = 1 LIMIT 1 [ RunTime:0.000356s ]
[ sql ] [ SQL ] SHOW COLUMNS FROM `fdz_menu` [ RunTime:0.019870s ]
[ sql ] [ SQL ] SELECT * FROM `fdz_menu` WHERE  `parentid` = 0  AND `status` = 1 ORDER BY `listorder` ASC,`id` ASC [ RunTime:0.000835s ]
[ sql ] [ SQL ] SELECT * FROM `fdz_menu` WHERE  `parentid` = 3  AND `status` = 1 ORDER BY `listorder` ASC,`id` ASC [ RunTime:0.000568s ]
[ sql ] [ SQL ] SELECT * FROM `fdz_menu` WHERE  `parentid` = 10  AND `status` = 1 ORDER BY `listorder` ASC,`id` ASC [ RunTime:0.000397s ]
[ sql ] [ SQL ] SELECT * FROM `fdz_menu` WHERE  `parentid` = 14  AND `status` = 1 ORDER BY `listorder` ASC,`id` ASC [ RunTime:0.000316s ]
[ sql ] [ SQL ] SELECT * FROM `fdz_menu` WHERE  `parentid` = 15  AND `status` = 1 ORDER BY `listorder` ASC,`id` ASC [ RunTime:0.000290s ]
[ sql ] [ SQL ] SELECT * FROM `fdz_menu` WHERE  `parentid` = 16  AND `status` = 1 ORDER BY `listorder` ASC,`id` ASC [ RunTime:0.000301s ]
[ sql ] [ SQL ] SELECT * FROM `fdz_menu` WHERE  `parentid` = 17  AND `status` = 1 ORDER BY `listorder` ASC,`id` ASC [ RunTime:0.000318s ]
[ sql ] [ SQL ] SELECT * FROM `fdz_menu` WHERE  `parentid` = 228  AND `status` = 1 ORDER BY `listorder` ASC,`id` ASC [ RunTime:0.000304s ]
[ sql ] [ SQL ] SELECT * FROM `fdz_menu` WHERE  `parentid` = 229  AND `status` = 1 ORDER BY `listorder` ASC,`id` ASC [ RunTime:0.000288s ]
[ sql ] [ SQL ] SELECT * FROM `fdz_menu` WHERE  `parentid` = 249  AND `status` = 1 ORDER BY `listorder` ASC,`id` ASC [ RunTime:0.000303s ]
[ sql ] [ SQL ] SELECT * FROM `fdz_menu` WHERE  `parentid` = 231  AND `status` = 1 ORDER BY `listorder` ASC,`id` ASC [ RunTime:0.000304s ]
[ sql ] [ SQL ] SELECT * FROM `fdz_menu` WHERE  `parentid` = 235  AND `status` = 1 ORDER BY `listorder` ASC,`id` ASC [ RunTime:0.000283s ]
[ sql ] [ SQL ] SELECT * FROM `fdz_menu` WHERE  `parentid` = 256  AND `status` = 1 ORDER BY `listorder` ASC,`id` ASC [ RunTime:0.000282s ]
[ sql ] [ SQL ] SELECT * FROM `fdz_menu` WHERE  `parentid` = 262  AND `status` = 1 ORDER BY `listorder` ASC,`id` ASC [ RunTime:0.000337s ]
[ sql ] [ SQL ] SELECT * FROM `fdz_menu` WHERE  `parentid` = 263  AND `status` = 1 ORDER BY `listorder` ASC,`id` ASC [ RunTime:0.000277s ]
[ sql ] [ SQL ] SELECT * FROM `fdz_menu` WHERE  `parentid` = 264  AND `status` = 1 ORDER BY `listorder` ASC,`id` ASC [ RunTime:0.000276s ]
[ sql ] [ SQL ] SELECT * FROM `fdz_menu` WHERE  `parentid` = 269  AND `status` = 1 ORDER BY `listorder` ASC,`id` ASC [ RunTime:0.000272s ]
[ sql ] [ SQL ] SELECT * FROM `fdz_menu` WHERE  `parentid` = 267  AND `status` = 1 ORDER BY `listorder` ASC,`id` ASC [ RunTime:0.000317s ]
[ sql ] [ SQL ] SELECT * FROM `fdz_menu` WHERE  `parentid` = 268  AND `status` = 1 ORDER BY `listorder` ASC,`id` ASC [ RunTime:0.000278s ]
[ sql ] [ SQL ] SELECT * FROM `fdz_menu` WHERE  `parentid` = 270  AND `status` = 1 ORDER BY `listorder` ASC,`id` ASC [ RunTime:0.000276s ]
[ sql ] [ SQL ] SELECT * FROM `fdz_menu` WHERE  `parentid` = 271  AND `status` = 1 ORDER BY `listorder` ASC,`id` ASC [ RunTime:0.000302s ]
[ sql ] [ SQL ] SELECT * FROM `fdz_menu` WHERE  `parentid` = 272  AND `status` = 1 ORDER BY `listorder` ASC,`id` ASC [ RunTime:0.000268s ]
---------------------------------------------------------------
[ 2019-05-13T10:38:00+08:00 ] 127.0.0.1 GET www.offer.com/admin/main/index.html
[运行时间：1.377388s] [吞吐率：0.73req/s] [内存消耗：2,604.45kb] [文件加载：78]
[ info ] [ LANG ] G:\PHPTutorial\WWW\fh_offer\thinkphp\lang\zh-cn.php
[ info ] [ ROUTE ] array (
)
[ info ] [ HEADER ] array (
  'cookie' => 'pgv_pvi=941304832; PHPSESSID=gqqmvc3ikuqqihr1prgvc98or3',
  'accept-language' => 'zh-CN,zh;q=0.9',
  'accept-encoding' => 'gzip, deflate',
  'referer' => 'http://www.offer.com/admin/index/index.html',
  'accept' => 'text/html,application/xhtml+xml,application/xml;q=0.9,image/webp,image/apng,*/*;q=0.8,application/signed-exchange;v=b3',
  'user-agent' => 'Mozilla/5.0 (Windows NT 10.0; Win64; x64) AppleWebKit/537.36 (KHTML, like Gecko) Chrome/73.0.3683.103 Safari/537.36',
  'upgrade-insecure-requests' => '1',
  'connection' => 'close',
  'host' => 'www.offer.com',
)
[ info ] [ PARAM ] array (
)
[ info ] [ DB ] INIT mysql
[ info ] [ VIEW ] G:\PHPTutorial\WWW\fh_offer\application\admin\view\main\index.html [ array (
  0 => 'Config',
  1 => 'countuser',
  2 => 'countdrive',
  3 => 'py',
  4 => 're',
  5 => 'rerole',
  6 => 'gonggao',
  7 => 'userInfo',
  8 => 'sys_info',
  9 => 'countall',
  10 => 'session_info',
) ]
[ sql ] [ DB ] CONNECT:[ UseTime:1.022135s ] mysql:host=localhost;dbname=dboffer;charset=utf8
[ sql ] [ SQL ] SHOW COLUMNS FROM `fdz_admin` [ RunTime:0.007436s ]
[ sql ] [ SQL ] SELECT * FROM `fdz_admin` WHERE  `userid` = 1 LIMIT 1 [ RunTime:0.000510s ]
[ sql ] [ SQL ] SELECT * FROM `fdz_admin` WHERE  `userid` = 1 LIMIT 1 [ RunTime:0.000373s ]
[ sql ] [ SQL ] SELECT * FROM `fdz_admin` WHERE  `userid` = 1 LIMIT 1 [ RunTime:0.000345s ]
[ sql ] [ SQL ] SHOW COLUMNS FROM `fdz_frame` [ RunTime:0.044886s ]
[ sql ] [ SQL ] SELECT * FROM `fdz_frame` WHERE  `id` = 1 LIMIT 1 [ RunTime:0.013007s ]
[ sql ] [ SQL ] SHOW COLUMNS FROM `fdz_auth_group` [ RunTime:0.031981s ]
[ sql ] [ SQL ] SELECT `title`,`description` FROM `fdz_auth_group` WHERE  `id` = 1 LIMIT 1 [ RunTime:0.004929s ]
[ sql ] [ SQL ] SHOW COLUMNS FROM `fdz_shop` [ RunTime:0.019928s ]
[ sql ] [ SQL ] SELECT `name`,`money`,`phone` FROM `fdz_shop` LIMIT 1 [ RunTime:0.000406s ]
[ sql ] [ SQL ] SHOW COLUMNS FROM `fdz_notice_list` [ RunTime:0.016244s ]
[ sql ] [ SQL ] SELECT * FROM `fdz_notice_list` ORDER BY `time` DESC LIMIT 1 [ RunTime:0.000355s ]
[ sql ] [ SQL ] SHOW COLUMNS FROM `fdz_userinfo` [ RunTime:0.009400s ]
[ sql ] [ SQL ] SELECT * FROM `fdz_userinfo` [ RunTime:0.000403s ]
[ sql ] [ SQL ] SHOW COLUMNS FROM `fdz_driver` [ RunTime:0.058075s ]
[ sql ] [ SQL ] SELECT * FROM `fdz_driver` [ RunTime:0.000493s ]
[ sql ] [ SQL ] SELECT VERSION() as version [ RunTime:0.000374s ]
[ sql ] [ SQL ] SELECT * FROM `fdz_driver` [ RunTime:0.000435s ]
---------------------------------------------------------------
[ 2019-05-13T10:38:03+08:00 ] 127.0.0.1 GET www.offer.com/admin/indent/index/menuid/235.html
[运行时间：1.130189s] [吞吐率：0.88req/s] [内存消耗：2,545.55kb] [文件加载：78]
[ info ] [ LANG ] G:\PHPTutorial\WWW\fh_offer\thinkphp\lang\zh-cn.php
[ info ] [ ROUTE ] array (
)
[ info ] [ HEADER ] array (
  'cookie' => 'pgv_pvi=941304832; PHPSESSID=gqqmvc3ikuqqihr1prgvc98or3',
  'accept-language' => 'zh-CN,zh;q=0.9',
  'accept-encoding' => 'gzip, deflate',
  'referer' => 'http://www.offer.com/admin/index/index.html',
  'accept' => 'text/html,application/xhtml+xml,application/xml;q=0.9,image/webp,image/apng,*/*;q=0.8,application/signed-exchange;v=b3',
  'user-agent' => 'Mozilla/5.0 (Windows NT 10.0; Win64; x64) AppleWebKit/537.36 (KHTML, like Gecko) Chrome/73.0.3683.103 Safari/537.36',
  'upgrade-insecure-requests' => '1',
  'connection' => 'close',
  'host' => 'www.offer.com',
)
[ info ] [ PARAM ] array (
  'menuid' => '235',
)
[ info ] [ DB ] INIT mysql
[ info ] [ VIEW ] G:\PHPTutorial\WWW\fh_offer\application\admin\view\indent\index.html [ array (
  0 => 'Config',
  1 => 'data',
) ]
[ sql ] [ DB ] CONNECT:[ UseTime:1.022642s ] mysql:host=localhost;dbname=dboffer;charset=utf8
[ sql ] [ SQL ] SHOW COLUMNS FROM `fdz_admin` [ RunTime:0.008412s ]
[ sql ] [ SQL ] SELECT * FROM `fdz_admin` WHERE  `userid` = 1 LIMIT 1 [ RunTime:0.000405s ]
[ sql ] [ SQL ] SELECT * FROM `fdz_admin` WHERE  `userid` = 1 LIMIT 1 [ RunTime:0.000368s ]
[ sql ] [ SQL ] SHOW COLUMNS FROM `fdz_frame` [ RunTime:0.007006s ]
[ sql ] [ SQL ] SELECT `id`,`name` FROM `fdz_frame` WHERE  `levelid` = 2  AND `status` = 0 [ RunTime:0.000422s ]
---------------------------------------------------------------
[ 2019-05-13T10:38:04+08:00 ] 127.0.0.1 GET www.offer.com/admin/indent/treetype.html
[运行时间：1.091922s] [吞吐率：0.92req/s] [内存消耗：2,586.75kb] [文件加载：73]
[ info ] [ LANG ] G:\PHPTutorial\WWW\fh_offer\thinkphp\lang\zh-cn.php
[ info ] [ ROUTE ] array (
)
[ info ] [ HEADER ] array (
  'cookie' => 'pgv_pvi=941304832; PHPSESSID=gqqmvc3ikuqqihr1prgvc98or3',
  'accept-language' => 'zh-CN,zh;q=0.9',
  'accept-encoding' => 'gzip, deflate',
  'referer' => 'http://www.offer.com/admin/indent/index/menuid/235.html',
  'user-agent' => 'Mozilla/5.0 (Windows NT 10.0; Win64; x64) AppleWebKit/537.36 (KHTML, like Gecko) Chrome/73.0.3683.103 Safari/537.36',
  'x-requested-with' => 'XMLHttpRequest',
  'accept' => 'application/json, text/javascript, */*; q=0.01',
  'connection' => 'close',
  'host' => 'www.offer.com',
)
[ info ] [ PARAM ] array (
)
[ info ] [ DB ] INIT mysql
[ sql ] [ DB ] CONNECT:[ UseTime:1.023928s ] mysql:host=localhost;dbname=dboffer;charset=utf8
[ sql ] [ SQL ] SHOW COLUMNS FROM `fdz_admin` [ RunTime:0.012060s ]
[ sql ] [ SQL ] SELECT * FROM `fdz_admin` WHERE  `userid` = 1 LIMIT 1 [ RunTime:0.000505s ]
[ sql ] [ SQL ] SELECT * FROM `fdz_admin` WHERE  `userid` = 1 LIMIT 1 [ RunTime:0.000431s ]
[ sql ] [ SQL ] SHOW COLUMNS FROM `fdz_frame` [ RunTime:0.008582s ]
[ sql ] [ SQL ] SELECT * FROM `fdz_frame` [ RunTime:0.001109s ]
---------------------------------------------------------------
[ 2019-05-13T10:38:06+08:00 ] 127.0.0.1 GET www.offer.com/admin/personinfo/edit/menuid/256.html
[运行时间：1.129092s] [吞吐率：0.89req/s] [内存消耗：2,512.92kb] [文件加载：78]
[ info ] [ LANG ] G:\PHPTutorial\WWW\fh_offer\thinkphp\lang\zh-cn.php
[ info ] [ ROUTE ] array (
)
[ info ] [ HEADER ] array (
  'cookie' => 'pgv_pvi=941304832; PHPSESSID=gqqmvc3ikuqqihr1prgvc98or3',
  'accept-language' => 'zh-CN,zh;q=0.9',
  'accept-encoding' => 'gzip, deflate',
  'referer' => 'http://www.offer.com/admin/index/index.html',
  'accept' => 'text/html,application/xhtml+xml,application/xml;q=0.9,image/webp,image/apng,*/*;q=0.8,application/signed-exchange;v=b3',
  'user-agent' => 'Mozilla/5.0 (Windows NT 10.0; Win64; x64) AppleWebKit/537.36 (KHTML, like Gecko) Chrome/73.0.3683.103 Safari/537.36',
  'upgrade-insecure-requests' => '1',
  'connection' => 'close',
  'host' => 'www.offer.com',
)
[ info ] [ PARAM ] array (
  'menuid' => '256',
)
[ info ] [ DB ] INIT mysql
[ info ] [ VIEW ] G:\PHPTutorial\WWW\fh_offer\application\admin\view\personinfo\edit.html [ array (
  0 => 'Config',
  1 => 'userInfo',
) ]
[ sql ] [ DB ] CONNECT:[ UseTime:1.002667s ] mysql:host=localhost;dbname=dboffer;charset=utf8
[ sql ] [ SQL ] SHOW COLUMNS FROM `fdz_admin` [ RunTime:0.007212s ]
[ sql ] [ SQL ] SELECT * FROM `fdz_admin` WHERE  `userid` = 1 LIMIT 1 [ RunTime:0.000436s ]
[ sql ] [ SQL ] SELECT * FROM `fdz_admin` WHERE  `userid` = 1 LIMIT 1 [ RunTime:0.000367s ]
[ sql ] [ SQL ] SHOW COLUMNS FROM `fdz_auth_group` [ RunTime:0.007350s ]
[ sql ] [ SQL ] SELECT `title` FROM `fdz_auth_group` WHERE  `id` = 1 LIMIT 1 [ RunTime:0.000583s ]
---------------------------------------------------------------
[ 2019-05-13T10:38:06+08:00 ] 127.0.0.1 GET www.offer.com/admin/auxiliary/index/menuid/263.html
[运行时间：0.031818s] [吞吐率：31.43req/s] [内存消耗：1,370.32kb] [文件加载：59]
[ info ] [ LANG ] G:\PHPTutorial\WWW\fh_offer\thinkphp\lang\zh-cn.php
[ info ] [ ROUTE ] array (
)
[ info ] [ HEADER ] array (
  'cookie' => 'pgv_pvi=941304832; PHPSESSID=gqqmvc3ikuqqihr1prgvc98or3',
  'accept-language' => 'zh-CN,zh;q=0.9',
  'accept-encoding' => 'gzip, deflate',
  'referer' => 'http://www.offer.com/admin/index/index.html',
  'accept' => 'text/html,application/xhtml+xml,application/xml;q=0.9,image/webp,image/apng,*/*;q=0.8,application/signed-exchange;v=b3',
  'user-agent' => 'Mozilla/5.0 (Windows NT 10.0; Win64; x64) AppleWebKit/537.36 (KHTML, like Gecko) Chrome/73.0.3683.103 Safari/537.36',
  'upgrade-insecure-requests' => '1',
  'connection' => 'close',
  'host' => 'www.offer.com',
)
[ info ] [ PARAM ] array (
  'menuid' => '263',
)
---------------------------------------------------------------
[ 2019-05-13T10:38:08+08:00 ] 127.0.0.1 GET www.offer.com/admin/artificial/index/menuid/264.html
[运行时间：1.143117s] [吞吐率：0.87req/s] [内存消耗：2,629.19kb] [文件加载：80]
[ info ] [ LANG ] G:\PHPTutorial\WWW\fh_offer\thinkphp\lang\zh-cn.php
[ info ] [ ROUTE ] array (
)
[ info ] [ HEADER ] array (
  'cookie' => 'pgv_pvi=941304832; PHPSESSID=gqqmvc3ikuqqihr1prgvc98or3',
  'accept-language' => 'zh-CN,zh;q=0.9',
  'accept-encoding' => 'gzip, deflate',
  'referer' => 'http://www.offer.com/admin/index/index.html',
  'accept' => 'text/html,application/xhtml+xml,application/xml;q=0.9,image/webp,image/apng,*/*;q=0.8,application/signed-exchange;v=b3',
  'user-agent' => 'Mozilla/5.0 (Windows NT 10.0; Win64; x64) AppleWebKit/537.36 (KHTML, like Gecko) Chrome/73.0.3683.103 Safari/537.36',
  'upgrade-insecure-requests' => '1',
  'connection' => 'close',
  'host' => 'www.offer.com',
)
[ info ] [ PARAM ] array (
  'menuid' => '264',
)
[ info ] [ DB ] INIT mysql
[ info ] [ VIEW ] G:\PHPTutorial\WWW\fh_offer\application\admin\view\artificial\index.html [ array (
  0 => 'Config',
  1 => 'data',
) ]
[ sql ] [ DB ] CONNECT:[ UseTime:1.002317s ] mysql:host=localhost;dbname=dboffer;charset=utf8
[ sql ] [ SQL ] SHOW COLUMNS FROM `fdz_admin` [ RunTime:0.007422s ]
[ sql ] [ SQL ] SELECT * FROM `fdz_admin` WHERE  `userid` = 1 LIMIT 1 [ RunTime:0.000383s ]
[ sql ] [ SQL ] SELECT * FROM `fdz_admin` WHERE  `userid` = 1 LIMIT 1 [ RunTime:0.000372s ]
[ sql ] [ SQL ] SHOW COLUMNS FROM `fdz_artificial` [ RunTime:0.018968s ]
[ sql ] [ SQL ] SELECT COUNT(*) AS tp_count FROM `fdz_artificial` LIMIT 1 [ RunTime:0.000348s ]
[ sql ] [ SQL ] SELECT * FROM `fdz_artificial` LIMIT 0,20 [ RunTime:0.000431s ]
---------------------------------------------------------------
[ 2019-05-13T10:38:10+08:00 ] 127.0.0.1 GET www.offer.com/admin/projectpoint/index/menuid/269.html
[运行时间：1.134338s] [吞吐率：0.88req/s] [内存消耗：2,543.50kb] [文件加载：77]
[ info ] [ LANG ] G:\PHPTutorial\WWW\fh_offer\thinkphp\lang\zh-cn.php
[ info ] [ ROUTE ] array (
)
[ info ] [ HEADER ] array (
  'cookie' => 'pgv_pvi=941304832; PHPSESSID=gqqmvc3ikuqqihr1prgvc98or3',
  'accept-language' => 'zh-CN,zh;q=0.9',
  'accept-encoding' => 'gzip, deflate',
  'referer' => 'http://www.offer.com/admin/index/index.html',
  'accept' => 'text/html,application/xhtml+xml,application/xml;q=0.9,image/webp,image/apng,*/*;q=0.8,application/signed-exchange;v=b3',
  'user-agent' => 'Mozilla/5.0 (Windows NT 10.0; Win64; x64) AppleWebKit/537.36 (KHTML, like Gecko) Chrome/73.0.3683.103 Safari/537.36',
  'upgrade-insecure-requests' => '1',
  'connection' => 'close',
  'host' => 'www.offer.com',
)
[ info ] [ PARAM ] array (
  'menuid' => '269',
)
[ info ] [ DB ] INIT mysql
[ info ] [ VIEW ] G:\PHPTutorial\WWW\fh_offer\application\admin\view\projectpoint\index.html [ array (
  0 => 'Config',
  1 => 'str',
) ]
[ sql ] [ DB ] CONNECT:[ UseTime:1.012251s ] mysql:host=localhost;dbname=dboffer;charset=utf8
[ sql ] [ SQL ] SHOW COLUMNS FROM `fdz_admin` [ RunTime:0.007123s ]
[ sql ] [ SQL ] SELECT * FROM `fdz_admin` WHERE  `userid` = 1 LIMIT 1 [ RunTime:0.000495s ]
[ sql ] [ SQL ] SELECT * FROM `fdz_admin` WHERE  `userid` = 1 LIMIT 1 [ RunTime:0.000435s ]
[ sql ] [ SQL ] SHOW COLUMNS FROM `fdz_class` [ RunTime:0.043369s ]
[ sql ] [ SQL ] SELECT * FROM `fdz_class` WHERE  `frameid` = 152 LIMIT 1 [ RunTime:0.000401s ]
[ sql ] [ SQL ] SHOW COLUMNS FROM `fdz_frame` [ RunTime:0.007114s ]
[ sql ] [ SQL ] SELECT * FROM `fdz_frame` WHERE  `id` = 152 LIMIT 1 [ RunTime:0.000367s ]
---------------------------------------------------------------
[ 2019-05-13T10:38:16+08:00 ] 127.0.0.1 GET www.offer.com/admin/offerquota/index/menuid/268.html
[运行时间：1.181047s] [吞吐率：0.85req/s] [内存消耗：2,655.17kb] [文件加载：80]
[ info ] [ LANG ] G:\PHPTutorial\WWW\fh_offer\thinkphp\lang\zh-cn.php
[ info ] [ ROUTE ] array (
)
[ info ] [ HEADER ] array (
  'cookie' => 'pgv_pvi=941304832; PHPSESSID=gqqmvc3ikuqqihr1prgvc98or3',
  'accept-language' => 'zh-CN,zh;q=0.9',
  'accept-encoding' => 'gzip, deflate',
  'referer' => 'http://www.offer.com/admin/index/index.html',
  'accept' => 'text/html,application/xhtml+xml,application/xml;q=0.9,image/webp,image/apng,*/*;q=0.8,application/signed-exchange;v=b3',
  'user-agent' => 'Mozilla/5.0 (Windows NT 10.0; Win64; x64) AppleWebKit/537.36 (KHTML, like Gecko) Chrome/73.0.3683.103 Safari/537.36',
  'upgrade-insecure-requests' => '1',
  'connection' => 'close',
  'host' => 'www.offer.com',
)
[ info ] [ PARAM ] array (
  'menuid' => '268',
)
[ info ] [ DB ] INIT mysql
[ info ] [ VIEW ] G:\PHPTutorial\WWW\fh_offer\application\admin\view\offerquota\index.html [ array (
  0 => 'Config',
  1 => 'data',
) ]
[ sql ] [ DB ] CONNECT:[ UseTime:1.022829s ] mysql:host=localhost;dbname=dboffer;charset=utf8
[ sql ] [ SQL ] SHOW COLUMNS FROM `fdz_admin` [ RunTime:0.007329s ]
[ sql ] [ SQL ] SELECT * FROM `fdz_admin` WHERE  `userid` = 1 LIMIT 1 [ RunTime:0.000432s ]
[ sql ] [ SQL ] SELECT * FROM `fdz_admin` WHERE  `userid` = 1 LIMIT 1 [ RunTime:0.000422s ]
[ sql ] [ SQL ] SHOW COLUMNS FROM `fdz_offerquota` [ RunTime:0.037506s ]
[ sql ] [ SQL ] SELECT COUNT(*) AS tp_count FROM `fdz_offerquota` WHERE  `userid` = 1 LIMIT 1 [ RunTime:0.004515s ]
[ sql ] [ SQL ] SELECT * FROM `fdz_offerquota` WHERE  `userid` = 1 LIMIT 0,20 [ RunTime:0.000456s ]
[ sql ] [ SQL ] SHOW COLUMNS FROM `fdz_offer_type` [ RunTime:0.034310s ]
[ sql ] [ SQL ] SELECT * FROM `fdz_offer_type` WHERE  `id` = 2 LIMIT 1 [ RunTime:0.000454s ]
[ sql ] [ SQL ] SELECT * FROM `fdz_offer_type` WHERE  `id` = 5 LIMIT 1 [ RunTime:0.000397s ]
[ sql ] [ SQL ] SELECT * FROM `fdz_offer_type` WHERE  `id` = 3 LIMIT 1 [ RunTime:0.000399s ]
[ sql ] [ SQL ] SELECT * FROM `fdz_offer_type` WHERE  `id` = 4 LIMIT 1 [ RunTime:0.000397s ]
[ sql ] [ SQL ] SELECT * FROM `fdz_offer_type` WHERE  `id` = 1 LIMIT 1 [ RunTime:0.000392s ]
---------------------------------------------------------------
[ 2019-05-13T10:38:17+08:00 ] 127.0.0.1 GET www.offer.com/admin/artificial/index/menuid/270.html
[运行时间：1.092320s] [吞吐率：0.92req/s] [内存消耗：2,629.19kb] [文件加载：80]
[ info ] [ LANG ] G:\PHPTutorial\WWW\fh_offer\thinkphp\lang\zh-cn.php
[ info ] [ ROUTE ] array (
)
[ info ] [ HEADER ] array (
  'cookie' => 'pgv_pvi=941304832; PHPSESSID=gqqmvc3ikuqqihr1prgvc98or3',
  'accept-language' => 'zh-CN,zh;q=0.9',
  'accept-encoding' => 'gzip, deflate',
  'referer' => 'http://www.offer.com/admin/index/index.html',
  'accept' => 'text/html,application/xhtml+xml,application/xml;q=0.9,image/webp,image/apng,*/*;q=0.8,application/signed-exchange;v=b3',
  'user-agent' => 'Mozilla/5.0 (Windows NT 10.0; Win64; x64) AppleWebKit/537.36 (KHTML, like Gecko) Chrome/73.0.3683.103 Safari/537.36',
  'upgrade-insecure-requests' => '1',
  'connection' => 'close',
  'host' => 'www.offer.com',
)
[ info ] [ PARAM ] array (
  'menuid' => '270',
)
[ info ] [ DB ] INIT mysql
[ info ] [ VIEW ] G:\PHPTutorial\WWW\fh_offer\application\admin\view\artificial\index.html [ array (
  0 => 'Config',
  1 => 'data',
) ]
[ sql ] [ DB ] CONNECT:[ UseTime:1.023909s ] mysql:host=localhost;dbname=dboffer;charset=utf8
[ sql ] [ SQL ] SHOW COLUMNS FROM `fdz_admin` [ RunTime:0.007416s ]
[ sql ] [ SQL ] SELECT * FROM `fdz_admin` WHERE  `userid` = 1 LIMIT 1 [ RunTime:0.000427s ]
[ sql ] [ SQL ] SELECT * FROM `fdz_admin` WHERE  `userid` = 1 LIMIT 1 [ RunTime:0.000355s ]
[ sql ] [ SQL ] SHOW COLUMNS FROM `fdz_artificial` [ RunTime:0.006872s ]
[ sql ] [ SQL ] SELECT COUNT(*) AS tp_count FROM `fdz_artificial` LIMIT 1 [ RunTime:0.000305s ]
[ sql ] [ SQL ] SELECT * FROM `fdz_artificial` LIMIT 0,20 [ RunTime:0.000343s ]
---------------------------------------------------------------
[ 2019-05-13T10:38:20+08:00 ] 127.0.0.1 GET www.offer.com/admin/anbank/index/menuid/271.html
[运行时间：1.131279s] [吞吐率：0.88req/s] [内存消耗：2,648.52kb] [文件加载：80]
[ info ] [ LANG ] G:\PHPTutorial\WWW\fh_offer\thinkphp\lang\zh-cn.php
[ info ] [ ROUTE ] array (
)
[ info ] [ HEADER ] array (
  'cookie' => 'pgv_pvi=941304832; PHPSESSID=gqqmvc3ikuqqihr1prgvc98or3',
  'accept-language' => 'zh-CN,zh;q=0.9',
  'accept-encoding' => 'gzip, deflate',
  'referer' => 'http://www.offer.com/admin/index/index.html',
  'accept' => 'text/html,application/xhtml+xml,application/xml;q=0.9,image/webp,image/apng,*/*;q=0.8,application/signed-exchange;v=b3',
  'user-agent' => 'Mozilla/5.0 (Windows NT 10.0; Win64; x64) AppleWebKit/537.36 (KHTML, like Gecko) Chrome/73.0.3683.103 Safari/537.36',
  'upgrade-insecure-requests' => '1',
  'connection' => 'close',
  'host' => 'www.offer.com',
)
[ info ] [ PARAM ] array (
  'menuid' => '271',
)
[ info ] [ DB ] INIT mysql
[ info ] [ VIEW ] G:\PHPTutorial\WWW\fh_offer\application\admin\view\anbank\index.html [ array (
  0 => 'Config',
  1 => 'data',
) ]
[ sql ] [ DB ] CONNECT:[ UseTime:1.022698s ] mysql:host=localhost;dbname=dboffer;charset=utf8
[ sql ] [ SQL ] SHOW COLUMNS FROM `fdz_admin` [ RunTime:0.007887s ]
[ sql ] [ SQL ] SELECT * FROM `fdz_admin` WHERE  `userid` = 1 LIMIT 1 [ RunTime:0.000486s ]
[ sql ] [ SQL ] SELECT * FROM `fdz_admin` WHERE  `userid` = 1 LIMIT 1 [ RunTime:0.000391s ]
[ sql ] [ SQL ] SHOW COLUMNS FROM `fdz_materials` [ RunTime:0.028163s ]
[ sql ] [ SQL ] SELECT COUNT(*) AS tp_count FROM `fdz_materials` WHERE  `userid` = 1 LIMIT 1 [ RunTime:0.009538s ]
[ sql ] [ SQL ] SELECT * FROM `fdz_materials` WHERE  `userid` = 1 LIMIT 0,20 [ RunTime:0.000431s ]
---------------------------------------------------------------
[ 2019-05-13T10:38:21+08:00 ] 127.0.0.1 GET www.offer.com/admin/sadasdasd/index/menuid/272.html
[运行时间：0.030516s] [吞吐率：32.77req/s] [内存消耗：1,370.32kb] [文件加载：59]
[ info ] [ LANG ] G:\PHPTutorial\WWW\fh_offer\thinkphp\lang\zh-cn.php
[ info ] [ ROUTE ] array (
)
[ info ] [ HEADER ] array (
  'cookie' => 'pgv_pvi=941304832; PHPSESSID=gqqmvc3ikuqqihr1prgvc98or3',
  'accept-language' => 'zh-CN,zh;q=0.9',
  'accept-encoding' => 'gzip, deflate',
  'referer' => 'http://www.offer.com/admin/index/index.html',
  'accept' => 'text/html,application/xhtml+xml,application/xml;q=0.9,image/webp,image/apng,*/*;q=0.8,application/signed-exchange;v=b3',
  'user-agent' => 'Mozilla/5.0 (Windows NT 10.0; Win64; x64) AppleWebKit/537.36 (KHTML, like Gecko) Chrome/73.0.3683.103 Safari/537.36',
  'upgrade-insecure-requests' => '1',
  'connection' => 'close',
  'host' => 'www.offer.com',
)
[ info ] [ PARAM ] array (
  'menuid' => '272',
)
---------------------------------------------------------------
[ 2019-05-13T10:38:28+08:00 ] 127.0.0.1 GET www.offer.com/admin/manager/index/menuid/16.html
[运行时间：1.123233s] [吞吐率：0.89req/s] [内存消耗：2,624.52kb] [文件加载：78]
[ info ] [ LANG ] G:\PHPTutorial\WWW\fh_offer\thinkphp\lang\zh-cn.php
[ info ] [ ROUTE ] array (
)
[ info ] [ HEADER ] array (
  'cookie' => 'pgv_pvi=941304832; PHPSESSID=gqqmvc3ikuqqihr1prgvc98or3',
  'accept-language' => 'zh-CN,zh;q=0.9',
  'accept-encoding' => 'gzip, deflate',
  'referer' => 'http://www.offer.com/admin/index/index.html',
  'accept' => 'text/html,application/xhtml+xml,application/xml;q=0.9,image/webp,image/apng,*/*;q=0.8,application/signed-exchange;v=b3',
  'user-agent' => 'Mozilla/5.0 (Windows NT 10.0; Win64; x64) AppleWebKit/537.36 (KHTML, like Gecko) Chrome/73.0.3683.103 Safari/537.36',
  'upgrade-insecure-requests' => '1',
  'connection' => 'close',
  'host' => 'www.offer.com',
)
[ info ] [ PARAM ] array (
  'menuid' => '16',
)
[ info ] [ DB ] INIT mysql
[ info ] [ VIEW ] G:\PHPTutorial\WWW\fh_offer\application\admin\view\manager\index.html [ array (
  0 => 'Config',
  1 => 'Userlist',
  2 => 'company',
) ]
[ sql ] [ DB ] CONNECT:[ UseTime:1.011839s ] mysql:host=localhost;dbname=dboffer;charset=utf8
[ sql ] [ SQL ] SHOW COLUMNS FROM `fdz_admin` [ RunTime:0.007016s ]
[ sql ] [ SQL ] SELECT * FROM `fdz_admin` WHERE  `userid` = 1 LIMIT 1 [ RunTime:0.000419s ]
[ sql ] [ SQL ] SELECT * FROM `fdz_admin` WHERE  `userid` = 1 LIMIT 1 [ RunTime:0.000390s ]
[ sql ] [ SQL ] SELECT * FROM `fdz_admin` ORDER BY `userid` ASC [ RunTime:0.000461s ]
[ sql ] [ SQL ] SHOW COLUMNS FROM `fdz_frame` [ RunTime:0.006859s ]
[ sql ] [ SQL ] SELECT `id`,`name` FROM `fdz_frame` WHERE  `levelid` = 3 [ RunTime:0.000461s ]
[ sql ] [ SQL ] SHOW COLUMNS FROM `fdz_auth_group` [ RunTime:0.006842s ]
[ sql ] [ SQL ] SELECT `title` FROM `fdz_auth_group` WHERE  `id` = 1 LIMIT 1 [ RunTime:0.000383s ]
[ sql ] [ SQL ] SELECT * FROM `fdz_frame` WHERE  `id` = 1 LIMIT 1 [ RunTime:0.000375s ]
[ sql ] [ SQL ] SELECT `title` FROM `fdz_auth_group` WHERE  `id` = 2 LIMIT 1 [ RunTime:0.000365s ]
[ sql ] [ SQL ] SELECT * FROM `fdz_frame` WHERE  `id` = 4 LIMIT 1 [ RunTime:0.000370s ]
[ sql ] [ SQL ] SELECT `title` FROM `fdz_auth_group` WHERE  `id` = 2 LIMIT 1 [ RunTime:0.000391s ]
[ sql ] [ SQL ] SELECT * FROM `fdz_frame` WHERE  `id` = 6 LIMIT 1 [ RunTime:0.000398s ]
[ sql ] [ SQL ] SELECT `title` FROM `fdz_auth_group` WHERE  `id` = 2 LIMIT 1 [ RunTime:0.000372s ]
[ sql ] [ SQL ] SELECT * FROM `fdz_frame` WHERE  `id` = 6 LIMIT 1 [ RunTime:0.000635s ]
[ sql ] [ SQL ] SELECT `title` FROM `fdz_auth_group` WHERE  `id` = 10 LIMIT 1 [ RunTime:0.000280s ]
[ sql ] [ SQL ] SELECT * FROM `fdz_frame` WHERE  `id` = 3 LIMIT 1 [ RunTime:0.000244s ]
[ sql ] [ SQL ] SELECT `title` FROM `fdz_auth_group` WHERE  `id` = 10 LIMIT 1 [ RunTime:0.000399s ]
[ sql ] [ SQL ] SELECT * FROM `fdz_frame` WHERE  `id` = 152 LIMIT 1 [ RunTime:0.000366s ]
---------------------------------------------------------------
[ 2019-05-13T10:38:30+08:00 ] 127.0.0.1 GET www.offer.com/admin/manager/add.html
[运行时间：1.117277s] [吞吐率：0.90req/s] [内存消耗：2,599.30kb] [文件加载：80]
[ info ] [ LANG ] G:\PHPTutorial\WWW\fh_offer\thinkphp\lang\zh-cn.php
[ info ] [ ROUTE ] array (
)
[ info ] [ HEADER ] array (
  'cookie' => 'pgv_pvi=941304832; PHPSESSID=gqqmvc3ikuqqihr1prgvc98or3',
  'accept-language' => 'zh-CN,zh;q=0.9',
  'accept-encoding' => 'gzip, deflate',
  'referer' => 'http://www.offer.com/admin/manager/index/menuid/16.html',
  'accept' => 'text/html,application/xhtml+xml,application/xml;q=0.9,image/webp,image/apng,*/*;q=0.8,application/signed-exchange;v=b3',
  'user-agent' => 'Mozilla/5.0 (Windows NT 10.0; Win64; x64) AppleWebKit/537.36 (KHTML, like Gecko) Chrome/73.0.3683.103 Safari/537.36',
  'upgrade-insecure-requests' => '1',
  'connection' => 'close',
  'host' => 'www.offer.com',
)
[ info ] [ PARAM ] array (
)
[ info ] [ DB ] INIT mysql
[ info ] [ VIEW ] G:\PHPTutorial\WWW\fh_offer\application\admin\view\manager\add.html [ array (
  0 => 'Config',
  1 => 'roles',
) ]
[ sql ] [ DB ] CONNECT:[ UseTime:1.012901s ] mysql:host=localhost;dbname=dboffer;charset=utf8
[ sql ] [ SQL ] SHOW COLUMNS FROM `fdz_admin` [ RunTime:0.007876s ]
[ sql ] [ SQL ] SELECT * FROM `fdz_admin` WHERE  `userid` = 1 LIMIT 1 [ RunTime:0.000457s ]
[ sql ] [ SQL ] SELECT * FROM `fdz_admin` WHERE  `userid` = 1 LIMIT 1 [ RunTime:0.000393s ]
[ sql ] [ SQL ] SHOW COLUMNS FROM `fdz_auth_group` [ RunTime:0.006987s ]
[ sql ] [ SQL ] SELECT * FROM `fdz_auth_group` WHERE  `status` = 1  AND `type` = 1  AND `module` = 'admin' [ RunTime:0.000395s ]
---------------------------------------------------------------
[ 2019-05-13T10:38:37+08:00 ] 127.0.0.1 GET www.offer.com/admin/menu/index/menuid/14.html
[运行时间：1.131892s] [吞吐率：0.88req/s] [内存消耗：2,617.27kb] [文件加载：79]
[ info ] [ LANG ] G:\PHPTutorial\WWW\fh_offer\thinkphp\lang\zh-cn.php
[ info ] [ ROUTE ] array (
)
[ info ] [ HEADER ] array (
  'cookie' => 'pgv_pvi=941304832; PHPSESSID=gqqmvc3ikuqqihr1prgvc98or3',
  'accept-language' => 'zh-CN,zh;q=0.9',
  'accept-encoding' => 'gzip, deflate',
  'referer' => 'http://www.offer.com/admin/index/index.html',
  'accept' => 'text/html,application/xhtml+xml,application/xml;q=0.9,image/webp,image/apng,*/*;q=0.8,application/signed-exchange;v=b3',
  'user-agent' => 'Mozilla/5.0 (Windows NT 10.0; Win64; x64) AppleWebKit/537.36 (KHTML, like Gecko) Chrome/73.0.3683.103 Safari/537.36',
  'upgrade-insecure-requests' => '1',
  'connection' => 'close',
  'host' => 'www.offer.com',
)
[ info ] [ PARAM ] array (
  'menuid' => '14',
)
[ info ] [ DB ] INIT mysql
[ info ] [ VIEW ] G:\PHPTutorial\WWW\fh_offer\application\admin\view\menu\index.html [ array (
  0 => 'Config',
  1 => 'categorys',
) ]
[ sql ] [ DB ] CONNECT:[ UseTime:1.012311s ] mysql:host=localhost;dbname=dboffer;charset=utf8
[ sql ] [ SQL ] SHOW COLUMNS FROM `fdz_admin` [ RunTime:0.006949s ]
[ sql ] [ SQL ] SELECT * FROM `fdz_admin` WHERE  `userid` = 1 LIMIT 1 [ RunTime:0.000416s ]
[ sql ] [ SQL ] SELECT * FROM `fdz_admin` WHERE  `userid` = 1 LIMIT 1 [ RunTime:0.000367s ]
[ sql ] [ SQL ] SHOW COLUMNS FROM `fdz_menu` [ RunTime:0.007467s ]
[ sql ] [ SQL ] SELECT * FROM `fdz_menu` ORDER BY `listorder`,`id` DESC [ RunTime:0.000616s ]
---------------------------------------------------------------
[ 2019-05-13T10:38:39+08:00 ] 127.0.0.1 GET www.offer.com/admin/menu/add.html
[运行时间：1.094893s] [吞吐率：0.91req/s] [内存消耗：2,577.48kb] [文件加载：79]
[ info ] [ LANG ] G:\PHPTutorial\WWW\fh_offer\thinkphp\lang\zh-cn.php
[ info ] [ ROUTE ] array (
)
[ info ] [ HEADER ] array (
  'cookie' => 'pgv_pvi=941304832; PHPSESSID=gqqmvc3ikuqqihr1prgvc98or3',
  'accept-language' => 'zh-CN,zh;q=0.9',
  'accept-encoding' => 'gzip, deflate',
  'referer' => 'http://www.offer.com/admin/menu/index/menuid/14.html',
  'accept' => 'text/html,application/xhtml+xml,application/xml;q=0.9,image/webp,image/apng,*/*;q=0.8,application/signed-exchange;v=b3',
  'user-agent' => 'Mozilla/5.0 (Windows NT 10.0; Win64; x64) AppleWebKit/537.36 (KHTML, like Gecko) Chrome/73.0.3683.103 Safari/537.36',
  'upgrade-insecure-requests' => '1',
  'connection' => 'close',
  'host' => 'www.offer.com',
)
[ info ] [ PARAM ] array (
)
[ info ] [ DB ] INIT mysql
[ info ] [ VIEW ] G:\PHPTutorial\WWW\fh_offer\application\admin\view\menu\add.html [ array (
  0 => 'Config',
  1 => 'select_categorys',
) ]
[ sql ] [ DB ] CONNECT:[ UseTime:1.013771s ] mysql:host=localhost;dbname=dboffer;charset=utf8
[ sql ] [ SQL ] SHOW COLUMNS FROM `fdz_admin` [ RunTime:0.008149s ]
[ sql ] [ SQL ] SELECT * FROM `fdz_admin` WHERE  `userid` = 1 LIMIT 1 [ RunTime:0.000516s ]
[ sql ] [ SQL ] SELECT * FROM `fdz_admin` WHERE  `userid` = 1 LIMIT 1 [ RunTime:0.000489s ]
[ sql ] [ SQL ] SHOW COLUMNS FROM `fdz_menu` [ RunTime:0.007892s ]
[ sql ] [ SQL ] SELECT * FROM `fdz_menu` ORDER BY `listorder`,`id` DESC [ RunTime:0.000661s ]
---------------------------------------------------------------
[ 2019-05-13T10:38:45+08:00 ] 127.0.0.1 GET www.offer.com/admin/index/index.html
[运行时间：1.084680s] [吞吐率：0.92req/s] [内存消耗：2,654.88kb] [文件加载：80]
[ info ] [ LANG ] G:\PHPTutorial\WWW\fh_offer\thinkphp\lang\zh-cn.php
[ info ] [ ROUTE ] array (
)
[ info ] [ HEADER ] array (
  'cookie' => 'pgv_pvi=941304832; PHPSESSID=gqqmvc3ikuqqihr1prgvc98or3',
  'accept-language' => 'zh-CN,zh;q=0.9',
  'accept-encoding' => 'gzip, deflate',
  'referer' => 'http://www.offer.com/admin/login/index.html',
  'accept' => 'text/html,application/xhtml+xml,application/xml;q=0.9,image/webp,image/apng,*/*;q=0.8,application/signed-exchange;v=b3',
  'user-agent' => 'Mozilla/5.0 (Windows NT 10.0; Win64; x64) AppleWebKit/537.36 (KHTML, like Gecko) Chrome/73.0.3683.103 Safari/537.36',
  'upgrade-insecure-requests' => '1',
  'cache-control' => 'max-age=0',
  'connection' => 'close',
  'host' => 'www.offer.com',
)
[ info ] [ PARAM ] array (
)
[ info ] [ DB ] INIT mysql
[ info ] [ VIEW ] G:\PHPTutorial\WWW\fh_offer\application\admin\view\index\index.html [ array (
  0 => 'Config',
  1 => 'userInfo',
  2 => 'SUBMENU_CONFIG',
) ]
[ sql ] [ DB ] CONNECT:[ UseTime:1.013262s ] mysql:host=localhost;dbname=dboffer;charset=utf8
[ sql ] [ SQL ] SHOW COLUMNS FROM `fdz_admin` [ RunTime:0.007516s ]
[ sql ] [ SQL ] SELECT * FROM `fdz_admin` WHERE  `userid` = 1 LIMIT 1 [ RunTime:0.000441s ]
[ sql ] [ SQL ] SELECT * FROM `fdz_admin` WHERE  `userid` = 1 LIMIT 1 [ RunTime:0.000406s ]
[ sql ] [ SQL ] SHOW COLUMNS FROM `fdz_menu` [ RunTime:0.007238s ]
[ sql ] [ SQL ] SELECT * FROM `fdz_menu` WHERE  `parentid` = 0  AND `status` = 1 ORDER BY `listorder` ASC,`id` ASC [ RunTime:0.000472s ]
[ sql ] [ SQL ] SELECT * FROM `fdz_menu` WHERE  `parentid` = 3  AND `status` = 1 ORDER BY `listorder` ASC,`id` ASC [ RunTime:0.000465s ]
[ sql ] [ SQL ] SELECT * FROM `fdz_menu` WHERE  `parentid` = 10  AND `status` = 1 ORDER BY `listorder` ASC,`id` ASC [ RunTime:0.000410s ]
[ sql ] [ SQL ] SELECT * FROM `fdz_menu` WHERE  `parentid` = 14  AND `status` = 1 ORDER BY `listorder` ASC,`id` ASC [ RunTime:0.000394s ]
[ sql ] [ SQL ] SELECT * FROM `fdz_menu` WHERE  `parentid` = 15  AND `status` = 1 ORDER BY `listorder` ASC,`id` ASC [ RunTime:0.000462s ]
[ sql ] [ SQL ] SELECT * FROM `fdz_menu` WHERE  `parentid` = 16  AND `status` = 1 ORDER BY `listorder` ASC,`id` ASC [ RunTime:0.000440s ]
[ sql ] [ SQL ] SELECT * FROM `fdz_menu` WHERE  `parentid` = 17  AND `status` = 1 ORDER BY `listorder` ASC,`id` ASC [ RunTime:0.000465s ]
[ sql ] [ SQL ] SELECT * FROM `fdz_menu` WHERE  `parentid` = 228  AND `status` = 1 ORDER BY `listorder` ASC,`id` ASC [ RunTime:0.000395s ]
[ sql ] [ SQL ] SELECT * FROM `fdz_menu` WHERE  `parentid` = 229  AND `status` = 1 ORDER BY `listorder` ASC,`id` ASC [ RunTime:0.000343s ]
[ sql ] [ SQL ] SELECT * FROM `fdz_menu` WHERE  `parentid` = 249  AND `status` = 1 ORDER BY `listorder` ASC,`id` ASC [ RunTime:0.000358s ]
[ sql ] [ SQL ] SELECT * FROM `fdz_menu` WHERE  `parentid` = 231  AND `status` = 1 ORDER BY `listorder` ASC,`id` ASC [ RunTime:0.000363s ]
[ sql ] [ SQL ] SELECT * FROM `fdz_menu` WHERE  `parentid` = 235  AND `status` = 1 ORDER BY `listorder` ASC,`id` ASC [ RunTime:0.000330s ]
[ sql ] [ SQL ] SELECT * FROM `fdz_menu` WHERE  `parentid` = 256  AND `status` = 1 ORDER BY `listorder` ASC,`id` ASC [ RunTime:0.000326s ]
[ sql ] [ SQL ] SELECT * FROM `fdz_menu` WHERE  `parentid` = 262  AND `status` = 1 ORDER BY `listorder` ASC,`id` ASC [ RunTime:0.000375s ]
[ sql ] [ SQL ] SELECT * FROM `fdz_menu` WHERE  `parentid` = 263  AND `status` = 1 ORDER BY `listorder` ASC,`id` ASC [ RunTime:0.000328s ]
[ sql ] [ SQL ] SELECT * FROM `fdz_menu` WHERE  `parentid` = 264  AND `status` = 1 ORDER BY `listorder` ASC,`id` ASC [ RunTime:0.000315s ]
[ sql ] [ SQL ] SELECT * FROM `fdz_menu` WHERE  `parentid` = 269  AND `status` = 1 ORDER BY `listorder` ASC,`id` ASC [ RunTime:0.000348s ]
[ sql ] [ SQL ] SELECT * FROM `fdz_menu` WHERE  `parentid` = 267  AND `status` = 1 ORDER BY `listorder` ASC,`id` ASC [ RunTime:0.000339s ]
[ sql ] [ SQL ] SELECT * FROM `fdz_menu` WHERE  `parentid` = 268  AND `status` = 1 ORDER BY `listorder` ASC,`id` ASC [ RunTime:0.000344s ]
[ sql ] [ SQL ] SELECT * FROM `fdz_menu` WHERE  `parentid` = 270  AND `status` = 1 ORDER BY `listorder` ASC,`id` ASC [ RunTime:0.000340s ]
[ sql ] [ SQL ] SELECT * FROM `fdz_menu` WHERE  `parentid` = 271  AND `status` = 1 ORDER BY `listorder` ASC,`id` ASC [ RunTime:0.000312s ]
[ sql ] [ SQL ] SELECT * FROM `fdz_menu` WHERE  `parentid` = 272  AND `status` = 1 ORDER BY `listorder` ASC,`id` ASC [ RunTime:0.000250s ]
---------------------------------------------------------------
[ 2019-05-13T10:38:47+08:00 ] 127.0.0.1 GET www.offer.com/admin/main/index.html
[运行时间：1.137594s] [吞吐率：0.88req/s] [内存消耗：2,604.45kb] [文件加载：78]
[ info ] [ LANG ] G:\PHPTutorial\WWW\fh_offer\thinkphp\lang\zh-cn.php
[ info ] [ ROUTE ] array (
)
[ info ] [ HEADER ] array (
  'cookie' => 'pgv_pvi=941304832; PHPSESSID=gqqmvc3ikuqqihr1prgvc98or3',
  'accept-language' => 'zh-CN,zh;q=0.9',
  'accept-encoding' => 'gzip, deflate',
  'referer' => 'http://www.offer.com/admin/index/index.html',
  'accept' => 'text/html,application/xhtml+xml,application/xml;q=0.9,image/webp,image/apng,*/*;q=0.8,application/signed-exchange;v=b3',
  'user-agent' => 'Mozilla/5.0 (Windows NT 10.0; Win64; x64) AppleWebKit/537.36 (KHTML, like Gecko) Chrome/73.0.3683.103 Safari/537.36',
  'upgrade-insecure-requests' => '1',
  'connection' => 'close',
  'host' => 'www.offer.com',
)
[ info ] [ PARAM ] array (
)
[ info ] [ DB ] INIT mysql
[ info ] [ VIEW ] G:\PHPTutorial\WWW\fh_offer\application\admin\view\main\index.html [ array (
  0 => 'Config',
  1 => 'countuser',
  2 => 'countdrive',
  3 => 'py',
  4 => 're',
  5 => 'rerole',
  6 => 'gonggao',
  7 => 'userInfo',
  8 => 'sys_info',
  9 => 'countall',
  10 => 'session_info',
) ]
[ sql ] [ DB ] CONNECT:[ UseTime:1.023146s ] mysql:host=localhost;dbname=dboffer;charset=utf8
[ sql ] [ SQL ] SHOW COLUMNS FROM `fdz_admin` [ RunTime:0.011860s ]
[ sql ] [ SQL ] SELECT * FROM `fdz_admin` WHERE  `userid` = 1 LIMIT 1 [ RunTime:0.000469s ]
[ sql ] [ SQL ] SELECT * FROM `fdz_admin` WHERE  `userid` = 1 LIMIT 1 [ RunTime:0.000403s ]
[ sql ] [ SQL ] SELECT * FROM `fdz_admin` WHERE  `userid` = 1 LIMIT 1 [ RunTime:0.000404s ]
[ sql ] [ SQL ] SHOW COLUMNS FROM `fdz_frame` [ RunTime:0.007962s ]
[ sql ] [ SQL ] SELECT * FROM `fdz_frame` WHERE  `id` = 1 LIMIT 1 [ RunTime:0.000505s ]
[ sql ] [ SQL ] SHOW COLUMNS FROM `fdz_auth_group` [ RunTime:0.007436s ]
[ sql ] [ SQL ] SELECT `title`,`description` FROM `fdz_auth_group` WHERE  `id` = 1 LIMIT 1 [ RunTime:0.000387s ]
[ sql ] [ SQL ] SHOW COLUMNS FROM `fdz_shop` [ RunTime:0.008417s ]
[ sql ] [ SQL ] SELECT `name`,`money`,`phone` FROM `fdz_shop` LIMIT 1 [ RunTime:0.000421s ]
[ sql ] [ SQL ] SHOW COLUMNS FROM `fdz_notice_list` [ RunTime:0.006877s ]
[ sql ] [ SQL ] SELECT * FROM `fdz_notice_list` ORDER BY `time` DESC LIMIT 1 [ RunTime:0.000406s ]
[ sql ] [ SQL ] SHOW COLUMNS FROM `fdz_userinfo` [ RunTime:0.007973s ]
[ sql ] [ SQL ] SELECT * FROM `fdz_userinfo` [ RunTime:0.000688s ]
[ sql ] [ SQL ] SHOW COLUMNS FROM `fdz_driver` [ RunTime:0.008019s ]
[ sql ] [ SQL ] SELECT * FROM `fdz_driver` [ RunTime:0.000423s ]
[ sql ] [ SQL ] SELECT VERSION() as version [ RunTime:0.000277s ]
[ sql ] [ SQL ] SELECT * FROM `fdz_driver` [ RunTime:0.000375s ]
---------------------------------------------------------------
[ 2019-05-13T10:38:55+08:00 ] 127.0.0.1 GET www.offer.com/admin/indent/index/menuid/235.html
[运行时间：1.085211s] [吞吐率：0.92req/s] [内存消耗：2,545.55kb] [文件加载：78]
[ info ] [ LANG ] G:\PHPTutorial\WWW\fh_offer\thinkphp\lang\zh-cn.php
[ info ] [ ROUTE ] array (
)
[ info ] [ HEADER ] array (
  'cookie' => 'pgv_pvi=941304832; PHPSESSID=gqqmvc3ikuqqihr1prgvc98or3',
  'accept-language' => 'zh-CN,zh;q=0.9',
  'accept-encoding' => 'gzip, deflate',
  'referer' => 'http://www.offer.com/admin/index/index.html',
  'accept' => 'text/html,application/xhtml+xml,application/xml;q=0.9,image/webp,image/apng,*/*;q=0.8,application/signed-exchange;v=b3',
  'user-agent' => 'Mozilla/5.0 (Windows NT 10.0; Win64; x64) AppleWebKit/537.36 (KHTML, like Gecko) Chrome/73.0.3683.103 Safari/537.36',
  'upgrade-insecure-requests' => '1',
  'connection' => 'close',
  'host' => 'www.offer.com',
)
[ info ] [ PARAM ] array (
  'menuid' => '235',
)
[ info ] [ DB ] INIT mysql
[ info ] [ VIEW ] G:\PHPTutorial\WWW\fh_offer\application\admin\view\indent\index.html [ array (
  0 => 'Config',
  1 => 'data',
) ]
[ sql ] [ DB ] CONNECT:[ UseTime:1.024070s ] mysql:host=localhost;dbname=dboffer;charset=utf8
[ sql ] [ SQL ] SHOW COLUMNS FROM `fdz_admin` [ RunTime:0.007279s ]
[ sql ] [ SQL ] SELECT * FROM `fdz_admin` WHERE  `userid` = 1 LIMIT 1 [ RunTime:0.000491s ]
[ sql ] [ SQL ] SELECT * FROM `fdz_admin` WHERE  `userid` = 1 LIMIT 1 [ RunTime:0.000396s ]
[ sql ] [ SQL ] SHOW COLUMNS FROM `fdz_frame` [ RunTime:0.007594s ]
[ sql ] [ SQL ] SELECT `id`,`name` FROM `fdz_frame` WHERE  `levelid` = 2  AND `status` = 0 [ RunTime:0.000389s ]
---------------------------------------------------------------
[ 2019-05-13T10:38:56+08:00 ] 127.0.0.1 GET www.offer.com/admin/indent/treetype.html
[运行时间：1.085786s] [吞吐率：0.92req/s] [内存消耗：2,586.75kb] [文件加载：73]
[ info ] [ LANG ] G:\PHPTutorial\WWW\fh_offer\thinkphp\lang\zh-cn.php
[ info ] [ ROUTE ] array (
)
[ info ] [ HEADER ] array (
  'cookie' => 'pgv_pvi=941304832; PHPSESSID=gqqmvc3ikuqqihr1prgvc98or3',
  'accept-language' => 'zh-CN,zh;q=0.9',
  'accept-encoding' => 'gzip, deflate',
  'referer' => 'http://www.offer.com/admin/indent/index/menuid/235.html',
  'user-agent' => 'Mozilla/5.0 (Windows NT 10.0; Win64; x64) AppleWebKit/537.36 (KHTML, like Gecko) Chrome/73.0.3683.103 Safari/537.36',
  'x-requested-with' => 'XMLHttpRequest',
  'accept' => 'application/json, text/javascript, */*; q=0.01',
  'connection' => 'close',
  'host' => 'www.offer.com',
)
[ info ] [ PARAM ] array (
)
[ info ] [ DB ] INIT mysql
[ sql ] [ DB ] CONNECT:[ UseTime:1.023416s ] mysql:host=localhost;dbname=dboffer;charset=utf8
[ sql ] [ SQL ] SHOW COLUMNS FROM `fdz_admin` [ RunTime:0.007661s ]
[ sql ] [ SQL ] SELECT * FROM `fdz_admin` WHERE  `userid` = 1 LIMIT 1 [ RunTime:0.000987s ]
[ sql ] [ SQL ] SELECT * FROM `fdz_admin` WHERE  `userid` = 1 LIMIT 1 [ RunTime:0.000712s ]
[ sql ] [ SQL ] SHOW COLUMNS FROM `fdz_frame` [ RunTime:0.008829s ]
[ sql ] [ SQL ] SELECT * FROM `fdz_frame` [ RunTime:0.000610s ]
---------------------------------------------------------------
[ 2019-05-13T10:38:59+08:00 ] 127.0.0.1 GET www.offer.com/admin/offertype/index/menuid/229.html
[运行时间：1.136998s] [吞吐率：0.88req/s] [内存消耗：2,506.36kb] [文件加载：78]
[ info ] [ LANG ] G:\PHPTutorial\WWW\fh_offer\thinkphp\lang\zh-cn.php
[ info ] [ ROUTE ] array (
)
[ info ] [ HEADER ] array (
  'cookie' => 'pgv_pvi=941304832; PHPSESSID=gqqmvc3ikuqqihr1prgvc98or3',
  'accept-language' => 'zh-CN,zh;q=0.9',
  'accept-encoding' => 'gzip, deflate',
  'referer' => 'http://www.offer.com/admin/index/index.html',
  'accept' => 'text/html,application/xhtml+xml,application/xml;q=0.9,image/webp,image/apng,*/*;q=0.8,application/signed-exchange;v=b3',
  'user-agent' => 'Mozilla/5.0 (Windows NT 10.0; Win64; x64) AppleWebKit/537.36 (KHTML, like Gecko) Chrome/73.0.3683.103 Safari/537.36',
  'upgrade-insecure-requests' => '1',
  'connection' => 'close',
  'host' => 'www.offer.com',
)
[ info ] [ PARAM ] array (
  'menuid' => '229',
)
[ info ] [ DB ] INIT mysql
[ info ] [ VIEW ] G:\PHPTutorial\WWW\fh_offer\application\admin\view\offertype\index.html [ array (
  0 => 'Config',
  1 => 'data',
) ]
[ sql ] [ DB ] CONNECT:[ UseTime:1.023907s ] mysql:host=localhost;dbname=dboffer;charset=utf8
[ sql ] [ SQL ] SHOW COLUMNS FROM `fdz_admin` [ RunTime:0.007873s ]
[ sql ] [ SQL ] SELECT * FROM `fdz_admin` WHERE  `userid` = 1 LIMIT 1 [ RunTime:0.000471s ]
[ sql ] [ SQL ] SELECT * FROM `fdz_admin` WHERE  `userid` = 1 LIMIT 1 [ RunTime:0.000396s ]
[ sql ] [ SQL ] SHOW COLUMNS FROM `fdz_offer_type` [ RunTime:0.007398s ]
[ sql ] [ SQL ] SELECT * FROM `fdz_offer_type` [ RunTime:0.000265s ]
---------------------------------------------------------------
[ 2019-05-13T10:39:02+08:00 ] 127.0.0.1 GET www.offer.com/admin/offertype/add.html
[运行时间：1.093913s] [吞吐率：0.91req/s] [内存消耗：2,505.02kb] [文件加载：77]
[ info ] [ LANG ] G:\PHPTutorial\WWW\fh_offer\thinkphp\lang\zh-cn.php
[ info ] [ ROUTE ] array (
)
[ info ] [ HEADER ] array (
  'cookie' => 'pgv_pvi=941304832; PHPSESSID=gqqmvc3ikuqqihr1prgvc98or3',
  'accept-language' => 'zh-CN,zh;q=0.9',
  'accept-encoding' => 'gzip, deflate',
  'referer' => 'http://www.offer.com/admin/offertype/index/menuid/229.html',
  'accept' => 'text/html,application/xhtml+xml,application/xml;q=0.9,image/webp,image/apng,*/*;q=0.8,application/signed-exchange;v=b3',
  'user-agent' => 'Mozilla/5.0 (Windows NT 10.0; Win64; x64) AppleWebKit/537.36 (KHTML, like Gecko) Chrome/73.0.3683.103 Safari/537.36',
  'upgrade-insecure-requests' => '1',
  'connection' => 'close',
  'host' => 'www.offer.com',
)
[ info ] [ PARAM ] array (
)
[ info ] [ DB ] INIT mysql
[ info ] [ VIEW ] G:\PHPTutorial\WWW\fh_offer\application\admin\view\offertype\add.html [ array (
  0 => 'Config',
) ]
[ sql ] [ DB ] CONNECT:[ UseTime:1.015320s ] mysql:host=localhost;dbname=dboffer;charset=utf8
[ sql ] [ SQL ] SHOW COLUMNS FROM `fdz_admin` [ RunTime:0.009679s ]
[ sql ] [ SQL ] SELECT * FROM `fdz_admin` WHERE  `userid` = 1 LIMIT 1 [ RunTime:0.000488s ]
[ sql ] [ SQL ] SELECT * FROM `fdz_admin` WHERE  `userid` = 1 LIMIT 1 [ RunTime:0.000417s ]
---------------------------------------------------------------
[ 2019-05-13T10:39:05+08:00 ] 127.0.0.1 GET www.offer.com/admin/offerlist/index/menuid/249.html
[运行时间：1.214566s] [吞吐率：0.82req/s] [内存消耗：2,627.87kb] [文件加载：80]
[ info ] [ LANG ] G:\PHPTutorial\WWW\fh_offer\thinkphp\lang\zh-cn.php
[ info ] [ ROUTE ] array (
)
[ info ] [ HEADER ] array (
  'cookie' => 'pgv_pvi=941304832; PHPSESSID=gqqmvc3ikuqqihr1prgvc98or3',
  'accept-language' => 'zh-CN,zh;q=0.9',
  'accept-encoding' => 'gzip, deflate',
  'referer' => 'http://www.offer.com/admin/index/index.html',
  'accept' => 'text/html,application/xhtml+xml,application/xml;q=0.9,image/webp,image/apng,*/*;q=0.8,application/signed-exchange;v=b3',
  'user-agent' => 'Mozilla/5.0 (Windows NT 10.0; Win64; x64) AppleWebKit/537.36 (KHTML, like Gecko) Chrome/73.0.3683.103 Safari/537.36',
  'upgrade-insecure-requests' => '1',
  'connection' => 'close',
  'host' => 'www.offer.com',
)
[ info ] [ PARAM ] array (
  'menuid' => '249',
)
[ info ] [ DB ] INIT mysql
[ info ] [ VIEW ] G:\PHPTutorial\WWW\fh_offer\application\admin\view\offerlist\index.html [ array (
  0 => 'Config',
  1 => 'data',
) ]
[ sql ] [ DB ] CONNECT:[ UseTime:1.022823s ] mysql:host=localhost;dbname=dboffer;charset=utf8
[ sql ] [ SQL ] SHOW COLUMNS FROM `fdz_admin` [ RunTime:0.007550s ]
[ sql ] [ SQL ] SELECT * FROM `fdz_admin` WHERE  `userid` = 1 LIMIT 1 [ RunTime:0.000488s ]
[ sql ] [ SQL ] SELECT * FROM `fdz_admin` WHERE  `userid` = 1 LIMIT 1 [ RunTime:0.000465s ]
[ sql ] [ SQL ] SHOW COLUMNS FROM `fdz_offerlist` [ RunTime:0.038312s ]
[ sql ] [ SQL ] SELECT COUNT(*) AS tp_count FROM `fdz_offerlist` WHERE  `userid` = 1 LIMIT 1 [ RunTime:0.000543s ]
[ sql ] [ SQL ] SELECT * FROM `fdz_offerlist` WHERE  `userid` = 1 LIMIT 0,20 [ RunTime:0.000518s ]
[ sql ] [ SQL ] SHOW COLUMNS FROM `fdz_userlist` [ RunTime:0.040128s ]
[ sql ] [ SQL ] SELECT * FROM `fdz_userlist` WHERE  `id` = 1 LIMIT 1 [ RunTime:0.000409s ]
[ sql ] [ SQL ] SHOW COLUMNS FROM `fdz_space_type` [ RunTime:0.030253s ]
[ sql ] [ SQL ] SELECT * FROM `fdz_space_type` WHERE  `id` = 3 LIMIT 1 [ RunTime:0.000445s ]
[ sql ] [ SQL ] SELECT * FROM `fdz_userlist` WHERE  `id` = 2 LIMIT 1 [ RunTime:0.000396s ]
[ sql ] [ SQL ] SELECT * FROM `fdz_space_type` WHERE  `id` = 7 LIMIT 1 [ RunTime:0.000376s ]
---------------------------------------------------------------
[ 2019-05-13T10:39:07+08:00 ] 127.0.0.1 GET www.offer.com/admin/offerlist/add.html
[运行时间：1.110407s] [吞吐率：0.90req/s] [内存消耗：2,530.55kb] [文件加载：77]
[ info ] [ LANG ] G:\PHPTutorial\WWW\fh_offer\thinkphp\lang\zh-cn.php
[ info ] [ ROUTE ] array (
)
[ info ] [ HEADER ] array (
  'cookie' => 'pgv_pvi=941304832; PHPSESSID=gqqmvc3ikuqqihr1prgvc98or3',
  'accept-language' => 'zh-CN,zh;q=0.9',
  'accept-encoding' => 'gzip, deflate',
  'referer' => 'http://www.offer.com/admin/offerlist/index/menuid/249.html',
  'accept' => 'text/html,application/xhtml+xml,application/xml;q=0.9,image/webp,image/apng,*/*;q=0.8,application/signed-exchange;v=b3',
  'user-agent' => 'Mozilla/5.0 (Windows NT 10.0; Win64; x64) AppleWebKit/537.36 (KHTML, like Gecko) Chrome/73.0.3683.103 Safari/537.36',
  'upgrade-insecure-requests' => '1',
  'connection' => 'close',
  'host' => 'www.offer.com',
)
[ info ] [ PARAM ] array (
)
[ info ] [ DB ] INIT mysql
[ info ] [ VIEW ] G:\PHPTutorial\WWW\fh_offer\application\admin\view\offerlist\add.html [ array (
  0 => 'Config',
  1 => 'data',
) ]
[ sql ] [ DB ] CONNECT:[ UseTime:1.024437s ] mysql:host=localhost;dbname=dboffer;charset=utf8
[ sql ] [ SQL ] SHOW COLUMNS FROM `fdz_admin` [ RunTime:0.007426s ]
[ sql ] [ SQL ] SELECT * FROM `fdz_admin` WHERE  `userid` = 1 LIMIT 1 [ RunTime:0.000447s ]
[ sql ] [ SQL ] SELECT * FROM `fdz_admin` WHERE  `userid` = 1 LIMIT 1 [ RunTime:0.000438s ]
[ sql ] [ SQL ] SHOW COLUMNS FROM `fdz_space_type` [ RunTime:0.006876s ]
[ sql ] [ SQL ] SELECT * FROM `fdz_space_type` [ RunTime:0.000338s ]
---------------------------------------------------------------
[ 2019-05-13T14:41:42+08:00 ] 127.0.0.1 GET www.offer.com/admin/offerlist/add.html
[运行时间：1.085400s] [吞吐率：0.92req/s] [内存消耗：2,543.08kb] [文件加载：77]
[ info ] [ LANG ] G:\PHPTutorial\WWW\fh_offer\thinkphp\lang\zh-cn.php
[ info ] [ ROUTE ] array (
)
[ info ] [ HEADER ] array (
  'cookie' => 'pgv_pvi=941304832; PHPSESSID=gqqmvc3ikuqqihr1prgvc98or3',
  'accept-language' => 'zh-CN,zh;q=0.9',
  'accept-encoding' => 'gzip, deflate',
  'referer' => 'http://www.offer.com/admin/index/index.html',
  'accept' => 'text/html,application/xhtml+xml,application/xml;q=0.9,image/webp,image/apng,*/*;q=0.8,application/signed-exchange;v=b3',
  'user-agent' => 'Mozilla/5.0 (Windows NT 10.0; Win64; x64) AppleWebKit/537.36 (KHTML, like Gecko) Chrome/73.0.3683.103 Safari/537.36',
  'upgrade-insecure-requests' => '1',
  'connection' => 'close',
  'host' => 'www.offer.com',
)
[ info ] [ PARAM ] array (
)
[ info ] [ DB ] INIT mysql
[ info ] [ VIEW ] G:\PHPTutorial\WWW\fh_offer\application\admin\view\offerlist\add.html [ array (
  0 => 'Config',
  1 => 'data',
) ]
[ sql ] [ DB ] CONNECT:[ UseTime:1.025647s ] mysql:host=localhost;dbname=dboffer;charset=utf8
[ sql ] [ SQL ] SHOW COLUMNS FROM `fdz_admin` [ RunTime:0.008895s ]
[ sql ] [ SQL ] SELECT * FROM `fdz_admin` WHERE  `userid` = 1 LIMIT 1 [ RunTime:0.000471s ]
[ sql ] [ SQL ] SELECT * FROM `fdz_admin` WHERE  `userid` = 1 LIMIT 1 [ RunTime:0.000420s ]
[ sql ] [ SQL ] SHOW COLUMNS FROM `fdz_space_type` [ RunTime:0.007356s ]
[ sql ] [ SQL ] SELECT * FROM `fdz_space_type` [ RunTime:0.000449s ]
