---------------------------------------------------------------
[ 2019-05-24T10:48:16+08:00 ] 127.0.0.1 GET www.offer.com/
[运行时间：0.107427s] [吞吐率：9.31req/s] [内存消耗：1,745.87kb] [文件加载：72]
[ info ] [ LANG ] G:\PHPTutorial\WWW\fh_offer\thinkphp\lang\zh-cn.php
[ info ] [ ROUTE ] array (
)
[ info ] [ HEADER ] array (
  'cookie' => 'pgv_pvi=941304832',
  'accept-language' => 'zh-CN,zh;q=0.9',
  'accept-encoding' => 'gzip, deflate',
  'accept' => 'text/html,application/xhtml+xml,application/xml;q=0.9,image/webp,image/apng,*/*;q=0.8,application/signed-exchange;v=b3',
  'user-agent' => 'Mozilla/5.0 (Windows NT 10.0; Win64; x64) AppleWebKit/537.36 (KHTML, like Gecko) Chrome/73.0.3683.103 Safari/537.36',
  'upgrade-insecure-requests' => '1',
  'connection' => 'close',
  'host' => 'www.offer.com',
)
[ info ] [ PARAM ] array (
)
---------------------------------------------------------------
[ 2019-05-24T10:48:16+08:00 ] 127.0.0.1 GET www.offer.com/admin/login/index.html
[运行时间：0.034751s] [吞吐率：28.78req/s] [内存消耗：1,742.31kb] [文件加载：68]
[ info ] [ LANG ] G:\PHPTutorial\WWW\fh_offer\thinkphp\lang\zh-cn.php
[ info ] [ ROUTE ] array (
)
[ info ] [ HEADER ] array (
  'cookie' => 'pgv_pvi=941304832; PHPSESSID=s9gjns390jsj1ke7uve86hvmj7',
  'accept-language' => 'zh-CN,zh;q=0.9',
  'accept-encoding' => 'gzip, deflate',
  'accept' => 'text/html,application/xhtml+xml,application/xml;q=0.9,image/webp,image/apng,*/*;q=0.8,application/signed-exchange;v=b3',
  'user-agent' => 'Mozilla/5.0 (Windows NT 10.0; Win64; x64) AppleWebKit/537.36 (KHTML, like Gecko) Chrome/73.0.3683.103 Safari/537.36',
  'upgrade-insecure-requests' => '1',
  'connection' => 'close',
  'host' => 'www.offer.com',
)
[ info ] [ PARAM ] array (
)
[ info ] [ VIEW ] G:\PHPTutorial\WWW\fh_offer\application\admin\view\login\index.html [ array (
) ]
---------------------------------------------------------------
[ 2019-05-24T10:48:16+08:00 ] 127.0.0.1 GET www.offer.com/static/admin/images/logo.ico
[运行时间：0.035279s] [吞吐率：28.35req/s] [内存消耗：992.95kb] [文件加载：47]
[ info ] [ LANG ] G:\PHPTutorial\WWW\fh_offer\thinkphp\lang\zh-cn.php
---------------------------------------------------------------
[ 2019-05-24T14:32:52+08:00 ] 127.0.0.1 GET www.offer.com/
[运行时间：0.048566s] [吞吐率：20.59req/s] [内存消耗：1,745.80kb] [文件加载：72]
[ info ] [ LANG ] G:\PHPTutorial\WWW\fh_offer\thinkphp\lang\zh-cn.php
[ info ] [ ROUTE ] array (
)
[ info ] [ HEADER ] array (
  'cookie' => 'pgv_pvi=941304832; PHPSESSID=s9gjns390jsj1ke7uve86hvmj7',
  'accept-language' => 'zh-CN,zh;q=0.9',
  'accept-encoding' => 'gzip, deflate',
  'accept' => 'text/html,application/xhtml+xml,application/xml;q=0.9,image/webp,image/apng,*/*;q=0.8,application/signed-exchange;v=b3',
  'user-agent' => 'Mozilla/5.0 (Windows NT 10.0; Win64; x64) AppleWebKit/537.36 (KHTML, like Gecko) Chrome/73.0.3683.103 Safari/537.36',
  'upgrade-insecure-requests' => '1',
  'connection' => 'close',
  'host' => 'www.offer.com',
)
[ info ] [ PARAM ] array (
)
---------------------------------------------------------------
[ 2019-05-24T14:32:52+08:00 ] 127.0.0.1 GET www.offer.com/admin/login/index.html
[运行时间：0.040185s] [吞吐率：24.88req/s] [内存消耗：1,742.31kb] [文件加载：68]
[ info ] [ LANG ] G:\PHPTutorial\WWW\fh_offer\thinkphp\lang\zh-cn.php
[ info ] [ ROUTE ] array (
)
[ info ] [ HEADER ] array (
  'cookie' => 'pgv_pvi=941304832; PHPSESSID=s9gjns390jsj1ke7uve86hvmj7',
  'accept-language' => 'zh-CN,zh;q=0.9',
  'accept-encoding' => 'gzip, deflate',
  'accept' => 'text/html,application/xhtml+xml,application/xml;q=0.9,image/webp,image/apng,*/*;q=0.8,application/signed-exchange;v=b3',
  'user-agent' => 'Mozilla/5.0 (Windows NT 10.0; Win64; x64) AppleWebKit/537.36 (KHTML, like Gecko) Chrome/73.0.3683.103 Safari/537.36',
  'upgrade-insecure-requests' => '1',
  'connection' => 'close',
  'host' => 'www.offer.com',
)
[ info ] [ PARAM ] array (
)
[ info ] [ VIEW ] G:\PHPTutorial\WWW\fh_offer\application\admin\view\login\index.html [ array (
) ]
---------------------------------------------------------------
[ 2019-05-24T14:32:56+08:00 ] 127.0.0.1 POST www.offer.com/admin/login/index.html
[运行时间：1.598037s] [吞吐率：0.63req/s] [内存消耗：2,492.33kb] [文件加载：74]
[ info ] [ LANG ] G:\PHPTutorial\WWW\fh_offer\thinkphp\lang\zh-cn.php
[ info ] [ ROUTE ] array (
)
[ info ] [ HEADER ] array (
  'cookie' => 'pgv_pvi=941304832; PHPSESSID=s9gjns390jsj1ke7uve86hvmj7',
  'accept-language' => 'zh-CN,zh;q=0.9',
  'accept-encoding' => 'gzip, deflate',
  'referer' => 'http://www.offer.com/admin/login/index.html',
  'accept' => 'text/html,application/xhtml+xml,application/xml;q=0.9,image/webp,image/apng,*/*;q=0.8,application/signed-exchange;v=b3',
  'user-agent' => 'Mozilla/5.0 (Windows NT 10.0; Win64; x64) AppleWebKit/537.36 (KHTML, like Gecko) Chrome/73.0.3683.103 Safari/537.36',
  'content-type' => 'application/x-www-form-urlencoded',
  'upgrade-insecure-requests' => '1',
  'origin' => 'http://www.offer.com',
  'cache-control' => 'max-age=0',
  'content-length' => '31',
  'connection' => 'close',
  'host' => 'www.offer.com',
)
[ info ] [ PARAM ] array (
  'username' => 'fkd',
  'password' => '123456789',
)
[ info ] [ DB ] INIT mysql
[ sql ] [ DB ] CONNECT:[ UseTime:1.023599s ] mysql:host=localhost;dbname=dboffer;charset=utf8
[ sql ] [ SQL ] SHOW COLUMNS FROM `fdz_admin` [ RunTime:0.041752s ]
[ sql ] [ SQL ] SELECT * FROM `fdz_admin` WHERE  `username` = 'fkd' LIMIT 1 [ RunTime:0.005294s ]
[ sql ] [ SQL ] SHOW COLUMNS FROM `fdz_admin_operation` [ RunTime:0.017575s ]
[ sql ] [ SQL ] INSERT INTO `fdz_admin_operation` (`aid` , `sid` , `rid` , `operation_type` , `operation_time` , `operation`) VALUES (1 , 0 , 1 , 1 , '1558679576' , '登录操作') [ RunTime:0.012315s ]
[ sql ] [ SQL ] UPDATE `fdz_admin`  SET `last_login_time` = 1558679576 , `last_login_address` = '广东省广州市' , `login_ip` = '127.0.0.1'  WHERE  `userid` = 1 [ RunTime:0.002168s ]
---------------------------------------------------------------
[ 2019-05-24T14:32:58+08:00 ] 127.0.0.1 GET www.offer.com/admin/index/index.html
[运行时间：1.155651s] [吞吐率：0.87req/s] [内存消耗：2,667.11kb] [文件加载：80]
[ info ] [ LANG ] G:\PHPTutorial\WWW\fh_offer\thinkphp\lang\zh-cn.php
[ info ] [ ROUTE ] array (
)
[ info ] [ HEADER ] array (
  'cookie' => 'pgv_pvi=941304832; PHPSESSID=s9gjns390jsj1ke7uve86hvmj7',
  'accept-language' => 'zh-CN,zh;q=0.9',
  'accept-encoding' => 'gzip, deflate',
  'referer' => 'http://www.offer.com/admin/login/index.html',
  'accept' => 'text/html,application/xhtml+xml,application/xml;q=0.9,image/webp,image/apng,*/*;q=0.8,application/signed-exchange;v=b3',
  'user-agent' => 'Mozilla/5.0 (Windows NT 10.0; Win64; x64) AppleWebKit/537.36 (KHTML, like Gecko) Chrome/73.0.3683.103 Safari/537.36',
  'upgrade-insecure-requests' => '1',
  'cache-control' => 'max-age=0',
  'connection' => 'close',
  'host' => 'www.offer.com',
)
[ info ] [ PARAM ] array (
)
[ info ] [ DB ] INIT mysql
[ info ] [ VIEW ] G:\PHPTutorial\WWW\fh_offer\application\admin\view\index\index.html [ array (
  0 => 'Config',
  1 => 'userInfo',
  2 => 'SUBMENU_CONFIG',
) ]
[ sql ] [ DB ] CONNECT:[ UseTime:1.012643s ] mysql:host=localhost;dbname=dboffer;charset=utf8
[ sql ] [ SQL ] SHOW COLUMNS FROM `fdz_admin` [ RunTime:0.006073s ]
[ sql ] [ SQL ] SELECT * FROM `fdz_admin` WHERE  `userid` = 1 LIMIT 1 [ RunTime:0.000455s ]
[ sql ] [ SQL ] SELECT * FROM `fdz_admin` WHERE  `userid` = 1 LIMIT 1 [ RunTime:0.000388s ]
[ sql ] [ SQL ] SHOW COLUMNS FROM `fdz_menu` [ RunTime:0.015103s ]
[ sql ] [ SQL ] SELECT * FROM `fdz_menu` WHERE  `parentid` = 0  AND `status` = 1 ORDER BY `listorder` ASC,`id` ASC [ RunTime:0.000762s ]
[ sql ] [ SQL ] SELECT * FROM `fdz_menu` WHERE  `parentid` = 3  AND `status` = 1 ORDER BY `listorder` ASC,`id` ASC [ RunTime:0.000510s ]
[ sql ] [ SQL ] SELECT * FROM `fdz_menu` WHERE  `parentid` = 10  AND `status` = 1 ORDER BY `listorder` ASC,`id` ASC [ RunTime:0.000479s ]
[ sql ] [ SQL ] SELECT * FROM `fdz_menu` WHERE  `parentid` = 14  AND `status` = 1 ORDER BY `listorder` ASC,`id` ASC [ RunTime:0.000466s ]
[ sql ] [ SQL ] SELECT * FROM `fdz_menu` WHERE  `parentid` = 15  AND `status` = 1 ORDER BY `listorder` ASC,`id` ASC [ RunTime:0.000465s ]
[ sql ] [ SQL ] SELECT * FROM `fdz_menu` WHERE  `parentid` = 16  AND `status` = 1 ORDER BY `listorder` ASC,`id` ASC [ RunTime:0.000469s ]
[ sql ] [ SQL ] SELECT * FROM `fdz_menu` WHERE  `parentid` = 17  AND `status` = 1 ORDER BY `listorder` ASC,`id` ASC [ RunTime:0.000419s ]
[ sql ] [ SQL ] SELECT * FROM `fdz_menu` WHERE  `parentid` = 228  AND `status` = 1 ORDER BY `listorder` ASC,`id` ASC [ RunTime:0.000401s ]
[ sql ] [ SQL ] SELECT * FROM `fdz_menu` WHERE  `parentid` = 229  AND `status` = 1 ORDER BY `listorder` ASC,`id` ASC [ RunTime:0.000328s ]
[ sql ] [ SQL ] SELECT * FROM `fdz_menu` WHERE  `parentid` = 249  AND `status` = 1 ORDER BY `listorder` ASC,`id` ASC [ RunTime:0.000346s ]
[ sql ] [ SQL ] SELECT * FROM `fdz_menu` WHERE  `parentid` = 231  AND `status` = 1 ORDER BY `listorder` ASC,`id` ASC [ RunTime:0.000349s ]
[ sql ] [ SQL ] SELECT * FROM `fdz_menu` WHERE  `parentid` = 235  AND `status` = 1 ORDER BY `listorder` ASC,`id` ASC [ RunTime:0.000327s ]
[ sql ] [ SQL ] SELECT * FROM `fdz_menu` WHERE  `parentid` = 256  AND `status` = 1 ORDER BY `listorder` ASC,`id` ASC [ RunTime:0.000299s ]
[ sql ] [ SQL ] SELECT * FROM `fdz_menu` WHERE  `parentid` = 262  AND `status` = 1 ORDER BY `listorder` ASC,`id` ASC [ RunTime:0.000360s ]
[ sql ] [ SQL ] SELECT * FROM `fdz_menu` WHERE  `parentid` = 263  AND `status` = 1 ORDER BY `listorder` ASC,`id` ASC [ RunTime:0.000310s ]
[ sql ] [ SQL ] SELECT * FROM `fdz_menu` WHERE  `parentid` = 264  AND `status` = 1 ORDER BY `listorder` ASC,`id` ASC [ RunTime:0.000316s ]
[ sql ] [ SQL ] SELECT * FROM `fdz_menu` WHERE  `parentid` = 269  AND `status` = 1 ORDER BY `listorder` ASC,`id` ASC [ RunTime:0.000300s ]
[ sql ] [ SQL ] SELECT * FROM `fdz_menu` WHERE  `parentid` = 267  AND `status` = 1 ORDER BY `listorder` ASC,`id` ASC [ RunTime:0.000361s ]
[ sql ] [ SQL ] SELECT * FROM `fdz_menu` WHERE  `parentid` = 268  AND `status` = 1 ORDER BY `listorder` ASC,`id` ASC [ RunTime:0.000340s ]
[ sql ] [ SQL ] SELECT * FROM `fdz_menu` WHERE  `parentid` = 270  AND `status` = 1 ORDER BY `listorder` ASC,`id` ASC [ RunTime:0.000316s ]
[ sql ] [ SQL ] SELECT * FROM `fdz_menu` WHERE  `parentid` = 271  AND `status` = 1 ORDER BY `listorder` ASC,`id` ASC [ RunTime:0.000315s ]
[ sql ] [ SQL ] SELECT * FROM `fdz_menu` WHERE  `parentid` = 272  AND `status` = 1 ORDER BY `listorder` ASC,`id` ASC [ RunTime:0.000315s ]
---------------------------------------------------------------
[ 2019-05-24T14:32:59+08:00 ] 127.0.0.1 GET www.offer.com/admin/main/index.html
[运行时间：1.190299s] [吞吐率：0.84req/s] [内存消耗：2,616.74kb] [文件加载：78]
[ info ] [ LANG ] G:\PHPTutorial\WWW\fh_offer\thinkphp\lang\zh-cn.php
[ info ] [ ROUTE ] array (
)
[ info ] [ HEADER ] array (
  'cookie' => 'pgv_pvi=941304832; PHPSESSID=s9gjns390jsj1ke7uve86hvmj7',
  'accept-language' => 'zh-CN,zh;q=0.9',
  'accept-encoding' => 'gzip, deflate',
  'referer' => 'http://www.offer.com/admin/index/index.html',
  'accept' => 'text/html,application/xhtml+xml,application/xml;q=0.9,image/webp,image/apng,*/*;q=0.8,application/signed-exchange;v=b3',
  'user-agent' => 'Mozilla/5.0 (Windows NT 10.0; Win64; x64) AppleWebKit/537.36 (KHTML, like Gecko) Chrome/73.0.3683.103 Safari/537.36',
  'upgrade-insecure-requests' => '1',
  'connection' => 'close',
  'host' => 'www.offer.com',
)
[ info ] [ PARAM ] array (
)
[ info ] [ DB ] INIT mysql
[ info ] [ VIEW ] G:\PHPTutorial\WWW\fh_offer\application\admin\view\main\index.html [ array (
  0 => 'Config',
  1 => 'countuser',
  2 => 'countdrive',
  3 => 'py',
  4 => 're',
  5 => 'rerole',
  6 => 'gonggao',
  7 => 'userInfo',
  8 => 'sys_info',
  9 => 'countall',
  10 => 'session_info',
) ]
[ sql ] [ DB ] CONNECT:[ UseTime:1.002882s ] mysql:host=localhost;dbname=dboffer;charset=utf8
[ sql ] [ SQL ] SHOW COLUMNS FROM `fdz_admin` [ RunTime:0.006853s ]
[ sql ] [ SQL ] SELECT * FROM `fdz_admin` WHERE  `userid` = 1 LIMIT 1 [ RunTime:0.000467s ]
[ sql ] [ SQL ] SELECT * FROM `fdz_admin` WHERE  `userid` = 1 LIMIT 1 [ RunTime:0.000398s ]
[ sql ] [ SQL ] SELECT * FROM `fdz_admin` WHERE  `userid` = 1 LIMIT 1 [ RunTime:0.000411s ]
[ sql ] [ SQL ] SHOW COLUMNS FROM `fdz_frame` [ RunTime:0.031431s ]
[ sql ] [ SQL ] SELECT * FROM `fdz_frame` WHERE  `id` = 1 LIMIT 1 [ RunTime:0.013561s ]
[ sql ] [ SQL ] SHOW COLUMNS FROM `fdz_auth_group` [ RunTime:0.023311s ]
[ sql ] [ SQL ] SELECT `title`,`description` FROM `fdz_auth_group` WHERE  `id` = 1 LIMIT 1 [ RunTime:0.005358s ]
[ sql ] [ SQL ] SHOW COLUMNS FROM `fdz_shop` [ RunTime:0.019722s ]
[ sql ] [ SQL ] SELECT `name`,`money`,`phone` FROM `fdz_shop` LIMIT 1 [ RunTime:0.000309s ]
[ sql ] [ SQL ] SHOW COLUMNS FROM `fdz_notice_list` [ RunTime:0.007935s ]
[ sql ] [ SQL ] SELECT * FROM `fdz_notice_list` ORDER BY `time` DESC LIMIT 1 [ RunTime:0.000470s ]
[ sql ] [ SQL ] SHOW COLUMNS FROM `fdz_userinfo` [ RunTime:0.008227s ]
[ sql ] [ SQL ] SELECT * FROM `fdz_userinfo` [ RunTime:0.000424s ]
[ sql ] [ SQL ] SHOW COLUMNS FROM `fdz_driver` [ RunTime:0.007357s ]
[ sql ] [ SQL ] SELECT * FROM `fdz_driver` [ RunTime:0.000454s ]
[ sql ] [ SQL ] SELECT VERSION() as version [ RunTime:0.000482s ]
[ sql ] [ SQL ] SELECT * FROM `fdz_driver` [ RunTime:0.000457s ]
---------------------------------------------------------------
[ 2019-05-24T14:33:02+08:00 ] 127.0.0.1 GET www.offer.com/admin/manager/index/menuid/16.html
[运行时间：1.094513s] [吞吐率：0.91req/s] [内存消耗：2,636.81kb] [文件加载：78]
[ info ] [ LANG ] G:\PHPTutorial\WWW\fh_offer\thinkphp\lang\zh-cn.php
[ info ] [ ROUTE ] array (
)
[ info ] [ HEADER ] array (
  'cookie' => 'pgv_pvi=941304832; PHPSESSID=s9gjns390jsj1ke7uve86hvmj7',
  'accept-language' => 'zh-CN,zh;q=0.9',
  'accept-encoding' => 'gzip, deflate',
  'referer' => 'http://www.offer.com/admin/index/index.html',
  'accept' => 'text/html,application/xhtml+xml,application/xml;q=0.9,image/webp,image/apng,*/*;q=0.8,application/signed-exchange;v=b3',
  'user-agent' => 'Mozilla/5.0 (Windows NT 10.0; Win64; x64) AppleWebKit/537.36 (KHTML, like Gecko) Chrome/73.0.3683.103 Safari/537.36',
  'upgrade-insecure-requests' => '1',
  'connection' => 'close',
  'host' => 'www.offer.com',
)
[ info ] [ PARAM ] array (
  'menuid' => '16',
)
[ info ] [ DB ] INIT mysql
[ info ] [ VIEW ] G:\PHPTutorial\WWW\fh_offer\application\admin\view\manager\index.html [ array (
  0 => 'Config',
  1 => 'Userlist',
  2 => 'company',
) ]
[ sql ] [ DB ] CONNECT:[ UseTime:1.012869s ] mysql:host=localhost;dbname=dboffer;charset=utf8
[ sql ] [ SQL ] SHOW COLUMNS FROM `fdz_admin` [ RunTime:0.006091s ]
[ sql ] [ SQL ] SELECT * FROM `fdz_admin` WHERE  `userid` = 1 LIMIT 1 [ RunTime:0.000441s ]
[ sql ] [ SQL ] SELECT * FROM `fdz_admin` WHERE  `userid` = 1 LIMIT 1 [ RunTime:0.000383s ]
[ sql ] [ SQL ] SELECT * FROM `fdz_admin` ORDER BY `userid` ASC [ RunTime:0.000477s ]
[ sql ] [ SQL ] SHOW COLUMNS FROM `fdz_frame` [ RunTime:0.006006s ]
[ sql ] [ SQL ] SELECT `id`,`name` FROM `fdz_frame` WHERE  `levelid` = 3 [ RunTime:0.000534s ]
[ sql ] [ SQL ] SHOW COLUMNS FROM `fdz_auth_group` [ RunTime:0.006110s ]
[ sql ] [ SQL ] SELECT `title` FROM `fdz_auth_group` WHERE  `id` = 1 LIMIT 1 [ RunTime:0.000379s ]
[ sql ] [ SQL ] SELECT * FROM `fdz_frame` WHERE  `id` = 1 LIMIT 1 [ RunTime:0.000383s ]
[ sql ] [ SQL ] SELECT `title` FROM `fdz_auth_group` WHERE  `id` = 2 LIMIT 1 [ RunTime:0.000341s ]
[ sql ] [ SQL ] SELECT * FROM `fdz_frame` WHERE  `id` = 4 LIMIT 1 [ RunTime:0.000345s ]
[ sql ] [ SQL ] SELECT `title` FROM `fdz_auth_group` WHERE  `id` = 2 LIMIT 1 [ RunTime:0.000336s ]
[ sql ] [ SQL ] SELECT * FROM `fdz_frame` WHERE  `id` = 6 LIMIT 1 [ RunTime:0.000321s ]
[ sql ] [ SQL ] SELECT `title` FROM `fdz_auth_group` WHERE  `id` = 2 LIMIT 1 [ RunTime:0.000340s ]
[ sql ] [ SQL ] SELECT * FROM `fdz_frame` WHERE  `id` = 6 LIMIT 1 [ RunTime:0.000340s ]
[ sql ] [ SQL ] SELECT `title` FROM `fdz_auth_group` WHERE  `id` = 10 LIMIT 1 [ RunTime:0.000338s ]
[ sql ] [ SQL ] SELECT * FROM `fdz_frame` WHERE  `id` = 3 LIMIT 1 [ RunTime:0.000310s ]
[ sql ] [ SQL ] SELECT `title` FROM `fdz_auth_group` WHERE  `id` = 10 LIMIT 1 [ RunTime:0.000289s ]
[ sql ] [ SQL ] SELECT * FROM `fdz_frame` WHERE  `id` = 152 LIMIT 1 [ RunTime:0.000339s ]
---------------------------------------------------------------
[ 2019-05-24T14:33:04+08:00 ] 127.0.0.1 GET www.offer.com/admin/manager/edit/id/79.html
[运行时间：1.124660s] [吞吐率：0.89req/s] [内存消耗：2,742.73kb] [文件加载：82]
[ info ] [ LANG ] G:\PHPTutorial\WWW\fh_offer\thinkphp\lang\zh-cn.php
[ info ] [ ROUTE ] array (
)
[ info ] [ HEADER ] array (
  'cookie' => 'pgv_pvi=941304832; PHPSESSID=s9gjns390jsj1ke7uve86hvmj7',
  'accept-language' => 'zh-CN,zh;q=0.9',
  'accept-encoding' => 'gzip, deflate',
  'referer' => 'http://www.offer.com/admin/manager/index/menuid/16.html',
  'accept' => 'text/html,application/xhtml+xml,application/xml;q=0.9,image/webp,image/apng,*/*;q=0.8,application/signed-exchange;v=b3',
  'user-agent' => 'Mozilla/5.0 (Windows NT 10.0; Win64; x64) AppleWebKit/537.36 (KHTML, like Gecko) Chrome/73.0.3683.103 Safari/537.36',
  'upgrade-insecure-requests' => '1',
  'connection' => 'close',
  'host' => 'www.offer.com',
)
[ info ] [ PARAM ] array (
  'id' => '79',
)
[ info ] [ DB ] INIT mysql
[ info ] [ VIEW ] G:\PHPTutorial\WWW\fh_offer\application\admin\view\manager\edit.html [ array (
  0 => 'Config',
  1 => 'data',
  2 => 'roles',
) ]
[ sql ] [ DB ] CONNECT:[ UseTime:1.024384s ] mysql:host=localhost;dbname=dboffer;charset=utf8
[ sql ] [ SQL ] SHOW COLUMNS FROM `fdz_admin` [ RunTime:0.006142s ]
[ sql ] [ SQL ] SELECT * FROM `fdz_admin` WHERE  `userid` = 1 LIMIT 1 [ RunTime:0.000505s ]
[ sql ] [ SQL ] SELECT * FROM `fdz_admin` WHERE  `userid` = 1 LIMIT 1 [ RunTime:0.000364s ]
[ sql ] [ SQL ] SELECT * FROM `fdz_admin` WHERE  `userid` = 79 LIMIT 1 [ RunTime:0.000470s ]
[ sql ] [ SQL ] SHOW COLUMNS FROM `fdz_auth_group` [ RunTime:0.006021s ]
[ sql ] [ SQL ] SELECT * FROM `fdz_auth_group` WHERE  `status` = 1  AND `type` = 1  AND `module` = 'admin' [ RunTime:0.000419s ]
