---------------------------------------------------------------
[ 2019-07-07T06:14:54+08:00 ] 203.208.60.7 GET www.hxpw1998.com/
[运行时间：0.018002s] [吞吐率：55.55req/s] [内存消耗：2,137.55kb] [文件加载：72]
[ info ] [ LANG ] /www/wwwroot/www.hxpw1998.com/thinkphp/lang/zh-cn.php
[ info ] [ ROUTE ] array (
)
[ info ] [ HEADER ] array (
  'accept-encoding' => 'gzip,deflate,br',
  'user-agent' => 'Mozilla/5.0 (compatible; Googlebot/2.1; +http://www.google.com/bot.html)',
  'from' => 'googlebot(at)googlebot.com',
  'accept' => 'text/html,application/xhtml+xml,application/xml;q=0.9,*/*;q=0.8',
  'connection' => 'keep-alive',
  'host' => 'www.hxpw1998.com',
)
[ info ] [ PARAM ] array (
)
---------------------------------------------------------------
[ 2019-07-07T06:14:55+08:00 ] 203.208.60.26 GET www.hxpw1998.com/admin/login/index.html
[运行时间：0.017670s] [吞吐率：56.59req/s] [内存消耗：2,122.56kb] [文件加载：68]
[ info ] [ LANG ] /www/wwwroot/www.hxpw1998.com/thinkphp/lang/zh-cn.php
[ info ] [ ROUTE ] array (
)
[ info ] [ HEADER ] array (
  'accept-encoding' => 'gzip,deflate,br',
  'user-agent' => 'Mozilla/5.0 (compatible; Googlebot/2.1; +http://www.google.com/bot.html)',
  'from' => 'googlebot(at)googlebot.com',
  'accept' => 'text/html,application/xhtml+xml,application/xml;q=0.9,*/*;q=0.8',
  'connection' => 'keep-alive',
  'cookie' => 'PHPSESSID=05n3lg0pgl37tlbamhn5csaat6',
  'host' => 'www.hxpw1998.com',
)
[ info ] [ PARAM ] array (
)
[ info ] [ VIEW ] /www/wwwroot/www.hxpw1998.com/application/admin/view/login/index.html [ array (
) ]
---------------------------------------------------------------
[ 2019-07-07T09:32:03+08:00 ] 59.110.25.217 GET www.hxpw1998.com/
[运行时间：0.017811s] [吞吐率：56.15req/s] [内存消耗：2,137.53kb] [文件加载：72]
[ info ] [ LANG ] /www/wwwroot/www.hxpw1998.com/thinkphp/lang/zh-cn.php
[ info ] [ ROUTE ] array (
)
[ info ] [ HEADER ] array (
  'accept-encoding' => 'gzip',
  'connection' => 'close',
  'accept-language' => 'zh-CN,zh;q=0.8,en;q=0.6',
  'user-agent' => 'Mozilla/5.0 (Macintosh; Intel Mac OS X 10_10_5) AppleWebKit/600.8.9 (KHTML, like Gecko) Version/8.0.8 Safari/600.8.9',
  'host' => 'www.hxpw1998.com',
)
[ info ] [ PARAM ] array (
)
---------------------------------------------------------------
[ 2019-07-07T09:32:03+08:00 ] 59.110.25.217 GET www.hxpw1998.com/admin/login/index.html
[运行时间：0.018702s] [吞吐率：53.47req/s] [内存消耗：2,122.38kb] [文件加载：68]
[ info ] [ LANG ] /www/wwwroot/www.hxpw1998.com/thinkphp/lang/zh-cn.php
[ info ] [ ROUTE ] array (
)
[ info ] [ HEADER ] array (
  'accept-encoding' => 'gzip',
  'connection' => 'close',
  'accept-language' => 'zh-CN,zh;q=0.8,en;q=0.6',
  'user-agent' => 'Mozilla/5.0 (Macintosh; Intel Mac OS X 10_10_5) AppleWebKit/600.8.9 (KHTML, like Gecko) Version/8.0.8 Safari/600.8.9',
  'host' => 'www.hxpw1998.com',
)
[ info ] [ PARAM ] array (
)
[ info ] [ VIEW ] /www/wwwroot/www.hxpw1998.com/application/admin/view/login/index.html [ array (
) ]
---------------------------------------------------------------
[ 2019-07-07T10:40:35+08:00 ] 106.14.217.247 GET www.hxpw1998.com/
[运行时间：0.018102s] [吞吐率：55.24req/s] [内存消耗：2,137.09kb] [文件加载：72]
[ info ] [ LANG ] /www/wwwroot/www.hxpw1998.com/thinkphp/lang/zh-cn.php
[ info ] [ ROUTE ] array (
)
[ info ] [ HEADER ] array (
  'accept-encoding' => 'gzip',
  'connection' => 'Keep-Alive',
  'host' => 'www.hxpw1998.com',
  'user-agent' => 'Mozilla/5.0 (Linux; Android 4.1.1; Nexus 7 Build/JRO03D))',
)
[ info ] [ PARAM ] array (
)
---------------------------------------------------------------
[ 2019-07-07T10:40:35+08:00 ] 106.14.217.247 GET www.hxpw1998.com/admin/login/index.html
[运行时间：0.017764s] [吞吐率：56.29req/s] [内存消耗：2,121.94kb] [文件加载：68]
[ info ] [ LANG ] /www/wwwroot/www.hxpw1998.com/thinkphp/lang/zh-cn.php
[ info ] [ ROUTE ] array (
)
[ info ] [ HEADER ] array (
  'accept-encoding' => 'gzip',
  'connection' => 'Keep-Alive',
  'host' => 'www.hxpw1998.com',
  'user-agent' => 'Mozilla/5.0 (Linux; Android 4.1.1; Nexus 7 Build/JRO03D))',
)
[ info ] [ PARAM ] array (
)
[ info ] [ VIEW ] /www/wwwroot/www.hxpw1998.com/application/admin/view/login/index.html [ array (
) ]
---------------------------------------------------------------
[ 2019-07-07T11:18:13+08:00 ] 47.100.51.203 GET www.hxpw1998.com/
[运行时间：0.018105s] [吞吐率：55.23req/s] [内存消耗：2,137.12kb] [文件加载：72]
[ info ] [ LANG ] /www/wwwroot/www.hxpw1998.com/thinkphp/lang/zh-cn.php
[ info ] [ ROUTE ] array (
)
[ info ] [ HEADER ] array (
  'accept-encoding' => 'gzip',
  'connection' => 'Keep-Alive',
  'host' => 'www.hxpw1998.com',
  'user-agent' => 'Mozilla/5.0 (X11; Ubuntu; Linux x86_64; rv:36.0) Gecko/20100101 Firefox/36.0',
)
[ info ] [ PARAM ] array (
)
---------------------------------------------------------------
[ 2019-07-07T11:18:13+08:00 ] 47.100.51.203 GET www.hxpw1998.com/admin/login/index.html
[运行时间：0.017872s] [吞吐率：55.95req/s] [内存消耗：2,121.97kb] [文件加载：68]
[ info ] [ LANG ] /www/wwwroot/www.hxpw1998.com/thinkphp/lang/zh-cn.php
[ info ] [ ROUTE ] array (
)
[ info ] [ HEADER ] array (
  'accept-encoding' => 'gzip',
  'connection' => 'Keep-Alive',
  'host' => 'www.hxpw1998.com',
  'user-agent' => 'Mozilla/5.0 (X11; Ubuntu; Linux x86_64; rv:36.0) Gecko/20100101 Firefox/36.0',
)
[ info ] [ PARAM ] array (
)
[ info ] [ VIEW ] /www/wwwroot/www.hxpw1998.com/application/admin/view/login/index.html [ array (
) ]
---------------------------------------------------------------
[ 2019-07-07T17:03:10+08:00 ] 121.29.81.87 GET www.hxpw1998.com/
[运行时间：0.018229s] [吞吐率：54.86req/s] [内存消耗：2,137.99kb] [文件加载：72]
[ info ] [ LANG ] /www/wwwroot/www.hxpw1998.com/thinkphp/lang/zh-cn.php
[ info ] [ ROUTE ] array (
)
[ info ] [ HEADER ] array (
  'connection' => 'keep-alive',
  'cache-control' => 'max-age=259200',
  'host' => 'www.hxpw1998.com',
  'accept-encoding' => 'gzip,deflate',
  'user-agent' => 'Mozilla/4.0 (compatible; MSIE 7.0; Windows NT 6.1; WOW64; Trident/4.0; TencentTraveler 4.0; SLCC2; .NET CLR 2.0.50727; .NET CLR 3.5.30729; .NET CLR 3.0.30729; MDDC)',
  'accept' => 'text/html,application/xhtml+xml,application/xml;q=0.9,*/*;q=0.8',
  'upgrade-insecure-requests' => '1',
)
[ info ] [ PARAM ] array (
)
---------------------------------------------------------------
[ 2019-07-07T17:03:10+08:00 ] 121.29.81.87 GET www.hxpw1998.com/admin/login/index.html
[运行时间：0.017877s] [吞吐率：55.94req/s] [内存消耗：2,123.13kb] [文件加载：68]
[ info ] [ LANG ] /www/wwwroot/www.hxpw1998.com/thinkphp/lang/zh-cn.php
[ info ] [ ROUTE ] array (
)
[ info ] [ HEADER ] array (
  'connection' => 'keep-alive',
  'cache-control' => 'max-age=259200',
  'host' => 'www.hxpw1998.com',
  'accept-encoding' => 'gzip,deflate',
  'cookie' => 'PHPSESSID=as94o03899qcnrejrcclv7ns11',
  'user-agent' => 'Mozilla/4.0 (compatible; MSIE 7.0; Windows NT 6.1; WOW64; Trident/4.0; TencentTraveler 4.0; SLCC2; .NET CLR 2.0.50727; .NET CLR 3.5.30729; .NET CLR 3.0.30729; MDDC)',
  'accept' => 'text/html,application/xhtml+xml,application/xml;q=0.9,*/*;q=0.8',
  'upgrade-insecure-requests' => '1',
)
[ info ] [ PARAM ] array (
)
[ info ] [ VIEW ] /www/wwwroot/www.hxpw1998.com/application/admin/view/login/index.html [ array (
) ]
---------------------------------------------------------------
[ 2019-07-07T18:31:34+08:00 ] 47.92.103.177 GET www.hxpw1998.com/index.php/admin/offertype/index/menuid/229.html
[运行时间：0.019044s] [吞吐率：52.51req/s] [内存消耗：2,140.26kb] [文件加载：72]
[ info ] [ LANG ] /www/wwwroot/www.hxpw1998.com/thinkphp/lang/zh-cn.php
[ info ] [ ROUTE ] array (
)
[ info ] [ HEADER ] array (
  'accept-encoding' => 'gzip',
  'connection' => 'Keep-Alive',
  'host' => 'www.hxpw1998.com',
  'user-agent' => 'Mozilla/5.0 (X11; Ubuntu; Linux x86_64; rv:36.0) Gecko/20100101 Firefox/36.0',
)
[ info ] [ PARAM ] array (
  'menuid' => '229',
)
---------------------------------------------------------------
[ 2019-07-07T18:31:34+08:00 ] 47.92.103.177 GET www.hxpw1998.com/index.php/admin/login/index.html
[运行时间：0.018759s] [吞吐率：53.31req/s] [内存消耗：2,121.98kb] [文件加载：68]
[ info ] [ LANG ] /www/wwwroot/www.hxpw1998.com/thinkphp/lang/zh-cn.php
[ info ] [ ROUTE ] array (
)
[ info ] [ HEADER ] array (
  'accept-encoding' => 'gzip',
  'connection' => 'Keep-Alive',
  'host' => 'www.hxpw1998.com',
  'user-agent' => 'Mozilla/5.0 (X11; Ubuntu; Linux x86_64; rv:36.0) Gecko/20100101 Firefox/36.0',
)
[ info ] [ PARAM ] array (
)
[ info ] [ VIEW ] /www/wwwroot/www.hxpw1998.com/application/admin/view/login/index.html [ array (
) ]
---------------------------------------------------------------
[ 2019-07-07T18:34:47+08:00 ] 47.97.192.46 GET www.hxpw1998.com/admin/quote/checkmould/id/4.html
[运行时间：0.018544s] [吞吐率：53.93req/s] [内存消耗：2,178.83kb] [文件加载：72]
[ info ] [ LANG ] /www/wwwroot/www.hxpw1998.com/thinkphp/lang/zh-cn.php
[ info ] [ ROUTE ] array (
)
[ info ] [ HEADER ] array (
  'accept-encoding' => 'gzip',
  'connection' => 'Keep-Alive',
  'host' => 'www.hxpw1998.com',
  'user-agent' => 'Mozilla/5.0 (X11; Ubuntu; Linux x86_64; rv:36.0) Gecko/20100101 Firefox/36.0',
)
[ info ] [ PARAM ] array (
  'id' => '4',
)
---------------------------------------------------------------
[ 2019-07-07T18:34:47+08:00 ] 47.97.192.46 GET www.hxpw1998.com/admin/login/index.html
[运行时间：0.017745s] [吞吐率：56.35req/s] [内存消耗：2,121.97kb] [文件加载：68]
[ info ] [ LANG ] /www/wwwroot/www.hxpw1998.com/thinkphp/lang/zh-cn.php
[ info ] [ ROUTE ] array (
)
[ info ] [ HEADER ] array (
  'accept-encoding' => 'gzip',
  'connection' => 'Keep-Alive',
  'host' => 'www.hxpw1998.com',
  'user-agent' => 'Mozilla/5.0 (X11; Ubuntu; Linux x86_64; rv:36.0) Gecko/20100101 Firefox/36.0',
)
[ info ] [ PARAM ] array (
)
[ info ] [ VIEW ] /www/wwwroot/www.hxpw1998.com/application/admin/view/login/index.html [ array (
) ]
---------------------------------------------------------------
[ 2019-07-07T18:37:44+08:00 ] 106.14.189.11 GET www.hxpw1998.com/public/index.php/admin/menu/add/parentid/267.html
[运行时间：0.011872s] [吞吐率：84.23req/s] [内存消耗：1,228.45kb] [文件加载：47]
[ info ] [ LANG ] /www/wwwroot/www.hxpw1998.com/thinkphp/lang/zh-cn.php
---------------------------------------------------------------
[ 2019-07-07T18:43:18+08:00 ] 47.100.100.21 GET www.hxpw1998.com/index.php/admin/index/index.html
[运行时间：0.018290s] [吞吐率：54.67req/s] [内存消耗：2,137.30kb] [文件加载：72]
[ info ] [ LANG ] /www/wwwroot/www.hxpw1998.com/thinkphp/lang/zh-cn.php
[ info ] [ ROUTE ] array (
)
[ info ] [ HEADER ] array (
  'accept-encoding' => 'gzip',
  'connection' => 'Keep-Alive',
  'host' => 'www.hxpw1998.com',
  'user-agent' => 'Mozilla/5.0 (X11; Ubuntu; Linux x86_64; rv:36.0) Gecko/20100101 Firefox/36.0',
)
[ info ] [ PARAM ] array (
)
---------------------------------------------------------------
[ 2019-07-07T18:43:18+08:00 ] 47.100.100.21 GET www.hxpw1998.com/index.php/admin/login/index.html
[运行时间：0.016757s] [吞吐率：59.68req/s] [内存消耗：2,121.98kb] [文件加载：68]
[ info ] [ LANG ] /www/wwwroot/www.hxpw1998.com/thinkphp/lang/zh-cn.php
[ info ] [ ROUTE ] array (
)
[ info ] [ HEADER ] array (
  'accept-encoding' => 'gzip',
  'connection' => 'Keep-Alive',
  'host' => 'www.hxpw1998.com',
  'user-agent' => 'Mozilla/5.0 (X11; Ubuntu; Linux x86_64; rv:36.0) Gecko/20100101 Firefox/36.0',
)
[ info ] [ PARAM ] array (
)
[ info ] [ VIEW ] /www/wwwroot/www.hxpw1998.com/application/admin/view/login/index.html [ array (
) ]
---------------------------------------------------------------
[ 2019-07-07T18:43:18+08:00 ] 47.100.100.21 GET www.hxpw1998.com/index.php/admin/login/index.html
[运行时间：0.017862s] [吞吐率：55.98req/s] [内存消耗：2,121.98kb] [文件加载：68]
[ info ] [ LANG ] /www/wwwroot/www.hxpw1998.com/thinkphp/lang/zh-cn.php
[ info ] [ ROUTE ] array (
)
[ info ] [ HEADER ] array (
  'accept-encoding' => 'gzip',
  'connection' => 'Keep-Alive',
  'host' => 'www.hxpw1998.com',
  'user-agent' => 'Mozilla/5.0 (X11; Ubuntu; Linux x86_64; rv:36.0) Gecko/20100101 Firefox/36.0',
)
[ info ] [ PARAM ] array (
)
[ info ] [ VIEW ] /www/wwwroot/www.hxpw1998.com/application/admin/view/login/index.html [ array (
) ]
---------------------------------------------------------------
[ 2019-07-07T18:46:04+08:00 ] 47.92.105.73 GET www.hxpw1998.com/admin/offerlist/zengjian/menuid/297.html
[运行时间：0.018620s] [吞吐率：53.71req/s] [内存消耗：2,284.75kb] [文件加载：72]
[ info ] [ LANG ] /www/wwwroot/www.hxpw1998.com/thinkphp/lang/zh-cn.php
[ info ] [ ROUTE ] array (
)
[ info ] [ HEADER ] array (
  'accept-encoding' => 'gzip',
  'connection' => 'Keep-Alive',
  'host' => 'www.hxpw1998.com',
  'user-agent' => 'Mozilla/5.0 (X11; Ubuntu; Linux x86_64; rv:36.0) Gecko/20100101 Firefox/36.0',
)
[ info ] [ PARAM ] array (
  'menuid' => '297',
)
---------------------------------------------------------------
[ 2019-07-07T18:46:04+08:00 ] 47.92.105.73 GET www.hxpw1998.com/admin/login/index.html
[运行时间：0.017146s] [吞吐率：58.32req/s] [内存消耗：2,121.97kb] [文件加载：68]
[ info ] [ LANG ] /www/wwwroot/www.hxpw1998.com/thinkphp/lang/zh-cn.php
[ info ] [ ROUTE ] array (
)
[ info ] [ HEADER ] array (
  'accept-encoding' => 'gzip',
  'connection' => 'Keep-Alive',
  'host' => 'www.hxpw1998.com',
  'user-agent' => 'Mozilla/5.0 (X11; Ubuntu; Linux x86_64; rv:36.0) Gecko/20100101 Firefox/36.0',
)
[ info ] [ PARAM ] array (
)
[ info ] [ VIEW ] /www/wwwroot/www.hxpw1998.com/application/admin/view/login/index.html [ array (
) ]
---------------------------------------------------------------
[ 2019-07-07T18:51:47+08:00 ] 47.97.204.168 GET www.hxpw1998.com/admin/offerlist/baojiaguanli.html
[运行时间：0.019068s] [吞吐率：52.44req/s] [内存消耗：2,283.63kb] [文件加载：72]
[ info ] [ LANG ] /www/wwwroot/www.hxpw1998.com/thinkphp/lang/zh-cn.php
[ info ] [ ROUTE ] array (
)
[ info ] [ HEADER ] array (
  'accept-encoding' => 'gzip',
  'connection' => 'Keep-Alive',
  'host' => 'www.hxpw1998.com',
  'user-agent' => 'Mozilla/5.0 (X11; Ubuntu; Linux x86_64; rv:36.0) Gecko/20100101 Firefox/36.0',
)
[ info ] [ PARAM ] array (
)
---------------------------------------------------------------
[ 2019-07-07T18:51:47+08:00 ] 47.97.204.168 GET www.hxpw1998.com/admin/login/index.html
[运行时间：0.016931s] [吞吐率：59.06req/s] [内存消耗：2,121.97kb] [文件加载：68]
[ info ] [ LANG ] /www/wwwroot/www.hxpw1998.com/thinkphp/lang/zh-cn.php
[ info ] [ ROUTE ] array (
)
[ info ] [ HEADER ] array (
  'accept-encoding' => 'gzip',
  'connection' => 'Keep-Alive',
  'host' => 'www.hxpw1998.com',
  'user-agent' => 'Mozilla/5.0 (X11; Ubuntu; Linux x86_64; rv:36.0) Gecko/20100101 Firefox/36.0',
)
[ info ] [ PARAM ] array (
)
[ info ] [ VIEW ] /www/wwwroot/www.hxpw1998.com/application/admin/view/login/index.html [ array (
) ]
---------------------------------------------------------------
[ 2019-07-07T19:01:36+08:00 ] 47.92.120.136 GET www.hxpw1998.com/admin/main/index.html
[运行时间：0.017487s] [吞吐率：57.19req/s] [内存消耗：2,143.01kb] [文件加载：72]
[ info ] [ LANG ] /www/wwwroot/www.hxpw1998.com/thinkphp/lang/zh-cn.php
[ info ] [ ROUTE ] array (
)
[ info ] [ HEADER ] array (
  'accept-encoding' => 'gzip',
  'connection' => 'Keep-Alive',
  'host' => 'www.hxpw1998.com',
  'user-agent' => 'Mozilla/5.0 (X11; Ubuntu; Linux x86_64; rv:36.0) Gecko/20100101 Firefox/36.0',
)
[ info ] [ PARAM ] array (
)
---------------------------------------------------------------
[ 2019-07-07T19:01:36+08:00 ] 47.92.120.136 GET www.hxpw1998.com/admin/login/index.html
[运行时间：0.017892s] [吞吐率：55.89req/s] [内存消耗：2,121.97kb] [文件加载：68]
[ info ] [ LANG ] /www/wwwroot/www.hxpw1998.com/thinkphp/lang/zh-cn.php
[ info ] [ ROUTE ] array (
)
[ info ] [ HEADER ] array (
  'accept-encoding' => 'gzip',
  'connection' => 'Keep-Alive',
  'host' => 'www.hxpw1998.com',
  'user-agent' => 'Mozilla/5.0 (X11; Ubuntu; Linux x86_64; rv:36.0) Gecko/20100101 Firefox/36.0',
)
[ info ] [ PARAM ] array (
)
[ info ] [ VIEW ] /www/wwwroot/www.hxpw1998.com/application/admin/view/login/index.html [ array (
) ]
---------------------------------------------------------------
[ 2019-07-07T19:11:17+08:00 ] 123.126.113.248 GET www.hxpw1998.com/
[运行时间：0.018397s] [吞吐率：54.36req/s] [内存消耗：2,137.30kb] [文件加载：72]
[ info ] [ LANG ] /www/wwwroot/www.hxpw1998.com/thinkphp/lang/zh-cn.php
[ info ] [ ROUTE ] array (
)
[ info ] [ HEADER ] array (
  'accept-encoding' => 'gzip,deflate',
  'connection' => 'Keep-Alive',
  'host' => 'www.hxpw1998.com',
  'user-agent' => 'Mozilla/5.0 (Windows NT 10.0; WOW64) AppleWebKit/537.36 (KHTML, like Gecko) Chrome/62.0.3202.94 Safari/537.36',
)
[ info ] [ PARAM ] array (
)
---------------------------------------------------------------
[ 2019-07-07T19:11:17+08:00 ] 123.126.113.248 GET www.hxpw1998.com/admin/login/index.html
[运行时间：0.017162s] [吞吐率：58.27req/s] [内存消耗：2,122.25kb] [文件加载：68]
[ info ] [ LANG ] /www/wwwroot/www.hxpw1998.com/thinkphp/lang/zh-cn.php
[ info ] [ ROUTE ] array (
)
[ info ] [ HEADER ] array (
  'accept-encoding' => 'gzip,deflate',
  'cookie' => 'PHPSESSID=21mga84tgfpmrl6md8oafqia16',
  'connection' => 'Keep-Alive',
  'host' => 'www.hxpw1998.com',
  'user-agent' => 'Mozilla/5.0 (Windows NT 10.0; WOW64) AppleWebKit/537.36 (KHTML, like Gecko) Chrome/62.0.3202.94 Safari/537.36',
)
[ info ] [ PARAM ] array (
)
[ info ] [ VIEW ] /www/wwwroot/www.hxpw1998.com/application/admin/view/login/index.html [ array (
) ]
---------------------------------------------------------------
[ 2019-07-07T19:11:17+08:00 ] 123.126.113.248 GET www.hxpw1998.com/
[运行时间：0.018066s] [吞吐率：55.35req/s] [内存消耗：2,137.40kb] [文件加载：72]
[ info ] [ LANG ] /www/wwwroot/www.hxpw1998.com/thinkphp/lang/zh-cn.php
[ info ] [ ROUTE ] array (
)
[ info ] [ HEADER ] array (
  'accept-encoding' => 'gzip,deflate',
  'cookie' => 'PHPSESSID=21mga84tgfpmrl6md8oafqia16',
  'connection' => 'Keep-Alive',
  'host' => 'www.hxpw1998.com',
  'user-agent' => 'Mozilla/5.0 (Windows NT 10.0; WOW64) AppleWebKit/537.36 (KHTML, like Gecko) Chrome/62.0.3202.94 Safari/537.36',
)
[ info ] [ PARAM ] array (
)
---------------------------------------------------------------
[ 2019-07-07T19:11:17+08:00 ] 123.126.113.248 GET www.hxpw1998.com/admin/login/index.html
[运行时间：0.018023s] [吞吐率：55.48req/s] [内存消耗：2,122.25kb] [文件加载：68]
[ info ] [ LANG ] /www/wwwroot/www.hxpw1998.com/thinkphp/lang/zh-cn.php
[ info ] [ ROUTE ] array (
)
[ info ] [ HEADER ] array (
  'accept-encoding' => 'gzip,deflate',
  'cookie' => 'PHPSESSID=21mga84tgfpmrl6md8oafqia16',
  'connection' => 'Keep-Alive',
  'host' => 'www.hxpw1998.com',
  'user-agent' => 'Mozilla/5.0 (Windows NT 10.0; WOW64) AppleWebKit/537.36 (KHTML, like Gecko) Chrome/62.0.3202.94 Safari/537.36',
)
[ info ] [ PARAM ] array (
)
[ info ] [ VIEW ] /www/wwwroot/www.hxpw1998.com/application/admin/view/login/index.html [ array (
) ]
---------------------------------------------------------------
[ 2019-07-07T19:30:15+08:00 ] 106.14.167.211 GET www.hxpw1998.com/admin/quote/index/customerid/55.html
[运行时间：0.017641s] [吞吐率：56.69req/s] [内存消耗：2,178.85kb] [文件加载：72]
[ info ] [ LANG ] /www/wwwroot/www.hxpw1998.com/thinkphp/lang/zh-cn.php
[ info ] [ ROUTE ] array (
)
[ info ] [ HEADER ] array (
  'accept-encoding' => 'gzip',
  'connection' => 'Keep-Alive',
  'host' => 'www.hxpw1998.com',
  'user-agent' => 'Mozilla/5.0 (X11; Ubuntu; Linux x86_64; rv:36.0) Gecko/20100101 Firefox/36.0',
)
[ info ] [ PARAM ] array (
  'customerid' => '55',
)
---------------------------------------------------------------
[ 2019-07-07T19:30:15+08:00 ] 106.14.167.211 GET www.hxpw1998.com/admin/login/index.html
[运行时间：0.017157s] [吞吐率：58.28req/s] [内存消耗：2,121.97kb] [文件加载：68]
[ info ] [ LANG ] /www/wwwroot/www.hxpw1998.com/thinkphp/lang/zh-cn.php
[ info ] [ ROUTE ] array (
)
[ info ] [ HEADER ] array (
  'accept-encoding' => 'gzip',
  'connection' => 'Keep-Alive',
  'host' => 'www.hxpw1998.com',
  'user-agent' => 'Mozilla/5.0 (X11; Ubuntu; Linux x86_64; rv:36.0) Gecko/20100101 Firefox/36.0',
)
[ info ] [ PARAM ] array (
)
[ info ] [ VIEW ] /www/wwwroot/www.hxpw1998.com/application/admin/view/login/index.html [ array (
) ]
---------------------------------------------------------------
[ 2019-07-07T19:36:21+08:00 ] 47.92.38.53 GET www.hxpw1998.com/public/index.php
[运行时间：0.012136s] [吞吐率：82.40req/s] [内存消耗：1,227.88kb] [文件加载：47]
[ info ] [ LANG ] /www/wwwroot/www.hxpw1998.com/thinkphp/lang/zh-cn.php
