---------------------------------------------------------------
[ 2019-07-15T09:24:09+08:00 ] 113.66.210.165 POST www.hxpw1998.com/admin/login/index.html
[ sql ] [ DB ] CONNECT:[ UseTime:0.000416s ] mysql:host=localhost;dbname=baojia;charset=utf8
[ sql ] [ SQL ] SHOW COLUMNS FROM `fdz_admin` [ RunTime:0.000687s ]
[ sql ] [ SQL ] SELECT * FROM `fdz_admin` WHERE  `username` = 'fkd' LIMIT 1 [ RunTime:0.000374s ]
[ sql ] [ SQL ] SHOW COLUMNS FROM `fdz_admin_operation` [ RunTime:0.000690s ]
[ sql ] [ SQL ] INSERT INTO `fdz_admin_operation` (`aid` , `sid` , `rid` , `operation_type` , `operation_time` , `operation`) VALUES (1 , 0 , 1 , 1 , '1563153849' , '登录操作') [ RunTime:0.002095s ]
[ sql ] [ SQL ] UPDATE `fdz_admin`  SET `last_login_time` = 1563153849 , `last_login_address` = '广东省广州市' , `login_ip` = '113.66.210.165'  WHERE  `userid` = 1 [ RunTime:0.001811s ]
---------------------------------------------------------------
[ 2019-07-15T09:24:09+08:00 ] 113.66.210.165 GET www.hxpw1998.com/admin/index/index.html
[ sql ] [ DB ] CONNECT:[ UseTime:0.000281s ] mysql:host=localhost;dbname=baojia;charset=utf8
[ sql ] [ SQL ] SHOW COLUMNS FROM `fdz_admin` [ RunTime:0.000589s ]
[ sql ] [ SQL ] SELECT * FROM `fdz_admin` WHERE  `userid` = 1 LIMIT 1 [ RunTime:0.000315s ]
[ sql ] [ SQL ] SELECT * FROM `fdz_admin` WHERE  `userid` = 1 LIMIT 1 [ RunTime:0.000260s ]
[ sql ] [ SQL ] SHOW COLUMNS FROM `fdz_menu` [ RunTime:0.000445s ]
[ sql ] [ SQL ] SELECT * FROM `fdz_menu` WHERE  `parentid` = 0  AND `status` = 1 ORDER BY `listorder` ASC,`id` ASC [ RunTime:0.000304s ]
[ sql ] [ SQL ] SELECT * FROM `fdz_menu` WHERE  `parentid` = 228  AND `status` = 1 ORDER BY `listorder` ASC,`id` ASC [ RunTime:0.000308s ]
[ sql ] [ SQL ] SELECT * FROM `fdz_menu` WHERE  `parentid` = 229  AND `status` = 1 ORDER BY `listorder` ASC,`id` ASC [ RunTime:0.000247s ]
[ sql ] [ SQL ] SELECT * FROM `fdz_menu` WHERE  `parentid` = 249  AND `status` = 1 ORDER BY `listorder` ASC,`id` ASC [ RunTime:0.000251s ]
[ sql ] [ SQL ] SELECT * FROM `fdz_menu` WHERE  `parentid` = 282  AND `status` = 1 ORDER BY `listorder` ASC,`id` ASC [ RunTime:0.000247s ]
[ sql ] [ SQL ] SELECT * FROM `fdz_menu` WHERE  `parentid` = 296  AND `status` = 1 ORDER BY `listorder` ASC,`id` ASC [ RunTime:0.000237s ]
[ sql ] [ SQL ] SELECT * FROM `fdz_menu` WHERE  `parentid` = 297  AND `status` = 1 ORDER BY `listorder` ASC,`id` ASC [ RunTime:0.000232s ]
[ sql ] [ SQL ] SELECT * FROM `fdz_menu` WHERE  `parentid` = 231  AND `status` = 1 ORDER BY `listorder` ASC,`id` ASC [ RunTime:0.000254s ]
[ sql ] [ SQL ] SELECT * FROM `fdz_menu` WHERE  `parentid` = 10  AND `status` = 1 ORDER BY `listorder` ASC,`id` ASC [ RunTime:0.000242s ]
[ sql ] [ SQL ] SELECT * FROM `fdz_menu` WHERE  `parentid` = 14  AND `status` = 1 ORDER BY `listorder` ASC,`id` ASC [ RunTime:0.000247s ]
[ sql ] [ SQL ] SELECT * FROM `fdz_menu` WHERE  `parentid` = 15  AND `status` = 1 ORDER BY `listorder` ASC,`id` ASC [ RunTime:0.000248s ]
[ sql ] [ SQL ] SELECT * FROM `fdz_menu` WHERE  `parentid` = 16  AND `status` = 1 ORDER BY `listorder` ASC,`id` ASC [ RunTime:0.000262s ]
[ sql ] [ SQL ] SELECT * FROM `fdz_menu` WHERE  `parentid` = 17  AND `status` = 1 ORDER BY `listorder` ASC,`id` ASC [ RunTime:0.000236s ]
[ sql ] [ SQL ] SELECT * FROM `fdz_menu` WHERE  `parentid` = 235  AND `status` = 1 ORDER BY `listorder` ASC,`id` ASC [ RunTime:0.000218s ]
[ sql ] [ SQL ] SELECT * FROM `fdz_menu` WHERE  `parentid` = 262  AND `status` = 1 ORDER BY `listorder` ASC,`id` ASC [ RunTime:0.000280s ]
[ sql ] [ SQL ] SELECT * FROM `fdz_menu` WHERE  `parentid` = 263  AND `status` = 1 ORDER BY `listorder` ASC,`id` ASC [ RunTime:0.000241s ]
[ sql ] [ SQL ] SELECT * FROM `fdz_menu` WHERE  `parentid` = 264  AND `status` = 1 ORDER BY `listorder` ASC,`id` ASC [ RunTime:0.000249s ]
[ sql ] [ SQL ] SELECT * FROM `fdz_menu` WHERE  `parentid` = 269  AND `status` = 1 ORDER BY `listorder` ASC,`id` ASC [ RunTime:0.000224s ]
[ sql ] [ SQL ] SELECT * FROM `fdz_menu` WHERE  `parentid` = 280  AND `status` = 1 ORDER BY `listorder` ASC,`id` ASC [ RunTime:0.000234s ]
[ sql ] [ SQL ] SELECT * FROM `fdz_menu` WHERE  `parentid` = 298  AND `status` = 1 ORDER BY `listorder` ASC,`id` ASC [ RunTime:0.000243s ]
[ sql ] [ SQL ] SELECT * FROM `fdz_menu` WHERE  `parentid` = 267  AND `status` = 1 ORDER BY `listorder` ASC,`id` ASC [ RunTime:0.000249s ]
[ sql ] [ SQL ] SELECT * FROM `fdz_menu` WHERE  `parentid` = 268  AND `status` = 1 ORDER BY `listorder` ASC,`id` ASC [ RunTime:0.000243s ]
[ sql ] [ SQL ] SELECT * FROM `fdz_menu` WHERE  `parentid` = 270  AND `status` = 1 ORDER BY `listorder` ASC,`id` ASC [ RunTime:0.000225s ]
[ sql ] [ SQL ] SELECT * FROM `fdz_menu` WHERE  `parentid` = 271  AND `status` = 1 ORDER BY `listorder` ASC,`id` ASC [ RunTime:0.000224s ]
[ sql ] [ SQL ] SELECT * FROM `fdz_menu` WHERE  `parentid` = 272  AND `status` = 1 ORDER BY `listorder` ASC,`id` ASC [ RunTime:0.000239s ]
---------------------------------------------------------------
[ 2019-07-15T09:24:09+08:00 ] 113.66.210.165 GET www.hxpw1998.com/admin/main/index.html
[ sql ] [ DB ] CONNECT:[ UseTime:0.000299s ] mysql:host=localhost;dbname=baojia;charset=utf8
[ sql ] [ SQL ] SHOW COLUMNS FROM `fdz_admin` [ RunTime:0.000635s ]
[ sql ] [ SQL ] SELECT * FROM `fdz_admin` WHERE  `userid` = 1 LIMIT 1 [ RunTime:0.000325s ]
[ sql ] [ SQL ] SELECT * FROM `fdz_admin` WHERE  `userid` = 1 LIMIT 1 [ RunTime:0.000234s ]
[ sql ] [ SQL ] SELECT * FROM `fdz_admin` WHERE  `userid` = 1 LIMIT 1 [ RunTime:0.000223s ]
[ sql ] [ SQL ] SHOW COLUMNS FROM `fdz_frame` [ RunTime:0.000425s ]
[ sql ] [ SQL ] SELECT * FROM `fdz_frame` WHERE  `id` = 1 LIMIT 1 [ RunTime:0.000193s ]
[ sql ] [ SQL ] SHOW COLUMNS FROM `fdz_auth_group` [ RunTime:0.001204s ]
[ sql ] [ SQL ] SELECT `title`,`description` FROM `fdz_auth_group` WHERE  `id` = 1 LIMIT 1 [ RunTime:0.000243s ]
[ sql ] [ SQL ] SHOW COLUMNS FROM `fdz_shop` [ RunTime:0.000381s ]
[ sql ] [ SQL ] SELECT `name`,`money`,`phone` FROM `fdz_shop` LIMIT 1 [ RunTime:0.000164s ]
[ sql ] [ SQL ] SHOW COLUMNS FROM `fdz_notice_list` [ RunTime:0.000367s ]
[ sql ] [ SQL ] SELECT * FROM `fdz_notice_list` ORDER BY `time` DESC LIMIT 1 [ RunTime:0.000191s ]
[ sql ] [ SQL ] SHOW COLUMNS FROM `fdz_userinfo` [ RunTime:0.000383s ]
[ sql ] [ SQL ] SELECT * FROM `fdz_userinfo` [ RunTime:0.000229s ]
[ sql ] [ SQL ] SHOW COLUMNS FROM `fdz_driver` [ RunTime:0.000418s ]
[ sql ] [ SQL ] SELECT * FROM `fdz_driver` [ RunTime:0.000225s ]
[ sql ] [ SQL ] SELECT VERSION() as version [ RunTime:0.000249s ]
[ sql ] [ SQL ] SELECT * FROM `fdz_driver` [ RunTime:0.000278s ]
---------------------------------------------------------------
[ 2019-07-15T09:24:12+08:00 ] 113.66.210.165 GET www.hxpw1998.com/admin/offertype/index/menuid/229.html
[ sql ] [ DB ] CONNECT:[ UseTime:0.000394s ] mysql:host=localhost;dbname=baojia;charset=utf8
[ sql ] [ SQL ] SHOW COLUMNS FROM `fdz_admin` [ RunTime:0.000679s ]
[ sql ] [ SQL ] SELECT * FROM `fdz_admin` WHERE  `userid` = 1 LIMIT 1 [ RunTime:0.000349s ]
[ sql ] [ SQL ] SELECT * FROM `fdz_admin` WHERE  `userid` = 1 LIMIT 1 [ RunTime:0.000227s ]
[ sql ] [ SQL ] SHOW COLUMNS FROM `fdz_offer_type` [ RunTime:0.000445s ]
[ sql ] [ SQL ] SELECT * FROM `fdz_offer_type` [ RunTime:0.000197s ]
---------------------------------------------------------------
[ 2019-07-15T09:24:26+08:00 ] 113.66.210.165 GET www.hxpw1998.com/admin/offerquota/index/menuid/268.html
[ sql ] [ DB ] CONNECT:[ UseTime:0.000317s ] mysql:host=localhost;dbname=baojia;charset=utf8
[ sql ] [ SQL ] SHOW COLUMNS FROM `fdz_admin` [ RunTime:0.000642s ]
[ sql ] [ SQL ] SELECT * FROM `fdz_admin` WHERE  `userid` = 1 LIMIT 1 [ RunTime:0.000318s ]
[ sql ] [ SQL ] SELECT * FROM `fdz_admin` WHERE  `userid` = 1 LIMIT 1 [ RunTime:0.000235s ]
[ sql ] [ SQL ] SHOW COLUMNS FROM `fdz_offerquota` [ RunTime:0.000480s ]
[ sql ] [ SQL ] SELECT COUNT(*) AS tp_count FROM `fdz_offerquota` WHERE  `userid` = 1 LIMIT 1 [ RunTime:0.001104s ]
[ sql ] [ SQL ] SELECT * FROM `fdz_offerquota` WHERE  `userid` = 1 LIMIT 0,20 [ RunTime:0.000411s ]
[ sql ] [ SQL ] SHOW COLUMNS FROM `fdz_frame` [ RunTime:0.000383s ]
[ sql ] [ SQL ] SELECT `id`,`name` FROM `fdz_frame` WHERE  `levelid` = 3 [ RunTime:0.000273s ]
[ sql ] [ SQL ] SELECT * FROM `fdz_frame` WHERE  `id` = 152 LIMIT 1 [ RunTime:0.000210s ]
[ sql ] [ SQL ] SELECT * FROM `fdz_frame` WHERE  `id` = 152 LIMIT 1 [ RunTime:0.000178s ]
[ sql ] [ SQL ] SELECT * FROM `fdz_frame` WHERE  `id` = 152 LIMIT 1 [ RunTime:0.000186s ]
[ sql ] [ SQL ] SELECT * FROM `fdz_frame` WHERE  `id` = 152 LIMIT 1 [ RunTime:0.000168s ]
[ sql ] [ SQL ] SELECT * FROM `fdz_frame` WHERE  `id` = 152 LIMIT 1 [ RunTime:0.000168s ]
[ sql ] [ SQL ] SELECT * FROM `fdz_frame` WHERE  `id` = 152 LIMIT 1 [ RunTime:0.000169s ]
[ sql ] [ SQL ] SELECT * FROM `fdz_frame` WHERE  `id` = 152 LIMIT 1 [ RunTime:0.000187s ]
[ sql ] [ SQL ] SELECT * FROM `fdz_frame` WHERE  `id` = 152 LIMIT 1 [ RunTime:0.000165s ]
[ sql ] [ SQL ] SELECT * FROM `fdz_frame` WHERE  `id` = 152 LIMIT 1 [ RunTime:0.000164s ]
[ sql ] [ SQL ] SELECT * FROM `fdz_frame` WHERE  `id` = 152 LIMIT 1 [ RunTime:0.000162s ]
[ sql ] [ SQL ] SELECT * FROM `fdz_frame` WHERE  `id` = 152 LIMIT 1 [ RunTime:0.000179s ]
[ sql ] [ SQL ] SELECT * FROM `fdz_frame` WHERE  `id` = 152 LIMIT 1 [ RunTime:0.000164s ]
[ sql ] [ SQL ] SELECT * FROM `fdz_frame` WHERE  `id` = 152 LIMIT 1 [ RunTime:0.000162s ]
[ sql ] [ SQL ] SELECT * FROM `fdz_frame` WHERE  `id` = 152 LIMIT 1 [ RunTime:0.000162s ]
[ sql ] [ SQL ] SELECT * FROM `fdz_frame` WHERE  `id` = 152 LIMIT 1 [ RunTime:0.000178s ]
[ sql ] [ SQL ] SELECT * FROM `fdz_frame` WHERE  `id` = 152 LIMIT 1 [ RunTime:0.000162s ]
[ sql ] [ SQL ] SELECT * FROM `fdz_frame` WHERE  `id` = 152 LIMIT 1 [ RunTime:0.000162s ]
[ sql ] [ SQL ] SELECT * FROM `fdz_frame` WHERE  `id` = 152 LIMIT 1 [ RunTime:0.000159s ]
[ sql ] [ SQL ] SELECT * FROM `fdz_frame` WHERE  `id` = 152 LIMIT 1 [ RunTime:0.000170s ]
[ sql ] [ SQL ] SELECT * FROM `fdz_frame` WHERE  `id` = 152 LIMIT 1 [ RunTime:0.000165s ]
---------------------------------------------------------------
[ 2019-07-15T09:24:29+08:00 ] 113.66.210.165 GET www.hxpw1998.com/admin/artificial/index/menuid/270.html
[ sql ] [ DB ] CONNECT:[ UseTime:0.000325s ] mysql:host=localhost;dbname=baojia;charset=utf8
[ sql ] [ SQL ] SHOW COLUMNS FROM `fdz_admin` [ RunTime:0.000602s ]
[ sql ] [ SQL ] SELECT * FROM `fdz_admin` WHERE  `userid` = 1 LIMIT 1 [ RunTime:0.000345s ]
[ sql ] [ SQL ] SELECT * FROM `fdz_admin` WHERE  `userid` = 1 LIMIT 1 [ RunTime:0.000235s ]
[ sql ] [ SQL ] SHOW COLUMNS FROM `fdz_offerquota` [ RunTime:0.000426s ]
[ sql ] [ SQL ] SELECT COUNT(*) AS tp_count FROM `fdz_offerquota` WHERE  `userid` = 1 LIMIT 1 [ RunTime:0.001085s ]
[ sql ] [ SQL ] SELECT * FROM `fdz_offerquota` WHERE  `userid` = 1 LIMIT 0,20 [ RunTime:0.000440s ]
[ sql ] [ SQL ] SHOW COLUMNS FROM `fdz_frame` [ RunTime:0.000403s ]
[ sql ] [ SQL ] SELECT `id`,`name` FROM `fdz_frame` WHERE  `levelid` = 3 [ RunTime:0.000263s ]
[ sql ] [ SQL ] SELECT * FROM `fdz_frame` WHERE  `id` = 152 LIMIT 1 [ RunTime:0.000220s ]
[ sql ] [ SQL ] SELECT * FROM `fdz_frame` WHERE  `id` = 152 LIMIT 1 [ RunTime:0.000176s ]
[ sql ] [ SQL ] SELECT * FROM `fdz_frame` WHERE  `id` = 152 LIMIT 1 [ RunTime:0.000168s ]
[ sql ] [ SQL ] SELECT * FROM `fdz_frame` WHERE  `id` = 152 LIMIT 1 [ RunTime:0.000163s ]
[ sql ] [ SQL ] SELECT * FROM `fdz_frame` WHERE  `id` = 152 LIMIT 1 [ RunTime:0.000171s ]
[ sql ] [ SQL ] SELECT * FROM `fdz_frame` WHERE  `id` = 152 LIMIT 1 [ RunTime:0.000165s ]
[ sql ] [ SQL ] SELECT * FROM `fdz_frame` WHERE  `id` = 152 LIMIT 1 [ RunTime:0.000163s ]
[ sql ] [ SQL ] SELECT * FROM `fdz_frame` WHERE  `id` = 152 LIMIT 1 [ RunTime:0.000167s ]
[ sql ] [ SQL ] SELECT * FROM `fdz_frame` WHERE  `id` = 152 LIMIT 1 [ RunTime:0.000176s ]
[ sql ] [ SQL ] SELECT * FROM `fdz_frame` WHERE  `id` = 152 LIMIT 1 [ RunTime:0.000165s ]
[ sql ] [ SQL ] SELECT * FROM `fdz_frame` WHERE  `id` = 152 LIMIT 1 [ RunTime:0.000163s ]
[ sql ] [ SQL ] SELECT * FROM `fdz_frame` WHERE  `id` = 152 LIMIT 1 [ RunTime:0.000164s ]
[ sql ] [ SQL ] SELECT * FROM `fdz_frame` WHERE  `id` = 152 LIMIT 1 [ RunTime:0.000172s ]
[ sql ] [ SQL ] SELECT * FROM `fdz_frame` WHERE  `id` = 152 LIMIT 1 [ RunTime:0.000162s ]
[ sql ] [ SQL ] SELECT * FROM `fdz_frame` WHERE  `id` = 152 LIMIT 1 [ RunTime:0.000155s ]
[ sql ] [ SQL ] SELECT * FROM `fdz_frame` WHERE  `id` = 152 LIMIT 1 [ RunTime:0.000155s ]
[ sql ] [ SQL ] SELECT * FROM `fdz_frame` WHERE  `id` = 152 LIMIT 1 [ RunTime:0.000163s ]
[ sql ] [ SQL ] SELECT * FROM `fdz_frame` WHERE  `id` = 152 LIMIT 1 [ RunTime:0.000167s ]
[ sql ] [ SQL ] SELECT * FROM `fdz_frame` WHERE  `id` = 152 LIMIT 1 [ RunTime:0.000155s ]
[ sql ] [ SQL ] SELECT * FROM `fdz_frame` WHERE  `id` = 152 LIMIT 1 [ RunTime:0.000157s ]
---------------------------------------------------------------
[ 2019-07-15T09:24:29+08:00 ] 113.66.210.165 GET www.hxpw1998.com/admin/usedlist/index/menuid/272.html
[ sql ] [ DB ] CONNECT:[ UseTime:0.000325s ] mysql:host=localhost;dbname=baojia;charset=utf8
[ sql ] [ SQL ] SHOW COLUMNS FROM `fdz_admin` [ RunTime:0.000606s ]
[ sql ] [ SQL ] SELECT * FROM `fdz_admin` WHERE  `userid` = 1 LIMIT 1 [ RunTime:0.000338s ]
[ sql ] [ SQL ] SELECT * FROM `fdz_admin` WHERE  `userid` = 1 LIMIT 1 [ RunTime:0.000238s ]
[ sql ] [ SQL ] SHOW COLUMNS FROM `fdz_offerquota` [ RunTime:0.000456s ]
[ sql ] [ SQL ] SELECT `id`,`item_number`,`project`,`content` FROM `fdz_offerquota` WHERE  `userid` = 1 [ RunTime:0.002878s ]
---------------------------------------------------------------
[ 2019-07-15T09:24:39+08:00 ] 113.66.210.165 GET www.hxpw1998.com/admin/anbank/index/menuid/271.html
[ sql ] [ DB ] CONNECT:[ UseTime:0.000328s ] mysql:host=localhost;dbname=baojia;charset=utf8
[ sql ] [ SQL ] SHOW COLUMNS FROM `fdz_admin` [ RunTime:0.000697s ]
[ sql ] [ SQL ] SELECT * FROM `fdz_admin` WHERE  `userid` = 1 LIMIT 1 [ RunTime:0.000344s ]
[ sql ] [ SQL ] SELECT * FROM `fdz_admin` WHERE  `userid` = 1 LIMIT 1 [ RunTime:0.000243s ]
[ sql ] [ SQL ] SHOW COLUMNS FROM `fdz_materials` [ RunTime:0.000502s ]
[ sql ] [ SQL ] SELECT COUNT(*) AS tp_count FROM `fdz_materials` WHERE  `userid` = 1 LIMIT 1 [ RunTime:0.000760s ]
[ sql ] [ SQL ] SELECT * FROM `fdz_materials` WHERE  `userid` = 1 LIMIT 0,20 [ RunTime:0.000281s ]
[ sql ] [ SQL ] SHOW COLUMNS FROM `fdz_frame` [ RunTime:0.000439s ]
[ sql ] [ SQL ] SELECT `id`,`name` FROM `fdz_frame` WHERE  `levelid` = 3 [ RunTime:0.000306s ]
[ sql ] [ SQL ] SELECT * FROM `fdz_frame` WHERE  `id` = 152 LIMIT 1 [ RunTime:0.000212s ]
[ sql ] [ SQL ] SELECT * FROM `fdz_frame` WHERE  `id` = 152 LIMIT 1 [ RunTime:0.000170s ]
[ sql ] [ SQL ] SELECT * FROM `fdz_frame` WHERE  `id` = 152 LIMIT 1 [ RunTime:0.000178s ]
[ sql ] [ SQL ] SELECT * FROM `fdz_frame` WHERE  `id` = 152 LIMIT 1 [ RunTime:0.000166s ]
[ sql ] [ SQL ] SELECT * FROM `fdz_frame` WHERE  `id` = 152 LIMIT 1 [ RunTime:0.000163s ]
[ sql ] [ SQL ] SELECT * FROM `fdz_frame` WHERE  `id` = 152 LIMIT 1 [ RunTime:0.000169s ]
[ sql ] [ SQL ] SELECT * FROM `fdz_frame` WHERE  `id` = 152 LIMIT 1 [ RunTime:0.000179s ]
[ sql ] [ SQL ] SELECT * FROM `fdz_frame` WHERE  `id` = 152 LIMIT 1 [ RunTime:0.000163s ]
[ sql ] [ SQL ] SELECT * FROM `fdz_frame` WHERE  `id` = 152 LIMIT 1 [ RunTime:0.000160s ]
[ sql ] [ SQL ] SELECT * FROM `fdz_frame` WHERE  `id` = 152 LIMIT 1 [ RunTime:0.000160s ]
[ sql ] [ SQL ] SELECT * FROM `fdz_frame` WHERE  `id` = 152 LIMIT 1 [ RunTime:0.000179s ]
[ sql ] [ SQL ] SELECT * FROM `fdz_frame` WHERE  `id` = 152 LIMIT 1 [ RunTime:0.000163s ]
[ sql ] [ SQL ] SELECT * FROM `fdz_frame` WHERE  `id` = 152 LIMIT 1 [ RunTime:0.000158s ]
[ sql ] [ SQL ] SELECT * FROM `fdz_frame` WHERE  `id` = 152 LIMIT 1 [ RunTime:0.000159s ]
[ sql ] [ SQL ] SELECT * FROM `fdz_frame` WHERE  `id` = 152 LIMIT 1 [ RunTime:0.000180s ]
[ sql ] [ SQL ] SELECT * FROM `fdz_frame` WHERE  `id` = 152 LIMIT 1 [ RunTime:0.000172s ]
[ sql ] [ SQL ] SELECT * FROM `fdz_frame` WHERE  `id` = 152 LIMIT 1 [ RunTime:0.000172s ]
[ sql ] [ SQL ] SELECT * FROM `fdz_frame` WHERE  `id` = 152 LIMIT 1 [ RunTime:0.000168s ]
[ sql ] [ SQL ] SELECT * FROM `fdz_frame` WHERE  `id` = 152 LIMIT 1 [ RunTime:0.000186s ]
[ sql ] [ SQL ] SELECT * FROM `fdz_frame` WHERE  `id` = 152 LIMIT 1 [ RunTime:0.000168s ]
---------------------------------------------------------------
[ 2019-07-15T09:24:41+08:00 ] 113.66.210.165 GET www.hxpw1998.com/admin/anbank/index/menuid/271.html?page=88
[ sql ] [ DB ] CONNECT:[ UseTime:0.000397s ] mysql:host=localhost;dbname=baojia;charset=utf8
[ sql ] [ SQL ] SHOW COLUMNS FROM `fdz_admin` [ RunTime:0.000645s ]
[ sql ] [ SQL ] SELECT * FROM `fdz_admin` WHERE  `userid` = 1 LIMIT 1 [ RunTime:0.000353s ]
[ sql ] [ SQL ] SELECT * FROM `fdz_admin` WHERE  `userid` = 1 LIMIT 1 [ RunTime:0.000250s ]
[ sql ] [ SQL ] SHOW COLUMNS FROM `fdz_materials` [ RunTime:0.000537s ]
[ sql ] [ SQL ] SELECT COUNT(*) AS tp_count FROM `fdz_materials` WHERE  `userid` = 1 LIMIT 1 [ RunTime:0.000741s ]
[ sql ] [ SQL ] SELECT * FROM `fdz_materials` WHERE  `userid` = 1 LIMIT 1740,20 [ RunTime:0.000707s ]
[ sql ] [ SQL ] SHOW COLUMNS FROM `fdz_frame` [ RunTime:0.000489s ]
[ sql ] [ SQL ] SELECT `id`,`name` FROM `fdz_frame` WHERE  `levelid` = 3 [ RunTime:0.000297s ]
[ sql ] [ SQL ] SELECT * FROM `fdz_frame` WHERE  `id` = 152 LIMIT 1 [ RunTime:0.000216s ]
---------------------------------------------------------------
[ 2019-07-15T09:24:44+08:00 ] 113.66.210.165 GET www.hxpw1998.com/admin/anbank/index/menuid/271.html?page=87
[ sql ] [ DB ] CONNECT:[ UseTime:0.000325s ] mysql:host=localhost;dbname=baojia;charset=utf8
[ sql ] [ SQL ] SHOW COLUMNS FROM `fdz_admin` [ RunTime:0.000736s ]
[ sql ] [ SQL ] SELECT * FROM `fdz_admin` WHERE  `userid` = 1 LIMIT 1 [ RunTime:0.000317s ]
[ sql ] [ SQL ] SELECT * FROM `fdz_admin` WHERE  `userid` = 1 LIMIT 1 [ RunTime:0.000230s ]
[ sql ] [ SQL ] SHOW COLUMNS FROM `fdz_materials` [ RunTime:0.000515s ]
[ sql ] [ SQL ] SELECT COUNT(*) AS tp_count FROM `fdz_materials` WHERE  `userid` = 1 LIMIT 1 [ RunTime:0.000747s ]
[ sql ] [ SQL ] SELECT * FROM `fdz_materials` WHERE  `userid` = 1 LIMIT 1720,20 [ RunTime:0.000733s ]
[ sql ] [ SQL ] SHOW COLUMNS FROM `fdz_frame` [ RunTime:0.000461s ]
[ sql ] [ SQL ] SELECT `id`,`name` FROM `fdz_frame` WHERE  `levelid` = 3 [ RunTime:0.000277s ]
[ sql ] [ SQL ] SELECT * FROM `fdz_frame` WHERE  `id` = 152 LIMIT 1 [ RunTime:0.000217s ]
[ sql ] [ SQL ] SELECT * FROM `fdz_frame` WHERE  `id` = 152 LIMIT 1 [ RunTime:0.000186s ]
[ sql ] [ SQL ] SELECT * FROM `fdz_frame` WHERE  `id` = 152 LIMIT 1 [ RunTime:0.000165s ]
[ sql ] [ SQL ] SELECT * FROM `fdz_frame` WHERE  `id` = 152 LIMIT 1 [ RunTime:0.000166s ]
[ sql ] [ SQL ] SELECT * FROM `fdz_frame` WHERE  `id` = 152 LIMIT 1 [ RunTime:0.000159s ]
[ sql ] [ SQL ] SELECT * FROM `fdz_frame` WHERE  `id` = 152 LIMIT 1 [ RunTime:0.000178s ]
[ sql ] [ SQL ] SELECT * FROM `fdz_frame` WHERE  `id` = 152 LIMIT 1 [ RunTime:0.000159s ]
[ sql ] [ SQL ] SELECT * FROM `fdz_frame` WHERE  `id` = 152 LIMIT 1 [ RunTime:0.000161s ]
[ sql ] [ SQL ] SELECT * FROM `fdz_frame` WHERE  `id` = 152 LIMIT 1 [ RunTime:0.000159s ]
[ sql ] [ SQL ] SELECT * FROM `fdz_frame` WHERE  `id` = 152 LIMIT 1 [ RunTime:0.000171s ]
[ sql ] [ SQL ] SELECT * FROM `fdz_frame` WHERE  `id` = 152 LIMIT 1 [ RunTime:0.000166s ]
[ sql ] [ SQL ] SELECT * FROM `fdz_frame` WHERE  `id` = 152 LIMIT 1 [ RunTime:0.000165s ]
[ sql ] [ SQL ] SELECT * FROM `fdz_frame` WHERE  `id` = 152 LIMIT 1 [ RunTime:0.000169s ]
[ sql ] [ SQL ] SELECT * FROM `fdz_frame` WHERE  `id` = 152 LIMIT 1 [ RunTime:0.000182s ]
[ sql ] [ SQL ] SELECT * FROM `fdz_frame` WHERE  `id` = 152 LIMIT 1 [ RunTime:0.000165s ]
[ sql ] [ SQL ] SELECT * FROM `fdz_frame` WHERE  `id` = 152 LIMIT 1 [ RunTime:0.000163s ]
[ sql ] [ SQL ] SELECT * FROM `fdz_frame` WHERE  `id` = 152 LIMIT 1 [ RunTime:0.000162s ]
[ sql ] [ SQL ] SELECT * FROM `fdz_frame` WHERE  `id` = 152 LIMIT 1 [ RunTime:0.000186s ]
[ sql ] [ SQL ] SELECT * FROM `fdz_frame` WHERE  `id` = 152 LIMIT 1 [ RunTime:0.000168s ]
[ sql ] [ SQL ] SELECT * FROM `fdz_frame` WHERE  `id` = 152 LIMIT 1 [ RunTime:0.000171s ]
---------------------------------------------------------------
[ 2019-07-15T09:24:58+08:00 ] 113.66.210.165 GET www.hxpw1998.com/admin/anbank/index/menuid/271.html?page=88
[ sql ] [ DB ] CONNECT:[ UseTime:0.000298s ] mysql:host=localhost;dbname=baojia;charset=utf8
[ sql ] [ SQL ] SHOW COLUMNS FROM `fdz_admin` [ RunTime:0.000719s ]
[ sql ] [ SQL ] SELECT * FROM `fdz_admin` WHERE  `userid` = 1 LIMIT 1 [ RunTime:0.000313s ]
[ sql ] [ SQL ] SELECT * FROM `fdz_admin` WHERE  `userid` = 1 LIMIT 1 [ RunTime:0.000246s ]
[ sql ] [ SQL ] SHOW COLUMNS FROM `fdz_materials` [ RunTime:0.000527s ]
[ sql ] [ SQL ] SELECT COUNT(*) AS tp_count FROM `fdz_materials` WHERE  `userid` = 1 LIMIT 1 [ RunTime:0.000743s ]
[ sql ] [ SQL ] SELECT * FROM `fdz_materials` WHERE  `userid` = 1 LIMIT 1740,20 [ RunTime:0.000718s ]
[ sql ] [ SQL ] SHOW COLUMNS FROM `fdz_frame` [ RunTime:0.000461s ]
[ sql ] [ SQL ] SELECT `id`,`name` FROM `fdz_frame` WHERE  `levelid` = 3 [ RunTime:0.000278s ]
[ sql ] [ SQL ] SELECT * FROM `fdz_frame` WHERE  `id` = 152 LIMIT 1 [ RunTime:0.000221s ]
---------------------------------------------------------------
[ 2019-07-15T10:39:10+08:00 ] 116.22.143.7 GET www.hxpw1998.com/admin/offerlist/index/menuid/249.html
[ sql ] [ DB ] CONNECT:[ UseTime:0.000309s ] mysql:host=localhost;dbname=baojia;charset=utf8
[ sql ] [ SQL ] SHOW COLUMNS FROM `fdz_admin` [ RunTime:0.000620s ]
[ sql ] [ SQL ] SELECT * FROM `fdz_admin` WHERE  `userid` = 1 LIMIT 1 [ RunTime:0.000325s ]
[ sql ] [ SQL ] SELECT * FROM `fdz_admin` WHERE  `userid` = 1 LIMIT 1 [ RunTime:0.000245s ]
[ sql ] [ SQL ] SHOW COLUMNS FROM `fdz_offerlist` [ RunTime:0.000478s ]
[ sql ] [ SQL ] SELECT `o`.*,u.customer_name as customer_name,u.quoter_name as quoter_name,u.designer_name as designer_name,u.address as address,u.manager_name as manager_name FROM `fdz_offerlist` `o` INNER JOIN `fdz_userlist` `u` ON `o`.`customerid`=`u`.`id` WHERE  `o`.`number` = '1' [ RunTime:0.000341s ]
[ sql ] [ SQL ] SHOW COLUMNS FROM `fdz_offerquota` [ RunTime:0.000398s ]
[ sql ] [ SQL ] SELECT `item_number`,`labor_cost`,`content` FROM `fdz_offerquota` WHERE  `item_number` = 'MG244' LIMIT 1 [ RunTime:0.000540s ]
[ sql ] [ SQL ] SELECT `item_number`,`labor_cost`,`content` FROM `fdz_offerquota` WHERE  `item_number` = 'MG248' LIMIT 1 [ RunTime:0.000391s ]
[ sql ] [ SQL ] SELECT `item_number`,`labor_cost`,`content` FROM `fdz_offerquota` WHERE  `item_number` = 'DL162' LIMIT 1 [ RunTime:0.000445s ]
[ sql ] [ SQL ] SELECT `item_number`,`labor_cost`,`content` FROM `fdz_offerquota` WHERE  `item_number` = 'DL164' LIMIT 1 [ RunTime:0.000401s ]
[ sql ] [ SQL ] SELECT `item_number`,`labor_cost`,`content` FROM `fdz_offerquota` WHERE  `item_number` = 'DL165' LIMIT 1 [ RunTime:0.000420s ]
[ error ] [2]Invalid argument supplied for foreach()
[ error ] [2]Invalid argument supplied for foreach()
---------------------------------------------------------------
[ 2019-07-15T11:24:11+08:00 ] 61.140.180.79 POST www.hxpw1998.com/admin/login/index.html
[ sql ] [ DB ] CONNECT:[ UseTime:0.000316s ] mysql:host=localhost;dbname=baojia;charset=utf8
[ sql ] [ SQL ] SHOW COLUMNS FROM `fdz_admin` [ RunTime:0.000640s ]
[ sql ] [ SQL ] SELECT * FROM `fdz_admin` WHERE  `username` = 'fkd' LIMIT 1 [ RunTime:0.000350s ]
---------------------------------------------------------------
[ 2019-07-15T11:24:49+08:00 ] 61.140.180.79 POST www.hxpw1998.com/admin/login/index.html
[ sql ] [ DB ] CONNECT:[ UseTime:0.000318s ] mysql:host=localhost;dbname=baojia;charset=utf8
[ sql ] [ SQL ] SHOW COLUMNS FROM `fdz_admin` [ RunTime:0.000637s ]
[ sql ] [ SQL ] SELECT * FROM `fdz_admin` WHERE  `username` = 'fkd' LIMIT 1 [ RunTime:0.000385s ]
[ sql ] [ SQL ] SHOW COLUMNS FROM `fdz_admin_operation` [ RunTime:0.000706s ]
[ sql ] [ SQL ] INSERT INTO `fdz_admin_operation` (`aid` , `sid` , `rid` , `operation_type` , `operation_time` , `operation`) VALUES (1 , 0 , 1 , 1 , '1563161089' , '登录操作') [ RunTime:0.002185s ]
[ sql ] [ SQL ] UPDATE `fdz_admin`  SET `last_login_time` = 1563161089 , `last_login_address` = '广东省广州市' , `login_ip` = '61.140.180.79'  WHERE  `userid` = 1 [ RunTime:0.002353s ]
---------------------------------------------------------------
[ 2019-07-15T11:24:49+08:00 ] 61.140.180.79 GET www.hxpw1998.com/admin/index/index.html
[ sql ] [ DB ] CONNECT:[ UseTime:0.000280s ] mysql:host=localhost;dbname=baojia;charset=utf8
[ sql ] [ SQL ] SHOW COLUMNS FROM `fdz_admin` [ RunTime:0.000579s ]
[ sql ] [ SQL ] SELECT * FROM `fdz_admin` WHERE  `userid` = 1 LIMIT 1 [ RunTime:0.000297s ]
[ sql ] [ SQL ] SELECT * FROM `fdz_admin` WHERE  `userid` = 1 LIMIT 1 [ RunTime:0.000255s ]
[ sql ] [ SQL ] SHOW COLUMNS FROM `fdz_menu` [ RunTime:0.000515s ]
[ sql ] [ SQL ] SELECT * FROM `fdz_menu` WHERE  `parentid` = 0  AND `status` = 1 ORDER BY `listorder` ASC,`id` ASC [ RunTime:0.000304s ]
[ sql ] [ SQL ] SELECT * FROM `fdz_menu` WHERE  `parentid` = 228  AND `status` = 1 ORDER BY `listorder` ASC,`id` ASC [ RunTime:0.000308s ]
[ sql ] [ SQL ] SELECT * FROM `fdz_menu` WHERE  `parentid` = 229  AND `status` = 1 ORDER BY `listorder` ASC,`id` ASC [ RunTime:0.000247s ]
[ sql ] [ SQL ] SELECT * FROM `fdz_menu` WHERE  `parentid` = 249  AND `status` = 1 ORDER BY `listorder` ASC,`id` ASC [ RunTime:0.000256s ]
[ sql ] [ SQL ] SELECT * FROM `fdz_menu` WHERE  `parentid` = 282  AND `status` = 1 ORDER BY `listorder` ASC,`id` ASC [ RunTime:0.000235s ]
[ sql ] [ SQL ] SELECT * FROM `fdz_menu` WHERE  `parentid` = 296  AND `status` = 1 ORDER BY `listorder` ASC,`id` ASC [ RunTime:0.000228s ]
[ sql ] [ SQL ] SELECT * FROM `fdz_menu` WHERE  `parentid` = 297  AND `status` = 1 ORDER BY `listorder` ASC,`id` ASC [ RunTime:0.000226s ]
[ sql ] [ SQL ] SELECT * FROM `fdz_menu` WHERE  `parentid` = 231  AND `status` = 1 ORDER BY `listorder` ASC,`id` ASC [ RunTime:0.000252s ]
[ sql ] [ SQL ] SELECT * FROM `fdz_menu` WHERE  `parentid` = 10  AND `status` = 1 ORDER BY `listorder` ASC,`id` ASC [ RunTime:0.000249s ]
[ sql ] [ SQL ] SELECT * FROM `fdz_menu` WHERE  `parentid` = 14  AND `status` = 1 ORDER BY `listorder` ASC,`id` ASC [ RunTime:0.000237s ]
[ sql ] [ SQL ] SELECT * FROM `fdz_menu` WHERE  `parentid` = 15  AND `status` = 1 ORDER BY `listorder` ASC,`id` ASC [ RunTime:0.000242s ]
[ sql ] [ SQL ] SELECT * FROM `fdz_menu` WHERE  `parentid` = 16  AND `status` = 1 ORDER BY `listorder` ASC,`id` ASC [ RunTime:0.000259s ]
[ sql ] [ SQL ] SELECT * FROM `fdz_menu` WHERE  `parentid` = 17  AND `status` = 1 ORDER BY `listorder` ASC,`id` ASC [ RunTime:0.000244s ]
[ sql ] [ SQL ] SELECT * FROM `fdz_menu` WHERE  `parentid` = 235  AND `status` = 1 ORDER BY `listorder` ASC,`id` ASC [ RunTime:0.000236s ]
[ sql ] [ SQL ] SELECT * FROM `fdz_menu` WHERE  `parentid` = 262  AND `status` = 1 ORDER BY `listorder` ASC,`id` ASC [ RunTime:0.000273s ]
[ sql ] [ SQL ] SELECT * FROM `fdz_menu` WHERE  `parentid` = 263  AND `status` = 1 ORDER BY `listorder` ASC,`id` ASC [ RunTime:0.000237s ]
[ sql ] [ SQL ] SELECT * FROM `fdz_menu` WHERE  `parentid` = 264  AND `status` = 1 ORDER BY `listorder` ASC,`id` ASC [ RunTime:0.000241s ]
[ sql ] [ SQL ] SELECT * FROM `fdz_menu` WHERE  `parentid` = 269  AND `status` = 1 ORDER BY `listorder` ASC,`id` ASC [ RunTime:0.000227s ]
[ sql ] [ SQL ] SELECT * FROM `fdz_menu` WHERE  `parentid` = 280  AND `status` = 1 ORDER BY `listorder` ASC,`id` ASC [ RunTime:0.000245s ]
[ sql ] [ SQL ] SELECT * FROM `fdz_menu` WHERE  `parentid` = 298  AND `status` = 1 ORDER BY `listorder` ASC,`id` ASC [ RunTime:0.000247s ]
[ sql ] [ SQL ] SELECT * FROM `fdz_menu` WHERE  `parentid` = 267  AND `status` = 1 ORDER BY `listorder` ASC,`id` ASC [ RunTime:0.000255s ]
[ sql ] [ SQL ] SELECT * FROM `fdz_menu` WHERE  `parentid` = 268  AND `status` = 1 ORDER BY `listorder` ASC,`id` ASC [ RunTime:0.000242s ]
[ sql ] [ SQL ] SELECT * FROM `fdz_menu` WHERE  `parentid` = 270  AND `status` = 1 ORDER BY `listorder` ASC,`id` ASC [ RunTime:0.000219s ]
[ sql ] [ SQL ] SELECT * FROM `fdz_menu` WHERE  `parentid` = 271  AND `status` = 1 ORDER BY `listorder` ASC,`id` ASC [ RunTime:0.000218s ]
[ sql ] [ SQL ] SELECT * FROM `fdz_menu` WHERE  `parentid` = 272  AND `status` = 1 ORDER BY `listorder` ASC,`id` ASC [ RunTime:0.000231s ]
---------------------------------------------------------------
[ 2019-07-15T11:24:49+08:00 ] 61.140.180.79 GET www.hxpw1998.com/admin/main/index.html
[ sql ] [ DB ] CONNECT:[ UseTime:0.000314s ] mysql:host=localhost;dbname=baojia;charset=utf8
[ sql ] [ SQL ] SHOW COLUMNS FROM `fdz_admin` [ RunTime:0.000600s ]
[ sql ] [ SQL ] SELECT * FROM `fdz_admin` WHERE  `userid` = 1 LIMIT 1 [ RunTime:0.000330s ]
[ sql ] [ SQL ] SELECT * FROM `fdz_admin` WHERE  `userid` = 1 LIMIT 1 [ RunTime:0.000246s ]
[ sql ] [ SQL ] SELECT * FROM `fdz_admin` WHERE  `userid` = 1 LIMIT 1 [ RunTime:0.000250s ]
[ sql ] [ SQL ] SHOW COLUMNS FROM `fdz_frame` [ RunTime:0.001601s ]
[ sql ] [ SQL ] SELECT * FROM `fdz_frame` WHERE  `id` = 1 LIMIT 1 [ RunTime:0.000195s ]
[ sql ] [ SQL ] SHOW COLUMNS FROM `fdz_auth_group` [ RunTime:0.000410s ]
[ sql ] [ SQL ] SELECT `title`,`description` FROM `fdz_auth_group` WHERE  `id` = 1 LIMIT 1 [ RunTime:0.000175s ]
[ sql ] [ SQL ] SHOW COLUMNS FROM `fdz_shop` [ RunTime:0.000410s ]
[ sql ] [ SQL ] SELECT `name`,`money`,`phone` FROM `fdz_shop` LIMIT 1 [ RunTime:0.000163s ]
[ sql ] [ SQL ] SHOW COLUMNS FROM `fdz_notice_list` [ RunTime:0.000359s ]
[ sql ] [ SQL ] SELECT * FROM `fdz_notice_list` ORDER BY `time` DESC LIMIT 1 [ RunTime:0.000203s ]
[ sql ] [ SQL ] SHOW COLUMNS FROM `fdz_userinfo` [ RunTime:0.000437s ]
[ sql ] [ SQL ] SELECT * FROM `fdz_userinfo` [ RunTime:0.000203s ]
[ sql ] [ SQL ] SHOW COLUMNS FROM `fdz_driver` [ RunTime:0.000495s ]
[ sql ] [ SQL ] SELECT * FROM `fdz_driver` [ RunTime:0.000212s ]
[ sql ] [ SQL ] SELECT VERSION() as version [ RunTime:0.000144s ]
[ sql ] [ SQL ] SELECT * FROM `fdz_driver` [ RunTime:0.000201s ]
---------------------------------------------------------------
[ 2019-07-15T11:24:54+08:00 ] 61.140.180.79 GET www.hxpw1998.com/admin/offerlist/index/menuid/249.html
[ sql ] [ DB ] CONNECT:[ UseTime:0.000307s ] mysql:host=localhost;dbname=baojia;charset=utf8
[ sql ] [ SQL ] SHOW COLUMNS FROM `fdz_admin` [ RunTime:0.000645s ]
[ sql ] [ SQL ] SELECT * FROM `fdz_admin` WHERE  `userid` = 1 LIMIT 1 [ RunTime:0.000325s ]
[ sql ] [ SQL ] SELECT * FROM `fdz_admin` WHERE  `userid` = 1 LIMIT 1 [ RunTime:0.000250s ]
[ sql ] [ SQL ] SHOW COLUMNS FROM `fdz_offerlist` [ RunTime:0.000456s ]
[ sql ] [ SQL ] SELECT `o`.*,u.customer_name as customer_name,u.quoter_name as quoter_name,u.designer_name as designer_name,u.address as address,u.manager_name as manager_name FROM `fdz_offerlist` `o` INNER JOIN `fdz_userlist` `u` ON `o`.`customerid`=`u`.`id` WHERE  `o`.`number` = '1' [ RunTime:0.000345s ]
[ sql ] [ SQL ] SHOW COLUMNS FROM `fdz_offerquota` [ RunTime:0.000389s ]
[ sql ] [ SQL ] SELECT `item_number`,`labor_cost`,`content` FROM `fdz_offerquota` WHERE  `item_number` = 'MG244' LIMIT 1 [ RunTime:0.000525s ]
[ sql ] [ SQL ] SELECT `item_number`,`labor_cost`,`content` FROM `fdz_offerquota` WHERE  `item_number` = 'MG248' LIMIT 1 [ RunTime:0.000384s ]
[ sql ] [ SQL ] SELECT `item_number`,`labor_cost`,`content` FROM `fdz_offerquota` WHERE  `item_number` = 'DL162' LIMIT 1 [ RunTime:0.000397s ]
[ sql ] [ SQL ] SELECT `item_number`,`labor_cost`,`content` FROM `fdz_offerquota` WHERE  `item_number` = 'DL164' LIMIT 1 [ RunTime:0.000365s ]
[ sql ] [ SQL ] SELECT `item_number`,`labor_cost`,`content` FROM `fdz_offerquota` WHERE  `item_number` = 'DL165' LIMIT 1 [ RunTime:0.000388s ]
[ error ] [2]Invalid argument supplied for foreach()
[ error ] [2]Invalid argument supplied for foreach()
---------------------------------------------------------------
[ 2019-07-15T11:24:58+08:00 ] 61.140.180.79 GET www.hxpw1998.com/admin/quote/index/menuid/296.html
[ sql ] [ DB ] CONNECT:[ UseTime:0.000326s ] mysql:host=localhost;dbname=baojia;charset=utf8
[ sql ] [ SQL ] SHOW COLUMNS FROM `fdz_admin` [ RunTime:0.000649s ]
[ sql ] [ SQL ] SELECT * FROM `fdz_admin` WHERE  `userid` = 1 LIMIT 1 [ RunTime:0.000319s ]
[ sql ] [ SQL ] SELECT * FROM `fdz_admin` WHERE  `userid` = 1 LIMIT 1 [ RunTime:0.000258s ]
[ sql ] [ SQL ] SHOW COLUMNS FROM `fdz_mould` [ RunTime:0.000442s ]
[ sql ] [ SQL ] SELECT * FROM `fdz_mould` WHERE  `userid` = 1 [ RunTime:0.000208s ]
---------------------------------------------------------------
[ 2019-07-15T11:25:01+08:00 ] 61.140.180.79 GET www.hxpw1998.com/admin/offerlist/edit/menuid/282.html
[ sql ] [ DB ] CONNECT:[ UseTime:0.000316s ] mysql:host=localhost;dbname=baojia;charset=utf8
[ sql ] [ SQL ] SHOW COLUMNS FROM `fdz_admin` [ RunTime:0.000641s ]
[ sql ] [ SQL ] SELECT * FROM `fdz_admin` WHERE  `userid` = 1 LIMIT 1 [ RunTime:0.000323s ]
[ sql ] [ SQL ] SELECT * FROM `fdz_admin` WHERE  `userid` = 1 LIMIT 1 [ RunTime:0.000249s ]
---------------------------------------------------------------
[ 2019-07-15T11:25:01+08:00 ] 61.140.180.79 GET www.hxpw1998.com/admin/offerlist/baojiaguanli.html
[ sql ] [ DB ] CONNECT:[ UseTime:0.000320s ] mysql:host=localhost;dbname=baojia;charset=utf8
[ sql ] [ SQL ] SHOW COLUMNS FROM `fdz_admin` [ RunTime:0.000611s ]
[ sql ] [ SQL ] SELECT * FROM `fdz_admin` WHERE  `userid` = 1 LIMIT 1 [ RunTime:0.000337s ]
[ sql ] [ SQL ] SELECT * FROM `fdz_admin` WHERE  `userid` = 1 LIMIT 1 [ RunTime:0.000244s ]
[ sql ] [ SQL ] SHOW COLUMNS FROM `fdz_offerlist` [ RunTime:0.000478s ]
[ sql ] [ SQL ] SELECT `o`.*,u.customer_name as customer_name,u.quoter_name as quoter_name,u.designer_name as designer_name,u.address as address,u.manager_name as manager_name FROM `fdz_offerlist` `o` INNER JOIN `fdz_userlist` `u` ON `o`.`customerid`=`u`.`id` WHERE  `o`.`number` = '1' [ RunTime:0.000321s ]
[ sql ] [ SQL ] SHOW COLUMNS FROM `fdz_offerquota` [ RunTime:0.000399s ]
[ sql ] [ SQL ] SELECT `item_number`,`labor_cost`,`content` FROM `fdz_offerquota` WHERE  `item_number` = 'MG244' LIMIT 1 [ RunTime:0.000520s ]
[ sql ] [ SQL ] SELECT `item_number`,`labor_cost`,`content` FROM `fdz_offerquota` WHERE  `item_number` = 'MG248' LIMIT 1 [ RunTime:0.000418s ]
[ sql ] [ SQL ] SELECT `item_number`,`labor_cost`,`content` FROM `fdz_offerquota` WHERE  `item_number` = 'DL162' LIMIT 1 [ RunTime:0.000390s ]
[ sql ] [ SQL ] SELECT `item_number`,`labor_cost`,`content` FROM `fdz_offerquota` WHERE  `item_number` = 'DL164' LIMIT 1 [ RunTime:0.000416s ]
[ sql ] [ SQL ] SELECT `item_number`,`labor_cost`,`content` FROM `fdz_offerquota` WHERE  `item_number` = 'DL165' LIMIT 1 [ RunTime:0.000385s ]
[ error ] [2]Invalid argument supplied for foreach()
[ error ] [2]Invalid argument supplied for foreach()
---------------------------------------------------------------
[ 2019-07-15T11:25:02+08:00 ] 61.140.180.79 GET www.hxpw1998.com/admin/offerlist/edit/id/1.html
[ sql ] [ DB ] CONNECT:[ UseTime:0.000321s ] mysql:host=localhost;dbname=baojia;charset=utf8
[ sql ] [ SQL ] SHOW COLUMNS FROM `fdz_admin` [ RunTime:0.000640s ]
[ sql ] [ SQL ] SELECT * FROM `fdz_admin` WHERE  `userid` = 1 LIMIT 1 [ RunTime:0.000315s ]
[ sql ] [ SQL ] SELECT * FROM `fdz_admin` WHERE  `userid` = 1 LIMIT 1 [ RunTime:0.000253s ]
[ sql ] [ SQL ] SHOW COLUMNS FROM `fdz_offerlist` [ RunTime:0.000462s ]
[ sql ] [ SQL ] SELECT `o`.*,u.customer_name as customer_name,u.quoter_name as quoter_name,u.designer_name as designer_name,u.address as address FROM `fdz_offerlist` `o` INNER JOIN `fdz_userlist` `u` ON `o`.`customerid`=`u`.`id` WHERE  `o`.`id` = '1' LIMIT 1 [ RunTime:0.000314s ]
[ sql ] [ SQL ] SHOW COLUMNS FROM `fdz_offerquota` [ RunTime:0.000396s ]
[ sql ] [ SQL ] SELECT `id` FROM `fdz_offerquota` WHERE  `item_number` = 'MG244' LIMIT 1 [ RunTime:0.000511s ]
[ sql ] [ SQL ] SELECT `id` FROM `fdz_offerquota` WHERE  `item_number` = 'MG248' LIMIT 1 [ RunTime:0.000372s ]
[ sql ] [ SQL ] SHOW COLUMNS FROM `fdz_mould` [ RunTime:0.000409s ]
[ sql ] [ SQL ] SELECT * FROM `fdz_mould` WHERE  `id` IS NULL LIMIT 1 [ RunTime:0.000152s ]
[ sql ] [ SQL ] SHOW COLUMNS FROM `fdz_offer_type` [ RunTime:0.000388s ]
[ sql ] [ SQL ] SELECT * FROM `fdz_offer_type` [ RunTime:0.000192s ]
---------------------------------------------------------------
[ 2019-07-15T11:25:04+08:00 ] 61.140.180.79 GET www.hxpw1998.com/admin/quote/index/customerid/1.html
[ sql ] [ DB ] CONNECT:[ UseTime:0.000429s ] mysql:host=localhost;dbname=baojia;charset=utf8
[ sql ] [ SQL ] SHOW COLUMNS FROM `fdz_admin` [ RunTime:0.000682s ]
[ sql ] [ SQL ] SELECT * FROM `fdz_admin` WHERE  `userid` = 1 LIMIT 1 [ RunTime:0.000333s ]
[ sql ] [ SQL ] SELECT * FROM `fdz_admin` WHERE  `userid` = 1 LIMIT 1 [ RunTime:0.000251s ]
[ sql ] [ SQL ] SHOW COLUMNS FROM `fdz_mould` [ RunTime:0.000452s ]
[ sql ] [ SQL ] SELECT * FROM `fdz_mould` WHERE  `userid` = 1 [ RunTime:0.000202s ]
---------------------------------------------------------------
[ 2019-07-15T11:25:05+08:00 ] 61.140.180.79 GET www.hxpw1998.com/admin/offerlist/edit/id/1/mouldid/3.html
[ sql ] [ DB ] CONNECT:[ UseTime:0.000330s ] mysql:host=localhost;dbname=baojia;charset=utf8
[ sql ] [ SQL ] SHOW COLUMNS FROM `fdz_admin` [ RunTime:0.000665s ]
[ sql ] [ SQL ] SELECT * FROM `fdz_admin` WHERE  `userid` = 1 LIMIT 1 [ RunTime:0.000345s ]
[ sql ] [ SQL ] SELECT * FROM `fdz_admin` WHERE  `userid` = 1 LIMIT 1 [ RunTime:0.000264s ]
[ sql ] [ SQL ] SHOW COLUMNS FROM `fdz_offerlist` [ RunTime:0.000458s ]
[ sql ] [ SQL ] SELECT `o`.*,u.customer_name as customer_name,u.quoter_name as quoter_name,u.designer_name as designer_name,u.address as address FROM `fdz_offerlist` `o` INNER JOIN `fdz_userlist` `u` ON `o`.`customerid`=`u`.`id` WHERE  `o`.`id` = '1' LIMIT 1 [ RunTime:0.000325s ]
[ sql ] [ SQL ] SHOW COLUMNS FROM `fdz_offerquota` [ RunTime:0.000395s ]
[ sql ] [ SQL ] SELECT `id` FROM `fdz_offerquota` WHERE  `item_number` = 'MG244' LIMIT 1 [ RunTime:0.000514s ]
[ sql ] [ SQL ] SELECT `id` FROM `fdz_offerquota` WHERE  `item_number` = 'MG248' LIMIT 1 [ RunTime:0.000372s ]
[ sql ] [ SQL ] SHOW COLUMNS FROM `fdz_mould` [ RunTime:0.000412s ]
[ sql ] [ SQL ] SELECT * FROM `fdz_mould` WHERE  `id` = 3 LIMIT 1 [ RunTime:0.000199s ]
[ sql ] [ SQL ] SHOW COLUMNS FROM `fdz_offer_type` [ RunTime:0.000352s ]
[ sql ] [ SQL ] SELECT `name` FROM `fdz_offer_type` WHERE  `id` = 88 LIMIT 1 [ RunTime:0.000164s ]
[ sql ] [ SQL ] SELECT `name` FROM `fdz_offer_type` WHERE  `id` = 89 LIMIT 1 [ RunTime:0.000152s ]
[ sql ] [ SQL ] SELECT * FROM `fdz_offerquota` WHERE  `id` = 2040 LIMIT 1 [ RunTime:0.000192s ]
[ sql ] [ SQL ] SELECT * FROM `fdz_offerquota` WHERE  `id` = 2045 LIMIT 1 [ RunTime:0.000201s ]
[ sql ] [ SQL ] SELECT * FROM `fdz_offerquota` WHERE  `id` = 2048 LIMIT 1 [ RunTime:0.000183s ]
[ sql ] [ SQL ] SELECT * FROM `fdz_offerquota` WHERE  `id` = 2051 LIMIT 1 [ RunTime:0.000181s ]
[ sql ] [ SQL ] SELECT * FROM `fdz_offerquota` WHERE  `id` = 2053 LIMIT 1 [ RunTime:0.000178s ]
[ sql ] [ SQL ] SELECT * FROM `fdz_offerquota` WHERE  `id` = 2057 LIMIT 1 [ RunTime:0.000200s ]
[ sql ] [ SQL ] SELECT * FROM `fdz_offerquota` WHERE  `id` = 2058 LIMIT 1 [ RunTime:0.000183s ]
[ sql ] [ SQL ] SELECT * FROM `fdz_offerquota` WHERE  `id` = 2040 LIMIT 1 [ RunTime:0.000183s ]
[ sql ] [ SQL ] SELECT * FROM `fdz_offerquota` WHERE  `id` = 2045 LIMIT 1 [ RunTime:0.000188s ]
[ sql ] [ SQL ] SELECT * FROM `fdz_offerquota` WHERE  `id` = 2048 LIMIT 1 [ RunTime:0.000190s ]
[ sql ] [ SQL ] SELECT * FROM `fdz_offerquota` WHERE  `id` = 2051 LIMIT 1 [ RunTime:0.000190s ]
[ sql ] [ SQL ] SELECT * FROM `fdz_offerquota` WHERE  `id` = 2053 LIMIT 1 [ RunTime:0.000185s ]
[ sql ] [ SQL ] SELECT * FROM `fdz_offerquota` WHERE  `id` = 2057 LIMIT 1 [ RunTime:0.000187s ]
[ sql ] [ SQL ] SELECT * FROM `fdz_offerquota` WHERE  `id` = 2058 LIMIT 1 [ RunTime:0.000195s ]
[ sql ] [ SQL ] SELECT `name` FROM `fdz_offer_type` WHERE  `id` = 90 LIMIT 1 [ RunTime:0.000147s ]
[ sql ] [ SQL ] SELECT * FROM `fdz_offerquota` WHERE  `id` = 2022 LIMIT 1 [ RunTime:0.000178s ]
[ sql ] [ SQL ] SELECT * FROM `fdz_offerquota` WHERE  `id` = 2026 LIMIT 1 [ RunTime:0.000188s ]
[ sql ] [ SQL ] SELECT * FROM `fdz_offerquota` WHERE  `id` = 2029 LIMIT 1 [ RunTime:0.000192s ]
[ sql ] [ SQL ] SELECT * FROM `fdz_offerquota` WHERE  `id` = 2031 LIMIT 1 [ RunTime:0.000178s ]
[ sql ] [ SQL ] SELECT * FROM `fdz_offerquota` WHERE  `id` = 2033 LIMIT 1 [ RunTime:0.000181s ]
[ sql ] [ SQL ] SELECT * FROM `fdz_offer_type` [ RunTime:0.000178s ]
---------------------------------------------------------------
[ 2019-07-15T11:25:10+08:00 ] 61.140.180.79 GET www.hxpw1998.com/admin/offerlist/edit/menuid/282.html
[ sql ] [ DB ] CONNECT:[ UseTime:0.000318s ] mysql:host=localhost;dbname=baojia;charset=utf8
[ sql ] [ SQL ] SHOW COLUMNS FROM `fdz_admin` [ RunTime:0.000642s ]
[ sql ] [ SQL ] SELECT * FROM `fdz_admin` WHERE  `userid` = 1 LIMIT 1 [ RunTime:0.000319s ]
[ sql ] [ SQL ] SELECT * FROM `fdz_admin` WHERE  `userid` = 1 LIMIT 1 [ RunTime:0.000246s ]
---------------------------------------------------------------
[ 2019-07-15T11:25:12+08:00 ] 61.140.180.79 GET www.hxpw1998.com/admin/offerlist/baojiaguanli.html
[ sql ] [ DB ] CONNECT:[ UseTime:0.000340s ] mysql:host=localhost;dbname=baojia;charset=utf8
[ sql ] [ SQL ] SHOW COLUMNS FROM `fdz_admin` [ RunTime:0.000643s ]
[ sql ] [ SQL ] SELECT * FROM `fdz_admin` WHERE  `userid` = 1 LIMIT 1 [ RunTime:0.000358s ]
[ sql ] [ SQL ] SELECT * FROM `fdz_admin` WHERE  `userid` = 1 LIMIT 1 [ RunTime:0.000253s ]
[ sql ] [ SQL ] SHOW COLUMNS FROM `fdz_offerlist` [ RunTime:0.000481s ]
[ sql ] [ SQL ] SELECT `o`.*,u.customer_name as customer_name,u.quoter_name as quoter_name,u.designer_name as designer_name,u.address as address,u.manager_name as manager_name FROM `fdz_offerlist` `o` INNER JOIN `fdz_userlist` `u` ON `o`.`customerid`=`u`.`id` WHERE  `o`.`number` = '1' [ RunTime:0.000332s ]
[ sql ] [ SQL ] SHOW COLUMNS FROM `fdz_offerquota` [ RunTime:0.000386s ]
[ sql ] [ SQL ] SELECT `item_number`,`labor_cost`,`content` FROM `fdz_offerquota` WHERE  `item_number` = 'MG244' LIMIT 1 [ RunTime:0.000521s ]
[ sql ] [ SQL ] SELECT `item_number`,`labor_cost`,`content` FROM `fdz_offerquota` WHERE  `item_number` = 'MG248' LIMIT 1 [ RunTime:0.000386s ]
[ sql ] [ SQL ] SELECT `item_number`,`labor_cost`,`content` FROM `fdz_offerquota` WHERE  `item_number` = 'DL162' LIMIT 1 [ RunTime:0.000432s ]
[ sql ] [ SQL ] SELECT `item_number`,`labor_cost`,`content` FROM `fdz_offerquota` WHERE  `item_number` = 'DL164' LIMIT 1 [ RunTime:0.000366s ]
[ sql ] [ SQL ] SELECT `item_number`,`labor_cost`,`content` FROM `fdz_offerquota` WHERE  `item_number` = 'DL165' LIMIT 1 [ RunTime:0.000382s ]
[ error ] [2]Invalid argument supplied for foreach()
[ error ] [2]Invalid argument supplied for foreach()
---------------------------------------------------------------
[ 2019-07-15T11:25:13+08:00 ] 61.140.180.79 GET www.hxpw1998.com/admin/offerlist/edit/id/1.html
[ sql ] [ DB ] CONNECT:[ UseTime:0.000309s ] mysql:host=localhost;dbname=baojia;charset=utf8
[ sql ] [ SQL ] SHOW COLUMNS FROM `fdz_admin` [ RunTime:0.000642s ]
[ sql ] [ SQL ] SELECT * FROM `fdz_admin` WHERE  `userid` = 1 LIMIT 1 [ RunTime:0.000320s ]
[ sql ] [ SQL ] SELECT * FROM `fdz_admin` WHERE  `userid` = 1 LIMIT 1 [ RunTime:0.000267s ]
[ sql ] [ SQL ] SHOW COLUMNS FROM `fdz_offerlist` [ RunTime:0.000518s ]
[ sql ] [ SQL ] SELECT `o`.*,u.customer_name as customer_name,u.quoter_name as quoter_name,u.designer_name as designer_name,u.address as address FROM `fdz_offerlist` `o` INNER JOIN `fdz_userlist` `u` ON `o`.`customerid`=`u`.`id` WHERE  `o`.`id` = '1' LIMIT 1 [ RunTime:0.000315s ]
[ sql ] [ SQL ] SHOW COLUMNS FROM `fdz_offerquota` [ RunTime:0.000469s ]
[ sql ] [ SQL ] SELECT `id` FROM `fdz_offerquota` WHERE  `item_number` = 'MG244' LIMIT 1 [ RunTime:0.000530s ]
[ sql ] [ SQL ] SELECT `id` FROM `fdz_offerquota` WHERE  `item_number` = 'MG248' LIMIT 1 [ RunTime:0.000435s ]
[ sql ] [ SQL ] SHOW COLUMNS FROM `fdz_mould` [ RunTime:0.000423s ]
[ sql ] [ SQL ] SELECT * FROM `fdz_mould` WHERE  `id` IS NULL LIMIT 1 [ RunTime:0.000152s ]
[ sql ] [ SQL ] SHOW COLUMNS FROM `fdz_offer_type` [ RunTime:0.000399s ]
[ sql ] [ SQL ] SELECT * FROM `fdz_offer_type` [ RunTime:0.000181s ]
---------------------------------------------------------------
[ 2019-07-15T11:25:15+08:00 ] 61.140.180.79 GET www.hxpw1998.com/admin/quote/index/customerid/1.html
[ sql ] [ DB ] CONNECT:[ UseTime:0.000332s ] mysql:host=localhost;dbname=baojia;charset=utf8
[ sql ] [ SQL ] SHOW COLUMNS FROM `fdz_admin` [ RunTime:0.000623s ]
[ sql ] [ SQL ] SELECT * FROM `fdz_admin` WHERE  `userid` = 1 LIMIT 1 [ RunTime:0.000323s ]
[ sql ] [ SQL ] SELECT * FROM `fdz_admin` WHERE  `userid` = 1 LIMIT 1 [ RunTime:0.000228s ]
[ sql ] [ SQL ] SHOW COLUMNS FROM `fdz_mould` [ RunTime:0.000472s ]
[ sql ] [ SQL ] SELECT * FROM `fdz_mould` WHERE  `userid` = 1 [ RunTime:0.000194s ]
---------------------------------------------------------------
[ 2019-07-15T11:25:16+08:00 ] 61.140.180.79 GET www.hxpw1998.com/admin/offerlist/edit/id/1/mouldid/3.html
[ sql ] [ DB ] CONNECT:[ UseTime:0.000327s ] mysql:host=localhost;dbname=baojia;charset=utf8
[ sql ] [ SQL ] SHOW COLUMNS FROM `fdz_admin` [ RunTime:0.000614s ]
[ sql ] [ SQL ] SELECT * FROM `fdz_admin` WHERE  `userid` = 1 LIMIT 1 [ RunTime:0.000353s ]
[ sql ] [ SQL ] SELECT * FROM `fdz_admin` WHERE  `userid` = 1 LIMIT 1 [ RunTime:0.000238s ]
[ sql ] [ SQL ] SHOW COLUMNS FROM `fdz_offerlist` [ RunTime:0.000491s ]
[ sql ] [ SQL ] SELECT `o`.*,u.customer_name as customer_name,u.quoter_name as quoter_name,u.designer_name as designer_name,u.address as address FROM `fdz_offerlist` `o` INNER JOIN `fdz_userlist` `u` ON `o`.`customerid`=`u`.`id` WHERE  `o`.`id` = '1' LIMIT 1 [ RunTime:0.000301s ]
[ sql ] [ SQL ] SHOW COLUMNS FROM `fdz_offerquota` [ RunTime:0.000417s ]
[ sql ] [ SQL ] SELECT `id` FROM `fdz_offerquota` WHERE  `item_number` = 'MG244' LIMIT 1 [ RunTime:0.000500s ]
[ sql ] [ SQL ] SELECT `id` FROM `fdz_offerquota` WHERE  `item_number` = 'MG248' LIMIT 1 [ RunTime:0.000412s ]
[ sql ] [ SQL ] SHOW COLUMNS FROM `fdz_mould` [ RunTime:0.000407s ]
[ sql ] [ SQL ] SELECT * FROM `fdz_mould` WHERE  `id` = 3 LIMIT 1 [ RunTime:0.000190s ]
[ sql ] [ SQL ] SHOW COLUMNS FROM `fdz_offer_type` [ RunTime:0.000378s ]
[ sql ] [ SQL ] SELECT `name` FROM `fdz_offer_type` WHERE  `id` = 88 LIMIT 1 [ RunTime:0.000158s ]
[ sql ] [ SQL ] SELECT `name` FROM `fdz_offer_type` WHERE  `id` = 89 LIMIT 1 [ RunTime:0.000160s ]
[ sql ] [ SQL ] SELECT * FROM `fdz_offerquota` WHERE  `id` = 2040 LIMIT 1 [ RunTime:0.000191s ]
[ sql ] [ SQL ] SELECT * FROM `fdz_offerquota` WHERE  `id` = 2045 LIMIT 1 [ RunTime:0.000186s ]
[ sql ] [ SQL ] SELECT * FROM `fdz_offerquota` WHERE  `id` = 2048 LIMIT 1 [ RunTime:0.000183s ]
[ sql ] [ SQL ] SELECT * FROM `fdz_offerquota` WHERE  `id` = 2051 LIMIT 1 [ RunTime:0.000190s ]
[ sql ] [ SQL ] SELECT * FROM `fdz_offerquota` WHERE  `id` = 2053 LIMIT 1 [ RunTime:0.000181s ]
[ sql ] [ SQL ] SELECT * FROM `fdz_offerquota` WHERE  `id` = 2057 LIMIT 1 [ RunTime:0.000181s ]
[ sql ] [ SQL ] SELECT * FROM `fdz_offerquota` WHERE  `id` = 2058 LIMIT 1 [ RunTime:0.000178s ]
[ sql ] [ SQL ] SELECT * FROM `fdz_offerquota` WHERE  `id` = 2040 LIMIT 1 [ RunTime:0.000191s ]
[ sql ] [ SQL ] SELECT * FROM `fdz_offerquota` WHERE  `id` = 2045 LIMIT 1 [ RunTime:0.000180s ]
[ sql ] [ SQL ] SELECT * FROM `fdz_offerquota` WHERE  `id` = 2048 LIMIT 1 [ RunTime:0.000176s ]
[ sql ] [ SQL ] SELECT * FROM `fdz_offerquota` WHERE  `id` = 2051 LIMIT 1 [ RunTime:0.000177s ]
[ sql ] [ SQL ] SELECT * FROM `fdz_offerquota` WHERE  `id` = 2053 LIMIT 1 [ RunTime:0.000185s ]
[ sql ] [ SQL ] SELECT * FROM `fdz_offerquota` WHERE  `id` = 2057 LIMIT 1 [ RunTime:0.000183s ]
[ sql ] [ SQL ] SELECT * FROM `fdz_offerquota` WHERE  `id` = 2058 LIMIT 1 [ RunTime:0.000183s ]
[ sql ] [ SQL ] SELECT `name` FROM `fdz_offer_type` WHERE  `id` = 90 LIMIT 1 [ RunTime:0.000150s ]
[ sql ] [ SQL ] SELECT * FROM `fdz_offerquota` WHERE  `id` = 2022 LIMIT 1 [ RunTime:0.000185s ]
[ sql ] [ SQL ] SELECT * FROM `fdz_offerquota` WHERE  `id` = 2026 LIMIT 1 [ RunTime:0.000178s ]
[ sql ] [ SQL ] SELECT * FROM `fdz_offerquota` WHERE  `id` = 2029 LIMIT 1 [ RunTime:0.000176s ]
[ sql ] [ SQL ] SELECT * FROM `fdz_offerquota` WHERE  `id` = 2031 LIMIT 1 [ RunTime:0.000174s ]
[ sql ] [ SQL ] SELECT * FROM `fdz_offerquota` WHERE  `id` = 2033 LIMIT 1 [ RunTime:0.000196s ]
[ sql ] [ SQL ] SELECT * FROM `fdz_offer_type` [ RunTime:0.000174s ]
---------------------------------------------------------------
[ 2019-07-15T17:10:55+08:00 ] 116.22.149.32 GET www.hxpw1998.com/admin/index/index.html
[ sql ] [ DB ] CONNECT:[ UseTime:0.000326s ] mysql:host=localhost;dbname=baojia;charset=utf8
[ sql ] [ SQL ] SHOW COLUMNS FROM `fdz_admin` [ RunTime:0.000618s ]
[ sql ] [ SQL ] SELECT * FROM `fdz_admin` WHERE  `userid` = 1 LIMIT 1 [ RunTime:0.000336s ]
[ sql ] [ SQL ] SELECT * FROM `fdz_admin` WHERE  `userid` = 1 LIMIT 1 [ RunTime:0.000223s ]
[ sql ] [ SQL ] SHOW COLUMNS FROM `fdz_menu` [ RunTime:0.000445s ]
[ sql ] [ SQL ] SELECT * FROM `fdz_menu` WHERE  `parentid` = 0  AND `status` = 1 ORDER BY `listorder` ASC,`id` ASC [ RunTime:0.000318s ]
[ sql ] [ SQL ] SELECT * FROM `fdz_menu` WHERE  `parentid` = 228  AND `status` = 1 ORDER BY `listorder` ASC,`id` ASC [ RunTime:0.000299s ]
[ sql ] [ SQL ] SELECT * FROM `fdz_menu` WHERE  `parentid` = 229  AND `status` = 1 ORDER BY `listorder` ASC,`id` ASC [ RunTime:0.000268s ]
[ sql ] [ SQL ] SELECT * FROM `fdz_menu` WHERE  `parentid` = 249  AND `status` = 1 ORDER BY `listorder` ASC,`id` ASC [ RunTime:0.000252s ]
[ sql ] [ SQL ] SELECT * FROM `fdz_menu` WHERE  `parentid` = 282  AND `status` = 1 ORDER BY `listorder` ASC,`id` ASC [ RunTime:0.000240s ]
[ sql ] [ SQL ] SELECT * FROM `fdz_menu` WHERE  `parentid` = 296  AND `status` = 1 ORDER BY `listorder` ASC,`id` ASC [ RunTime:0.000243s ]
[ sql ] [ SQL ] SELECT * FROM `fdz_menu` WHERE  `parentid` = 297  AND `status` = 1 ORDER BY `listorder` ASC,`id` ASC [ RunTime:0.000214s ]
[ sql ] [ SQL ] SELECT * FROM `fdz_menu` WHERE  `parentid` = 231  AND `status` = 1 ORDER BY `listorder` ASC,`id` ASC [ RunTime:0.000249s ]
[ sql ] [ SQL ] SELECT * FROM `fdz_menu` WHERE  `parentid` = 10  AND `status` = 1 ORDER BY `listorder` ASC,`id` ASC [ RunTime:0.000241s ]
[ sql ] [ SQL ] SELECT * FROM `fdz_menu` WHERE  `parentid` = 14  AND `status` = 1 ORDER BY `listorder` ASC,`id` ASC [ RunTime:0.000238s ]
[ sql ] [ SQL ] SELECT * FROM `fdz_menu` WHERE  `parentid` = 15  AND `status` = 1 ORDER BY `listorder` ASC,`id` ASC [ RunTime:0.000256s ]
[ sql ] [ SQL ] SELECT * FROM `fdz_menu` WHERE  `parentid` = 16  AND `status` = 1 ORDER BY `listorder` ASC,`id` ASC [ RunTime:0.000242s ]
[ sql ] [ SQL ] SELECT * FROM `fdz_menu` WHERE  `parentid` = 17  AND `status` = 1 ORDER BY `listorder` ASC,`id` ASC [ RunTime:0.000248s ]
[ sql ] [ SQL ] SELECT * FROM `fdz_menu` WHERE  `parentid` = 235  AND `status` = 1 ORDER BY `listorder` ASC,`id` ASC [ RunTime:0.000219s ]
[ sql ] [ SQL ] SELECT * FROM `fdz_menu` WHERE  `parentid` = 262  AND `status` = 1 ORDER BY `listorder` ASC,`id` ASC [ RunTime:0.000253s ]
[ sql ] [ SQL ] SELECT * FROM `fdz_menu` WHERE  `parentid` = 263  AND `status` = 1 ORDER BY `listorder` ASC,`id` ASC [ RunTime:0.000252s ]
[ sql ] [ SQL ] SELECT * FROM `fdz_menu` WHERE  `parentid` = 264  AND `status` = 1 ORDER BY `listorder` ASC,`id` ASC [ RunTime:0.000221s ]
[ sql ] [ SQL ] SELECT * FROM `fdz_menu` WHERE  `parentid` = 269  AND `status` = 1 ORDER BY `listorder` ASC,`id` ASC [ RunTime:0.000228s ]
[ sql ] [ SQL ] SELECT * FROM `fdz_menu` WHERE  `parentid` = 280  AND `status` = 1 ORDER BY `listorder` ASC,`id` ASC [ RunTime:0.000235s ]
[ sql ] [ SQL ] SELECT * FROM `fdz_menu` WHERE  `parentid` = 298  AND `status` = 1 ORDER BY `listorder` ASC,`id` ASC [ RunTime:0.000233s ]
[ sql ] [ SQL ] SELECT * FROM `fdz_menu` WHERE  `parentid` = 267  AND `status` = 1 ORDER BY `listorder` ASC,`id` ASC [ RunTime:0.000272s ]
[ sql ] [ SQL ] SELECT * FROM `fdz_menu` WHERE  `parentid` = 268  AND `status` = 1 ORDER BY `listorder` ASC,`id` ASC [ RunTime:0.000228s ]
[ sql ] [ SQL ] SELECT * FROM `fdz_menu` WHERE  `parentid` = 270  AND `status` = 1 ORDER BY `listorder` ASC,`id` ASC [ RunTime:0.000227s ]
[ sql ] [ SQL ] SELECT * FROM `fdz_menu` WHERE  `parentid` = 271  AND `status` = 1 ORDER BY `listorder` ASC,`id` ASC [ RunTime:0.000231s ]
[ sql ] [ SQL ] SELECT * FROM `fdz_menu` WHERE  `parentid` = 272  AND `status` = 1 ORDER BY `listorder` ASC,`id` ASC [ RunTime:0.000233s ]
---------------------------------------------------------------
[ 2019-07-15T17:10:56+08:00 ] 116.22.149.32 GET www.hxpw1998.com/admin/main/index.html
[ sql ] [ DB ] CONNECT:[ UseTime:0.000311s ] mysql:host=localhost;dbname=baojia;charset=utf8
[ sql ] [ SQL ] SHOW COLUMNS FROM `fdz_admin` [ RunTime:0.000649s ]
[ sql ] [ SQL ] SELECT * FROM `fdz_admin` WHERE  `userid` = 1 LIMIT 1 [ RunTime:0.000322s ]
[ sql ] [ SQL ] SELECT * FROM `fdz_admin` WHERE  `userid` = 1 LIMIT 1 [ RunTime:0.000256s ]
[ sql ] [ SQL ] SELECT * FROM `fdz_admin` WHERE  `userid` = 1 LIMIT 1 [ RunTime:0.000220s ]
[ sql ] [ SQL ] SHOW COLUMNS FROM `fdz_frame` [ RunTime:0.000470s ]
[ sql ] [ SQL ] SELECT * FROM `fdz_frame` WHERE  `id` = 1 LIMIT 1 [ RunTime:0.000182s ]
[ sql ] [ SQL ] SHOW COLUMNS FROM `fdz_auth_group` [ RunTime:0.000411s ]
[ sql ] [ SQL ] SELECT `title`,`description` FROM `fdz_auth_group` WHERE  `id` = 1 LIMIT 1 [ RunTime:0.000209s ]
[ sql ] [ SQL ] SHOW COLUMNS FROM `fdz_shop` [ RunTime:0.000390s ]
[ sql ] [ SQL ] SELECT `name`,`money`,`phone` FROM `fdz_shop` LIMIT 1 [ RunTime:0.000167s ]
[ sql ] [ SQL ] SHOW COLUMNS FROM `fdz_notice_list` [ RunTime:0.000376s ]
[ sql ] [ SQL ] SELECT * FROM `fdz_notice_list` ORDER BY `time` DESC LIMIT 1 [ RunTime:0.000188s ]
[ sql ] [ SQL ] SHOW COLUMNS FROM `fdz_userinfo` [ RunTime:0.000459s ]
[ sql ] [ SQL ] SELECT * FROM `fdz_userinfo` [ RunTime:0.000192s ]
[ sql ] [ SQL ] SHOW COLUMNS FROM `fdz_driver` [ RunTime:0.000476s ]
[ sql ] [ SQL ] SELECT * FROM `fdz_driver` [ RunTime:0.000227s ]
[ sql ] [ SQL ] SELECT VERSION() as version [ RunTime:0.000248s ]
[ sql ] [ SQL ] SELECT * FROM `fdz_driver` [ RunTime:0.000287s ]
