---------------------------------------------------------------
[ 2019-07-21T04:58:55+08:00 ] 8.208.12.66 GET www.hxpw1998.com/
[运行时间：0.019223s] [吞吐率：52.02req/s] [内存消耗：2,136.80kb] [文件加载：72]
[ info ] [ LANG ] /www/wwwroot/www.hxpw1998.com/thinkphp/lang/zh-cn.php
[ info ] [ ROUTE ] array (
)
[ info ] [ HEADER ] array (
  'accept-encoding' => 'gzip',
  'host' => 'www.hxpw1998.com',
  'connection' => 'close',
)
[ info ] [ PARAM ] array (
)
---------------------------------------------------------------
[ 2019-07-21T04:58:58+08:00 ] 8.208.12.66 GET www.hxpw1998.com/admin/login/index.html
[运行时间：0.018021s] [吞吐率：55.49req/s] [内存消耗：2,121.65kb] [文件加载：68]
[ info ] [ LANG ] /www/wwwroot/www.hxpw1998.com/thinkphp/lang/zh-cn.php
[ info ] [ ROUTE ] array (
)
[ info ] [ HEADER ] array (
  'accept-encoding' => 'gzip',
  'host' => 'www.hxpw1998.com',
  'cookie' => 'PHPSESSID=ldtb860c81is87lqbcveq4va34',
  'connection' => 'close',
)
[ info ] [ PARAM ] array (
)
[ info ] [ VIEW ] /www/wwwroot/www.hxpw1998.com/application/admin/view/login/index.html [ array (
) ]
---------------------------------------------------------------
[ 2019-07-21T07:56:49+08:00 ] 47.101.200.112 GET www.hxpw1998.com/
[运行时间：0.017474s] [吞吐率：57.23req/s] [内存消耗：2,137.09kb] [文件加载：72]
[ info ] [ LANG ] /www/wwwroot/www.hxpw1998.com/thinkphp/lang/zh-cn.php
[ info ] [ ROUTE ] array (
)
[ info ] [ HEADER ] array (
  'accept-encoding' => 'gzip',
  'connection' => 'Keep-Alive',
  'host' => 'www.hxpw1998.com',
  'user-agent' => 'Mozilla/5.0 (X11; Ubuntu; Linux x86_64; rv:36.0) Gecko/20100101 Firefox/36.0',
)
[ info ] [ PARAM ] array (
)
---------------------------------------------------------------
[ 2019-07-21T07:56:49+08:00 ] 47.101.200.112 GET www.hxpw1998.com/admin/login/index.html
[运行时间：0.018032s] [吞吐率：55.46req/s] [内存消耗：2,121.94kb] [文件加载：68]
[ info ] [ LANG ] /www/wwwroot/www.hxpw1998.com/thinkphp/lang/zh-cn.php
[ info ] [ ROUTE ] array (
)
[ info ] [ HEADER ] array (
  'accept-encoding' => 'gzip',
  'connection' => 'Keep-Alive',
  'host' => 'www.hxpw1998.com',
  'user-agent' => 'Mozilla/5.0 (X11; Ubuntu; Linux x86_64; rv:36.0) Gecko/20100101 Firefox/36.0',
)
[ info ] [ PARAM ] array (
)
[ info ] [ VIEW ] /www/wwwroot/www.hxpw1998.com/application/admin/view/login/index.html [ array (
) ]
---------------------------------------------------------------
[ 2019-07-21T09:10:27+08:00 ] 47.100.51.203 GET www.hxpw1998.com/admin/menu/index/menuid/14.html
[运行时间：0.018192s] [吞吐率：54.97req/s] [内存消耗：2,137.34kb] [文件加载：72]
[ info ] [ LANG ] /www/wwwroot/www.hxpw1998.com/thinkphp/lang/zh-cn.php
[ info ] [ ROUTE ] array (
)
[ info ] [ HEADER ] array (
  'accept-encoding' => 'gzip',
  'connection' => 'Keep-Alive',
  'host' => 'www.hxpw1998.com',
  'user-agent' => 'Mozilla/5.0 (X11; Ubuntu; Linux x86_64; rv:36.0) Gecko/20100101 Firefox/36.0',
)
[ info ] [ PARAM ] array (
  'menuid' => '14',
)
---------------------------------------------------------------
[ 2019-07-21T09:10:27+08:00 ] 47.100.51.203 GET www.hxpw1998.com/admin/login/index.html
[运行时间：0.017916s] [吞吐率：55.82req/s] [内存消耗：2,121.94kb] [文件加载：68]
[ info ] [ LANG ] /www/wwwroot/www.hxpw1998.com/thinkphp/lang/zh-cn.php
[ info ] [ ROUTE ] array (
)
[ info ] [ HEADER ] array (
  'accept-encoding' => 'gzip',
  'connection' => 'Keep-Alive',
  'host' => 'www.hxpw1998.com',
  'user-agent' => 'Mozilla/5.0 (X11; Ubuntu; Linux x86_64; rv:36.0) Gecko/20100101 Firefox/36.0',
)
[ info ] [ PARAM ] array (
)
[ info ] [ VIEW ] /www/wwwroot/www.hxpw1998.com/application/admin/view/login/index.html [ array (
) ]
---------------------------------------------------------------
[ 2019-07-21T09:15:06+08:00 ] 101.132.97.53 GET www.hxpw1998.com/admin/quote/index/menuid/296.html
[运行时间：0.018410s] [吞吐率：54.32req/s] [内存消耗：2,184.70kb] [文件加载：72]
[ info ] [ LANG ] /www/wwwroot/www.hxpw1998.com/thinkphp/lang/zh-cn.php
[ info ] [ ROUTE ] array (
)
[ info ] [ HEADER ] array (
  'accept-encoding' => 'gzip',
  'connection' => 'Keep-Alive',
  'host' => 'www.hxpw1998.com',
  'user-agent' => 'Mozilla/5.0 (X11; Ubuntu; Linux x86_64; rv:36.0) Gecko/20100101 Firefox/36.0',
)
[ info ] [ PARAM ] array (
  'menuid' => '296',
)
---------------------------------------------------------------
[ 2019-07-21T09:15:06+08:00 ] 101.132.97.53 GET www.hxpw1998.com/admin/login/index.html
[运行时间：0.017613s] [吞吐率：56.78req/s] [内存消耗：2,121.94kb] [文件加载：68]
[ info ] [ LANG ] /www/wwwroot/www.hxpw1998.com/thinkphp/lang/zh-cn.php
[ info ] [ ROUTE ] array (
)
[ info ] [ HEADER ] array (
  'accept-encoding' => 'gzip',
  'connection' => 'Keep-Alive',
  'host' => 'www.hxpw1998.com',
  'user-agent' => 'Mozilla/5.0 (X11; Ubuntu; Linux x86_64; rv:36.0) Gecko/20100101 Firefox/36.0',
)
[ info ] [ PARAM ] array (
)
[ info ] [ VIEW ] /www/wwwroot/www.hxpw1998.com/application/admin/view/login/index.html [ array (
) ]
---------------------------------------------------------------
[ 2019-07-21T09:26:16+08:00 ] 101.132.69.5 GET www.hxpw1998.com/admin/quote/index/customerid/6.html
[运行时间：0.026755s] [吞吐率：37.38req/s] [内存消耗：2,184.71kb] [文件加载：72]
[ info ] [ LANG ] /www/wwwroot/www.hxpw1998.com/thinkphp/lang/zh-cn.php
[ info ] [ ROUTE ] array (
)
[ info ] [ HEADER ] array (
  'accept-encoding' => 'gzip',
  'connection' => 'Keep-Alive',
  'host' => 'www.hxpw1998.com',
  'user-agent' => 'Mozilla/5.0 (X11; Ubuntu; Linux x86_64; rv:36.0) Gecko/20100101 Firefox/36.0',
)
[ info ] [ PARAM ] array (
  'customerid' => '6',
)
---------------------------------------------------------------
[ 2019-07-21T09:26:16+08:00 ] 101.132.69.5 GET www.hxpw1998.com/admin/offerlist/userlist.html
[运行时间：0.026442s] [吞吐率：37.82req/s] [内存消耗：2,292.38kb] [文件加载：72]
[ info ] [ LANG ] /www/wwwroot/www.hxpw1998.com/thinkphp/lang/zh-cn.php
[ info ] [ ROUTE ] array (
)
[ info ] [ HEADER ] array (
  'accept-encoding' => 'gzip',
  'connection' => 'Keep-Alive',
  'host' => 'www.hxpw1998.com',
  'user-agent' => 'Mozilla/5.0 (X11; Ubuntu; Linux x86_64; rv:36.0) Gecko/20100101 Firefox/36.0',
)
[ info ] [ PARAM ] array (
)
---------------------------------------------------------------
[ 2019-07-21T09:26:16+08:00 ] 101.132.69.5 GET www.hxpw1998.com/admin/login/index.html
[运行时间：0.022374s] [吞吐率：44.69req/s] [内存消耗：2,121.94kb] [文件加载：68]
[ info ] [ LANG ] /www/wwwroot/www.hxpw1998.com/thinkphp/lang/zh-cn.php
[ info ] [ ROUTE ] array (
)
[ info ] [ HEADER ] array (
  'accept-encoding' => 'gzip',
  'connection' => 'Keep-Alive',
  'host' => 'www.hxpw1998.com',
  'user-agent' => 'Mozilla/5.0 (X11; Ubuntu; Linux x86_64; rv:36.0) Gecko/20100101 Firefox/36.0',
)
[ info ] [ PARAM ] array (
)
[ info ] [ VIEW ] /www/wwwroot/www.hxpw1998.com/application/admin/view/login/index.html [ array (
) ]
---------------------------------------------------------------
[ 2019-07-21T09:26:16+08:00 ] 101.132.69.5 GET www.hxpw1998.com/admin/login/index.html
[运行时间：0.021400s] [吞吐率：46.73req/s] [内存消耗：2,121.94kb] [文件加载：68]
[ info ] [ LANG ] /www/wwwroot/www.hxpw1998.com/thinkphp/lang/zh-cn.php
[ info ] [ ROUTE ] array (
)
[ info ] [ HEADER ] array (
  'accept-encoding' => 'gzip',
  'connection' => 'Keep-Alive',
  'host' => 'www.hxpw1998.com',
  'user-agent' => 'Mozilla/5.0 (X11; Ubuntu; Linux x86_64; rv:36.0) Gecko/20100101 Firefox/36.0',
)
[ info ] [ PARAM ] array (
)
[ info ] [ VIEW ] /www/wwwroot/www.hxpw1998.com/application/admin/view/login/index.html [ array (
) ]
---------------------------------------------------------------
[ 2019-07-21T09:38:10+08:00 ] 101.132.188.111 GET www.hxpw1998.com/admin/bcontrast/singlelist/id/5.html
[运行时间：0.018195s] [吞吐率：54.96req/s] [内存消耗：2,155.96kb] [文件加载：72]
[ info ] [ LANG ] /www/wwwroot/www.hxpw1998.com/thinkphp/lang/zh-cn.php
[ info ] [ ROUTE ] array (
)
[ info ] [ HEADER ] array (
  'accept-encoding' => 'gzip',
  'connection' => 'Keep-Alive',
  'host' => 'www.hxpw1998.com',
  'user-agent' => 'Mozilla/5.0 (X11; Ubuntu; Linux x86_64; rv:36.0) Gecko/20100101 Firefox/36.0',
)
[ info ] [ PARAM ] array (
  'id' => '5',
)
---------------------------------------------------------------
[ 2019-07-21T09:38:10+08:00 ] 101.132.188.111 GET www.hxpw1998.com/admin/login/index.html
[运行时间：0.018118s] [吞吐率：55.19req/s] [内存消耗：2,121.94kb] [文件加载：68]
[ info ] [ LANG ] /www/wwwroot/www.hxpw1998.com/thinkphp/lang/zh-cn.php
[ info ] [ ROUTE ] array (
)
[ info ] [ HEADER ] array (
  'accept-encoding' => 'gzip',
  'connection' => 'Keep-Alive',
  'host' => 'www.hxpw1998.com',
  'user-agent' => 'Mozilla/5.0 (X11; Ubuntu; Linux x86_64; rv:36.0) Gecko/20100101 Firefox/36.0',
)
[ info ] [ PARAM ] array (
)
[ info ] [ VIEW ] /www/wwwroot/www.hxpw1998.com/application/admin/view/login/index.html [ array (
) ]
---------------------------------------------------------------
[ 2019-07-21T09:46:51+08:00 ] 47.92.74.243 GET www.hxpw1998.com/admin/main/index.html
[运行时间：0.018278s] [吞吐率：54.71req/s] [内存消耗：2,142.98kb] [文件加载：72]
[ info ] [ LANG ] /www/wwwroot/www.hxpw1998.com/thinkphp/lang/zh-cn.php
[ info ] [ ROUTE ] array (
)
[ info ] [ HEADER ] array (
  'accept-encoding' => 'gzip',
  'connection' => 'Keep-Alive',
  'host' => 'www.hxpw1998.com',
  'user-agent' => 'Mozilla/5.0 (X11; Ubuntu; Linux x86_64; rv:36.0) Gecko/20100101 Firefox/36.0',
)
[ info ] [ PARAM ] array (
)
---------------------------------------------------------------
[ 2019-07-21T09:46:51+08:00 ] 47.92.74.243 GET www.hxpw1998.com/admin/login/index.html
[运行时间：0.017146s] [吞吐率：58.32req/s] [内存消耗：2,121.94kb] [文件加载：68]
[ info ] [ LANG ] /www/wwwroot/www.hxpw1998.com/thinkphp/lang/zh-cn.php
[ info ] [ ROUTE ] array (
)
[ info ] [ HEADER ] array (
  'accept-encoding' => 'gzip',
  'connection' => 'Keep-Alive',
  'host' => 'www.hxpw1998.com',
  'user-agent' => 'Mozilla/5.0 (X11; Ubuntu; Linux x86_64; rv:36.0) Gecko/20100101 Firefox/36.0',
)
[ info ] [ PARAM ] array (
)
[ info ] [ VIEW ] /www/wwwroot/www.hxpw1998.com/application/admin/view/login/index.html [ array (
) ]
---------------------------------------------------------------
[ 2019-07-21T19:50:26+08:00 ] 117.87.65.255 GET www.hxpw1998.com/
[运行时间：0.018123s] [吞吐率：55.18req/s] [内存消耗：2,137.96kb] [文件加载：72]
[ info ] [ LANG ] /www/wwwroot/www.hxpw1998.com/thinkphp/lang/zh-cn.php
[ info ] [ ROUTE ] array (
)
[ info ] [ HEADER ] array (
  'connection' => 'keep-alive',
  'cache-control' => 'max-age=259200',
  'host' => 'www.hxpw1998.com',
  'accept-encoding' => 'gzip,deflate',
  'user-agent' => 'Mozilla/5.0 (Windows NT 10.0; WOW64) AppleWebKit/537.36 (KHTML like Gecko) Chrome/52.0.2743.117 Safari/537.36 Vivaldi/1.3.551.30',
  'accept' => 'text/html,application/xhtml+xml,application/xml;q=0.9,*/*;q=0.8',
  'upgrade-insecure-requests' => '1',
)
[ info ] [ PARAM ] array (
)
---------------------------------------------------------------
[ 2019-07-21T19:50:26+08:00 ] 117.87.65.255 GET www.hxpw1998.com/admin/login/index.html
[运行时间：0.017842s] [吞吐率：56.05req/s] [内存消耗：2,122.84kb] [文件加载：68]
[ info ] [ LANG ] /www/wwwroot/www.hxpw1998.com/thinkphp/lang/zh-cn.php
[ info ] [ ROUTE ] array (
)
[ info ] [ HEADER ] array (
  'connection' => 'keep-alive',
  'cache-control' => 'max-age=259200',
  'host' => 'www.hxpw1998.com',
  'accept-encoding' => 'gzip,deflate',
  'cookie' => 'PHPSESSID=rqh34imv3etu5o13psnd7700b3',
  'user-agent' => 'Mozilla/5.0 (Windows NT 10.0; WOW64) AppleWebKit/537.36 (KHTML like Gecko) Chrome/52.0.2743.117 Safari/537.36 Vivaldi/1.3.551.30',
  'accept' => 'text/html,application/xhtml+xml,application/xml;q=0.9,*/*;q=0.8',
  'upgrade-insecure-requests' => '1',
)
[ info ] [ PARAM ] array (
)
[ info ] [ VIEW ] /www/wwwroot/www.hxpw1998.com/application/admin/view/login/index.html [ array (
) ]
